ITEM: Andrzej Radzimiński
Item: 'Andrzej Radzimiński' already exists: Q7932, update mode enabled.
SKIP: element: Q7932 (Andrzej Radzimiński) posiada już dla języka: "en" opis: (1958-)
SKIP: element: Q7932 (Andrzej Radzimiński) posiada już dla języka: "pl" opis: (1958-)
SKIP: element Q7932 (Andrzej Radzimiński) posiada deklarację: P47 o wartości: human
ITEM: Liliana Lewandowska
DODANO deklarację: 'instance of' (P47) o wartości: Q32
added: Q79450 (Liliana Lewandowska)
ITEM: Bogdan Wachowiak
DODANO deklarację: 'instance of' (P47) o wartości: Q32
added: Q79451 (Bogdan Wachowiak)
ITEM: Andrzej Kamieński
Item: 'Andrzej Kamieński' already exists: Q6349, update mode enabled.
SKIP: element: Q6349 (Andrzej Kamieński) posiada już dla języka: "en" opis: (1962-)
SKIP: element: Q6349 (Andrzej Kamieński) posiada już dla języka: "pl" opis: (1962-)
SKIP: element Q6349 (Andrzej Kamieński) posiada deklarację: P47 o wartości: human
ITEM: Wojciech Maria Bartel
DODANO deklarację: 'instance of' (P47) o wartości: Q32
added: Q79452 (Wojciech Maria Bartel)
ITEM: Juliusz Bardach
Item: 'Juliusz Bardach' already exists: Q5101, update mode enabled.
SKIP: element: Q5101 (Juliusz Bardach) posiada już dla języka: "en" opis: (1914-2010)
SKIP: element: Q5101 (Juliusz Bardach) posiada już dla języka: "pl" opis: (1914-2010)
SKIP: element Q5101 (Juliusz Bardach) posiada deklarację: P47 o wartości: human
ITEM: Monika Hamanowa
DODANO deklarację: 'instance of' (P47) o wartości: Q32
added: Q79453 (Monika Hamanowa)
ITEM: Eugeniusz Barwiński
Item: 'Eugeniusz Barwiński' already exists: Q5117, update mode enabled.
SKIP: element: Q5117 (Eugeniusz Barwiński) posiada już dla języka: "en" opis: (1874-1947)
SKIP: element: Q5117 (Eugeniusz Barwiński) posiada już dla języka: "pl" opis: (1874-1947)
SKIP: element Q5117 (Eugeniusz Barwiński) posiada deklarację: P47 o wartości: human
ITEM: Dorota Malec
DODANO deklarację: 'instance of' (P47) o wartości: Q32
added: Q79454 (Dorota Malec)
ITEM: Jerzy Malec
Item: 'Jerzy Malec' already exists: Q7097, update mode enabled.
SKIP: element: Q7097 (Jerzy Malec) posiada już dla języka: "en" opis: (1950-)
SKIP: element: Q7097 (Jerzy Malec) posiada już dla języka: "pl" opis: (1950-)
SKIP: element Q7097 (Jerzy Malec) posiada deklarację: P47 o wartości: human
ITEM: Kurt G. A. Jeserich
DODANO deklarację: 'instance of' (P47) o wartości: Q32
added: Q79455 (Kurt G. A. Jeserich)
ITEM: Hans Pohl
DODANO deklarację: 'instance of' (P47) o wartości: Q32
added: Q79456 (Hans Pohl)
ITEM: Georg-Christoph von Unruh
DODANO deklarację: 'instance of' (P47) o wartości: Q32
added: Q79457 (Georg-Christoph von Unruh)
ITEM: Jacek Dziobek-Romański
DODANO deklarację: 'instance of' (P47) o wartości: Q32
added: Q79458 (Jacek Dziobek-Romański)
ITEM: Piotr Eberhardt
DODANO deklarację: 'instance of' (P47) o wartości: Q32
added: Q79459 (Piotr Eberhardt)
ITEM: Wacław Felczak
DODANO deklarację: 'instance of' (P47) o wartości: Q32
added: Q79460 (Wacław Felczak)
ITEM: Justyn Feliks Gajsler
Item: 'Justyn Feliks Gajsler' already exists: Q56076, update mode enabled.
SKIP: element: Q56076 (Justyn Feliks Gajsler) posiada już dla języka: "en" opis: (1848-1910)
SKIP: element: Q56076 (Justyn Feliks Gajsler) posiada już dla języka: "pl" opis: (1848-1910)
SKIP: element Q56076 (Justyn Feliks Gajsler) posiada deklarację: P47 o wartości: human
ITEM: Michał Gałędek
DODANO deklarację: 'instance of' (P47) o wartości: Q32
added: Q79461 (Michał Gałędek)
ITEM: Artur Górak
DODANO deklarację: 'instance of' (P47) o wartości: Q32
added: Q79462 (Artur Górak)
ITEM: Krzysztof Latawiec
DODANO deklarację: 'instance of' (P47) o wartości: Q32
added: Q79463 (Krzysztof Latawiec)
ITEM: Stanisław Grodziski
Item: 'Stanisław Grodziski' already exists: Q5982, update mode enabled.
SKIP: element: Q5982 (Stanisław Grodziski) posiada już dla języka: "en" opis: (1929-2020)
SKIP: element: Q5982 (Stanisław Grodziski) posiada już dla języka: "pl" opis: (1929-2020)
SKIP: element Q5982 (Stanisław Grodziski) posiada deklarację: P47 o wartości: human
ITEM: Konstanty Grzybowski
DODANO deklarację: 'instance of' (P47) o wartości: Q32
added: Q79464 (Konstanty Grzybowski)
ITEM: Gerd Heinrich
DODANO deklarację: 'instance of' (P47) o wartości: Q32
added: Q79465 (Gerd Heinrich)
ITEM: Friedrich-Wilhelm Henning
DODANO deklarację: 'instance of' (P47) o wartości: Q32
added: Q79466 (Friedrich-Wilhelm Henning)
ITEM: Christian Engeli
DODANO deklarację: 'instance of' (P47) o wartości: Q32
added: Q79467 (Christian Engeli)
ITEM: Felix Escher
DODANO deklarację: 'instance of' (P47) o wartości: Q32
added: Q79468 (Felix Escher)
ITEM: Konrad Fuchs
DODANO deklarację: 'instance of' (P47) o wartości: Q32
added: Q79469 (Konrad Fuchs)
ITEM: Klaus von der Groeben
DODANO deklarację: 'instance of' (P47) o wartości: Q32
added: Q79470 (Klaus von der Groeben)
ITEM: Peter-Michael Hahn
DODANO deklarację: 'instance of' (P47) o wartości: Q32
added: Q79471 (Peter-Michael Hahn)
ITEM: Helmut Neubach
DODANO deklarację: 'instance of' (P47) o wartości: Q32
added: Q79472 (Helmut Neubach)
ITEM: Andreas Splanemann
DODANO deklarację: 'instance of' (P47) o wartości: Q32
added: Q79473 (Andreas Splanemann)
ITEM: Werner Vogel
DODANO deklarację: 'instance of' (P47) o wartości: Q32
added: Q79474 (Werner Vogel)
ITEM: Zdzisław Kaczmarczyk
Item: 'Zdzisław Kaczmarczyk' already exists: Q6316, update mode enabled.
SKIP: element: Q6316 (Zdzisław Kaczmarczyk) posiada już dla języka: "en" opis: (1911-1980)
SKIP: element: Q6316 (Zdzisław Kaczmarczyk) posiada już dla języka: "pl" opis: (1911-1980)
SKIP: element Q6316 (Zdzisław Kaczmarczyk) posiada deklarację: P47 o wartości: human
ITEM: Bogusław Leśnodorski
Item: 'Bogusław Leśnodorski' already exists: Q6921, update mode enabled.
SKIP: element: Q6921 (Bogusław Leśnodorski) posiada już dla języka: "en" opis: (1914-1985)
SKIP: element: Q6921 (Bogusław Leśnodorski) posiada już dla języka: "pl" opis: (1914-1985)
SKIP: element Q6921 (Bogusław Leśnodorski) posiada deklarację: P47 o wartości: human
ITEM: Gerard Labuda
Item: 'Gerard Labuda' already exists: Q6864, update mode enabled.
SKIP: element: Q6864 (Gerard Labuda) posiada już dla języka: "en" opis: (1916-2010)
SKIP: element: Q6864 (Gerard Labuda) posiada już dla języka: "pl" opis: (1916-2010)
SKIP: element Q6864 (Gerard Labuda) posiada deklarację: P47 o wartości: human
ITEM: Ernest Rudolf Huber
DODANO deklarację: 'instance of' (P47) o wartości: Q32
added: Q79475 (Ernest Rudolf Huber)
ITEM: Michał Pietrzak
DODANO deklarację: 'instance of' (P47) o wartości: Q32
added: Q79476 (Michał Pietrzak)
ITEM: Jan Wąsicki
Item: 'Jan Wąsicki' already exists: Q8896, update mode enabled.
SKIP: element: Q8896 (Jan Wąsicki) posiada już dla języka: "en" opis: (1921-1995)
SKIP: element: Q8896 (Jan Wąsicki) posiada już dla języka: "pl" opis: (1921-1995)
SKIP: element Q8896 (Jan Wąsicki) posiada deklarację: P47 o wartości: human
ITEM: Kazimierz Orzechowski
DODANO deklarację: 'instance of' (P47) o wartości: Q32
added: Q79477 (Kazimierz Orzechowski)
ITEM: Marian Kallas
Item: 'Marian Kallas' already exists: Q6343, update mode enabled.
SKIP: element: Q6343 (Marian Kallas) posiada już dla języka: "en" opis: (1938-2020)
SKIP: element: Q6343 (Marian Kallas) posiada już dla języka: "pl" opis: (1938-2020)
SKIP: element Q6343 (Marian Kallas) posiada deklarację: P47 o wartości: human
ITEM: Izabela Lewandowska-Malec
Item: 'Izabela Lewandowska-Malec' already exists: Q6925, update mode enabled.
SKIP: element Q6925 (Izabela Lewandowska-Malec) posiada deklarację: P47 o wartości: human
ITEM: Max Bär
DODANO deklarację: 'instance of' (P47) o wartości: Q32
added: Q79478 (Max Bär)
ITEM: Marian Biskup
Item: 'Marian Biskup' already exists: Q5219, update mode enabled.
SKIP: element: Q5219 (Marian Biskup) posiada już dla języka: "en" opis: (1922-2012)
SKIP: element: Q5219 (Marian Biskup) posiada już dla języka: "pl" opis: (1922-2012)
SKIP: element Q5219 (Marian Biskup) posiada deklarację: P47 o wartości: human
ITEM: Roman Czaja
DODANO deklarację: 'instance of' (P47) o wartości: Q32
added: Q79479 (Roman Czaja)
ITEM: Maksymilian Grzegorz
DODANO deklarację: 'instance of' (P47) o wartości: Q32
added: Q79480 (Maksymilian Grzegorz)
ITEM: Rudolf A. Mark
DODANO deklarację: 'instance of' (P47) o wartości: Q32
added: Q79481 (Rudolf A. Mark)
ITEM: Tadeusz Mencel
Item: 'Tadeusz Mencel' already exists: Q7235, update mode enabled.
SKIP: element: Q7235 (Tadeusz Mencel) posiada już dla języka: "en" opis: (1912-1987)
SKIP: element: Q7235 (Tadeusz Mencel) posiada już dla języka: "pl" opis: (1912-1987)
SKIP: element Q7235 (Tadeusz Mencel) posiada deklarację: P47 o wartości: human
ITEM: Adam Janusz Mielcarek
DODANO deklarację: 'instance of' (P47) o wartości: Q32
added: Q79482 (Adam Janusz Mielcarek)
ITEM: Zygmunt Szultka
Item: 'Zygmunt Szultka' already exists: Q8573, update mode enabled.
SKIP: element: Q8573 (Zygmunt Szultka) posiada już dla języka: "en" opis: (1944-)
SKIP: element: Q8573 (Zygmunt Szultka) posiada już dla języka: "pl" opis: (1944-)
SKIP: element Q8573 (Zygmunt Szultka) posiada deklarację: P47 o wartości: human
ITEM: Werner Frotscher
DODANO deklarację: 'instance of' (P47) o wartości: Q32
added: Q79483 (Werner Frotscher)
ITEM: Marian Mrva
DODANO deklarację: 'instance of' (P47) o wartości: Q32
added: Q79484 (Marian Mrva)
ITEM: Katarína Kozáková
DODANO deklarację: 'instance of' (P47) o wartości: Q32
added: Q79485 (Katarína Kozáková)
ITEM: Marek Skawiński
DODANO deklarację: 'instance of' (P47) o wartości: Q32
added: Q79486 (Marek Skawiński)
ITEM: Helena Dáňová
DODANO deklarację: 'instance of' (P47) o wartości: Q32
added: Q79487 (Helena Dáňová)
ITEM: Jan Klípa
DODANO deklarację: 'instance of' (P47) o wartości: Q32
added: Q79488 (Jan Klípa)
ITEM: Lenka Stolárová
DODANO deklarację: 'instance of' (P47) o wartości: Q32
added: Q79489 (Lenka Stolárová)
ITEM: Robert Antonín
DODANO deklarację: 'instance of' (P47) o wartości: Q32
added: Q79490 (Robert Antonín)
ITEM: Zdeňek Jirásek
DODANO deklarację: 'instance of' (P47) o wartości: Q32
added: Q79491 (Zdeňek Jirásek)
ITEM: Radek Fukala
DODANO deklarację: 'instance of' (P47) o wartości: Q32
added: Q79492 (Radek Fukala)
ITEM: Anna Tarnowska
DODANO deklarację: 'instance of' (P47) o wartości: Q32
added: Q79493 (Anna Tarnowska)
ITEM: Lenka Bobková
DODANO deklarację: 'instance of' (P47) o wartości: Q32
added: Q79494 (Lenka Bobková)
ITEM: Jana Fantysová-Matějková
DODANO deklarację: 'instance of' (P47) o wartości: Q32
added: Q79495 (Jana Fantysová-Matějková)
ITEM: Petr Hrachovec
DODANO deklarację: 'instance of' (P47) o wartości: Q32
added: Q79496 (Petr Hrachovec)
ITEM: Jan Zdichynec
DODANO deklarację: 'instance of' (P47) o wartości: Q32
added: Q79497 (Jan Zdichynec)
ITEM: Przemysław Wiszewski
DODANO deklarację: 'instance of' (P47) o wartości: Q32
added: Q79498 (Przemysław Wiszewski)
ITEM: Katarzyna Hussar
DODANO deklarację: 'instance of' (P47) o wartości: Q32
added: Q79499 (Katarzyna Hussar)
ITEM: Tadeusz Mikołaj Trajdos
DODANO deklarację: 'instance of' (P47) o wartości: Q32
added: Q79500 (Tadeusz Mikołaj Trajdos)
ITEM: Wojciech Trzebiński
Item: 'Wojciech Trzebiński' already exists: Q8753, update mode enabled.
SKIP: element: Q8753 (Wojciech Trzebiński) posiada już dla języka: "en" opis: (1916-1993)
SKIP: element: Q8753 (Wojciech Trzebiński) posiada już dla języka: "pl" opis: (1916-1993)
SKIP: element Q8753 (Wojciech Trzebiński) posiada deklarację: P47 o wartości: human
ITEM: Adam Borkiewicz
DODANO deklarację: 'instance of' (P47) o wartości: Q32
added: Q79501 (Adam Borkiewicz)
ITEM: Urszula Augustyniak
Item: 'Urszula Augustyniak' already exists: Q5050, update mode enabled.
SKIP: element: Q5050 (Urszula Augustyniak) posiada już dla języka: "en" opis: (1950-)
SKIP: element: Q5050 (Urszula Augustyniak) posiada już dla języka: "pl" opis: (1950-)
SKIP: element Q5050 (Urszula Augustyniak) posiada deklarację: P47 o wartości: human
ITEM: Wacław Uruszczak
DODANO deklarację: 'instance of' (P47) o wartości: Q32
added: Q79502 (Wacław Uruszczak)
ITEM: Adam Vetulani
Item: 'Adam Vetulani' already exists: Q8823, update mode enabled.
SKIP: element: Q8823 (Adam Vetulani) posiada już dla języka: "en" opis: (1901-1976)
SKIP: element: Q8823 (Adam Vetulani) posiada już dla języka: "pl" opis: (1901-1976)
SKIP: element Q8823 (Adam Vetulani) posiada deklarację: P47 o wartości: human
ITEM: Stefan Wojtkowiak
DODANO deklarację: 'instance of' (P47) o wartości: Q32
added: Q79503 (Stefan Wojtkowiak)
ITEM: Marian Arszyński
DODANO deklarację: 'instance of' (P47) o wartości: Q32
added: Q79504 (Marian Arszyński)
ITEM: Petr Andreevič Zajončkovskij
DODANO deklarację: 'instance of' (P47) o wartości: Q32
added: Q79505 (Petr Andreevič Zajončkovskij)
ITEM: Grigorij Anatol'evič Rassolov
DODANO deklarację: 'instance of' (P47) o wartości: Q32
added: Q79506 (Grigorij Anatol'evič Rassolov)
ITEM: Dmitrij Redin
DODANO deklarację: 'instance of' (P47) o wartości: Q32
added: Q79507 (Dmitrij Redin)
ITEM: Sergej Anatol'evič Tarhov
DODANO deklarację: 'instance of' (P47) o wartości: Q32
added: Q79508 (Sergej Anatol'evič Tarhov)
ITEM: Stanisław Urbańczyk
Item: 'Stanisław Urbańczyk' already exists: Q8812, update mode enabled.
SKIP: element: Q8812 (Stanisław Urbańczyk) posiada już dla języka: "en" opis: (1909-2001)
SKIP: element: Q8812 (Stanisław Urbańczyk) posiada już dla języka: "pl" opis: (1909-2001)
SKIP: element Q8812 (Stanisław Urbańczyk) posiada deklarację: P47 o wartości: human
ITEM: Jan Karłowicz
DODANO deklarację: 'instance of' (P47) o wartości: Q32
added: Q79509 (Jan Karłowicz)
ITEM: Adam Antoni Kryński
Item: 'Adam Antoni Kryński' already exists: Q62192, update mode enabled.
SKIP: element: Q62192 (Adam Antoni Kryński) posiada już dla języka: "en" opis: (1844-1932)
SKIP: element: Q62192 (Adam Antoni Kryński) posiada już dla języka: "pl" opis: (1844-1932)
SKIP: element Q62192 (Adam Antoni Kryński) posiada deklarację: P47 o wartości: human
ITEM: Władysław Niedźwiedzki
Item: 'Władysław Niedźwiedzki' already exists: Q66610, update mode enabled.
SKIP: element: Q66610 (Władysław Niedźwiedzki) posiada już dla języka: "en" opis: (1849-1930)
SKIP: element: Q66610 (Władysław Niedźwiedzki) posiada już dla języka: "pl" opis: (1849-1930)
SKIP: element Q66610 (Władysław Niedźwiedzki) posiada deklarację: P47 o wartości: human
ITEM: Samuel Bogumił Linde
Item: 'Samuel Bogumił Linde' already exists: Q63303, update mode enabled.
SKIP: element: Q63303 (Samuel Bogumił Linde) posiada już dla języka: "en" opis: (1771-1847)
SKIP: element: Q63303 (Samuel Bogumił Linde) posiada już dla języka: "pl" opis: (1771-1847)
SKIP: element Q63303 (Samuel Bogumił Linde) posiada deklarację: P47 o wartości: human
ITEM: Stanisław Arnold
DODANO deklarację: 'instance of' (P47) o wartości: Q32
added: Q79510 (Stanisław Arnold)
ITEM: Jan Tkocz
DODANO deklarację: 'instance of' (P47) o wartości: Q32
added: Q79511 (Jan Tkocz)
ITEM: Witold Doroszewski
Item: 'Witold Doroszewski' already exists: Q5631, update mode enabled.
SKIP: element: Q5631 (Witold Doroszewski) posiada już dla języka: "en" opis: (1899-1976)
SKIP: element: Q5631 (Witold Doroszewski) posiada już dla języka: "pl" opis: (1899-1976)
SKIP: element Q5631 (Witold Doroszewski) posiada deklarację: P47 o wartości: human
ITEM: Stanisław Bąk
DODANO deklarację: 'instance of' (P47) o wartości: Q32
added: Q79512 (Stanisław Bąk)
ITEM: Mieczysław Szymczak
Item: 'Mieczysław Szymczak' already exists: Q78207, update mode enabled.
SKIP: element: Q78207 (Mieczysław Szymczak) posiada już dla języka: "en" opis: (1927-1985)
SKIP: element: Q78207 (Mieczysław Szymczak) posiada już dla języka: "pl" opis: (1927-1985)
SKIP: element Q78207 (Mieczysław Szymczak) posiada deklarację: P47 o wartości: human
ITEM: Tadeusz Lehr-Spławiński
Item: 'Tadeusz Lehr-Spławiński' already exists: Q62997, update mode enabled.
SKIP: element: Q62997 (Tadeusz Lehr-Spławiński) posiada już dla języka: "en" opis: (1891-1965)
SKIP: element: Q62997 (Tadeusz Lehr-Spławiński) posiada już dla języka: "pl" opis: (1891-1965)
SKIP: element Q62997 (Tadeusz Lehr-Spławiński) posiada deklarację: P47 o wartości: human
ITEM: Bogusław Dunaj
DODANO deklarację: 'instance of' (P47) o wartości: Q32
added: Q79513 (Bogusław Dunaj)
ITEM: Franz Irsigler
DODANO deklarację: 'instance of' (P47) o wartości: Q32
added: Q79514 (Franz Irsigler)
ITEM: Carl-Hans Hauptmeyer
DODANO deklarację: 'instance of' (P47) o wartości: Q32
added: Q79515 (Carl-Hans Hauptmeyer)
ITEM: Jürgen Rund
DODANO deklarację: 'instance of' (P47) o wartości: Q32
added: Q79516 (Jürgen Rund)
ITEM: Antoni Mączak
DODANO deklarację: 'instance of' (P47) o wartości: Q32
added: Q79517 (Antoni Mączak)
ITEM: Anna Marciniak-Kajzer
DODANO deklarację: 'instance of' (P47) o wartości: Q32
added: Q79518 (Anna Marciniak-Kajzer)
ITEM: Jan Wojnowski
Item: 'Jan Wojnowski' already exists: Q9019, update mode enabled.
SKIP: element: Q9019 (Jan Wojnowski) posiada już dla języka: "en" opis: (1936-)
SKIP: element: Q9019 (Jan Wojnowski) posiada już dla języka: "pl" opis: (1936-)
SKIP: element Q9019 (Jan Wojnowski) posiada deklarację: P47 o wartości: human
ITEM: Waldemar J. Affelt
DODANO deklarację: 'instance of' (P47) o wartości: Q32
added: Q79519 (Waldemar J. Affelt)
ITEM: Andrzej Radzimiński, STATEMENT: date of birth, VALUE: +1958-00-00T00:00:00Z/9
STATEMENT ADDED, Q7932 (Andrzej Radzimiński): P7 -> +1958-00-00T00:00:00Z/9
ITEM: Liliana Lewandowska, STATEMENT: date of birth, VALUE: +1982-00-00T00:00:00Z/9
STATEMENT ADDED, Q79450 (Liliana Lewandowska): P7 -> +1982-00-00T00:00:00Z/9
ITEM: Bogdan Wachowiak, STATEMENT: date of birth, VALUE: +1929-00-00T00:00:00Z/9
STATEMENT ADDED, Q79451 (Bogdan Wachowiak): P7 -> +1929-00-00T00:00:00Z/9
ITEM: Andrzej Kamieński, STATEMENT: date of birth, VALUE: +1962-00-00T00:00:00Z/9
SKIP: element: 'Q6349' (Andrzej Kamieński) już posiada deklarację: 'P7' o wartości: +1962-00-00T00:00:00Z/9.
ITEM: Wojciech Maria Bartel, STATEMENT: date of birth, VALUE: +1923-00-00T00:00:00Z/9
STATEMENT ADDED, Q79452 (Wojciech Maria Bartel): P7 -> +1923-00-00T00:00:00Z/9
ITEM: Wojciech Maria Bartel, STATEMENT: date of death, VALUE: +1992-00-00T00:00:00Z/9
STATEMENT ADDED, Q79452 (Wojciech Maria Bartel): P8 -> +1992-00-00T00:00:00Z/9
ITEM: Juliusz Bardach, STATEMENT: date of birth, VALUE: +1914-00-00T00:00:00Z/9
STATEMENT ADDED, Q5101 (Juliusz Bardach): P7 -> +1914-00-00T00:00:00Z/9
ITEM: Juliusz Bardach, STATEMENT: date of death, VALUE: +2010-00-00T00:00:00Z/9
STATEMENT ADDED, Q5101 (Juliusz Bardach): P8 -> +2010-00-00T00:00:00Z/9
ITEM: Monika Hamanowa, STATEMENT: Apl, VALUE: Monika Haman
ALIAS ADDED, item Q79453 (Monika Hamanowa): Apl -> Monika Haman
ITEM: Monika Hamanowa, STATEMENT: Apl, VALUE: Monika Senkowska-Gluck
ALIAS ADDED, item Q79453 (Monika Hamanowa): Apl -> Monika Senkowska-Gluck
ITEM: Monika Hamanowa, STATEMENT: date of birth, VALUE: +1925-00-00T00:00:00Z/9
STATEMENT ADDED, Q79453 (Monika Hamanowa): P7 -> +1925-00-00T00:00:00Z/9
ITEM: Eugeniusz Barwiński, STATEMENT: date of birth, VALUE: +1874-00-00T00:00:00Z/9
STATEMENT ADDED, Q5117 (Eugeniusz Barwiński): P7 -> +1874-00-00T00:00:00Z/9
ITEM: Eugeniusz Barwiński, STATEMENT: date of death, VALUE: +1947-00-00T00:00:00Z/9
STATEMENT ADDED, Q5117 (Eugeniusz Barwiński): P8 -> +1947-00-00T00:00:00Z/9
ITEM: Jerzy Malec, STATEMENT: date of birth, VALUE: +1950-00-00T00:00:00Z/9
SKIP: element: 'Q7097' (Jerzy Malec) już posiada deklarację: 'P7' o wartości: +1950-00-00T00:00:00Z/9.
ITEM: Kurt G. A. Jeserich, STATEMENT: Lde, VALUE: Kurt G. A. Jeserich
LABEL ADDED/MODIFIED, item Q79455 (Kurt G. A. Jeserich): Lde -> Kurt G. A. Jeserich
ITEM: Kurt G. A. Jeserich, STATEMENT: date of birth, VALUE: +1904-00-00T00:00:00Z/9
STATEMENT ADDED, Q79455 (Kurt G. A. Jeserich): P7 -> +1904-00-00T00:00:00Z/9
ITEM: Kurt G. A. Jeserich, STATEMENT: date of death, VALUE: +1995-00-00T00:00:00Z/9
STATEMENT ADDED, Q79455 (Kurt G. A. Jeserich): P8 -> +1995-00-00T00:00:00Z/9
ITEM: Hans Pohl, STATEMENT: Lde, VALUE: Hans Pohl
LABEL ADDED/MODIFIED, item Q79456 (Hans Pohl): Lde -> Hans Pohl
ITEM: Hans Pohl, STATEMENT: date of birth, VALUE: +1935-00-00T00:00:00Z/9
STATEMENT ADDED, Q79456 (Hans Pohl): P7 -> +1935-00-00T00:00:00Z/9
ITEM: Georg-Christoph von Unruh, STATEMENT: Lde, VALUE: Georg-Christoph von Unruh
LABEL ADDED/MODIFIED, item Q79457 (Georg-Christoph von Unruh): Lde -> Georg-Christoph von Unruh
ITEM: Georg-Christoph von Unruh, STATEMENT: date of birth, VALUE: +1913-00-00T00:00:00Z/9
STATEMENT ADDED, Q79457 (Georg-Christoph von Unruh): P7 -> +1913-00-00T00:00:00Z/9
ITEM: Georg-Christoph von Unruh, STATEMENT: date of death, VALUE: +2009-00-00T00:00:00Z/9
STATEMENT ADDED, Q79457 (Georg-Christoph von Unruh): P8 -> +2009-00-00T00:00:00Z/9
ITEM: Jacek Dziobek-Romański, STATEMENT: date of birth, VALUE: +1963-00-00T00:00:00Z/9
STATEMENT ADDED, Q79458 (Jacek Dziobek-Romański): P7 -> +1963-00-00T00:00:00Z/9
ITEM: Jacek Dziobek-Romański, STATEMENT: date of death, VALUE: +2012-00-00T00:00:00Z/9
STATEMENT ADDED, Q79458 (Jacek Dziobek-Romański): P8 -> +2012-00-00T00:00:00Z/9
ITEM: Piotr Eberhardt, STATEMENT: date of birth, VALUE: +1935-00-00T00:00:00Z/9
STATEMENT ADDED, Q79459 (Piotr Eberhardt): P7 -> +1935-00-00T00:00:00Z/9
ITEM: Piotr Eberhardt, STATEMENT: date of death, VALUE: +2020-00-00T00:00:00Z/9
STATEMENT ADDED, Q79459 (Piotr Eberhardt): P8 -> +2020-00-00T00:00:00Z/9
ITEM: Wacław Felczak, STATEMENT: date of birth, VALUE: +1916-00-00T00:00:00Z/9
STATEMENT ADDED, Q79460 (Wacław Felczak): P7 -> +1916-00-00T00:00:00Z/9
ITEM: Wacław Felczak, STATEMENT: date of death, VALUE: +1993-00-00T00:00:00Z/9
STATEMENT ADDED, Q79460 (Wacław Felczak): P8 -> +1993-00-00T00:00:00Z/9
ITEM: Justyn Feliks Gajsler, STATEMENT: date of birth, VALUE: +1848-00-00T00:00:00Z/9
SKIP: element: 'Q56076' (Justyn Feliks Gajsler) już posiada deklarację: 'P7' o wartości: +1848-00-00T00:00:00Z/9.
ITEM: Justyn Feliks Gajsler, STATEMENT: date of death, VALUE: +1910-00-00T00:00:00Z/9
SKIP: element: 'Q56076' (Justyn Feliks Gajsler) już posiada deklarację: 'P8' o wartości: +1910-00-00T00:00:00Z/9.
ITEM: Stanisław Grodziski, STATEMENT: date of birth, VALUE: +1929-00-00T00:00:00Z/9
STATEMENT ADDED, Q5982 (Stanisław Grodziski): P7 -> +1929-00-00T00:00:00Z/9
ITEM: Stanisław Grodziski, STATEMENT: date of death, VALUE: +2020-00-00T00:00:00Z/9
STATEMENT ADDED, Q5982 (Stanisław Grodziski): P8 -> +2020-00-00T00:00:00Z/9
ITEM: Konstanty Grzybowski, STATEMENT: date of birth, VALUE: +1901-00-00T00:00:00Z/9
STATEMENT ADDED, Q79464 (Konstanty Grzybowski): P7 -> +1901-00-00T00:00:00Z/9
ITEM: Konstanty Grzybowski, STATEMENT: date of death, VALUE: +1970-00-00T00:00:00Z/9
STATEMENT ADDED, Q79464 (Konstanty Grzybowski): P8 -> +1970-00-00T00:00:00Z/9
ITEM: Gerd Heinrich, STATEMENT: Lde, VALUE: Gerd Heinrich
LABEL ADDED/MODIFIED, item Q79465 (Gerd Heinrich): Lde -> Gerd Heinrich
ITEM: Gerd Heinrich, STATEMENT: date of birth, VALUE: +1931-00-00T00:00:00Z/9
STATEMENT ADDED, Q79465 (Gerd Heinrich): P7 -> +1931-00-00T00:00:00Z/9
ITEM: Gerd Heinrich, STATEMENT: date of death, VALUE: +2012-00-00T00:00:00Z/9
STATEMENT ADDED, Q79465 (Gerd Heinrich): P8 -> +2012-00-00T00:00:00Z/9
ITEM: Friedrich-Wilhelm Henning, STATEMENT: Lde, VALUE: Friedrich-Wilhelm Henning
LABEL ADDED/MODIFIED, item Q79466 (Friedrich-Wilhelm Henning): Lde -> Friedrich-Wilhelm Henning
ITEM: Friedrich-Wilhelm Henning, STATEMENT: date of birth, VALUE: +1931-00-00T00:00:00Z/9
STATEMENT ADDED, Q79466 (Friedrich-Wilhelm Henning): P7 -> +1931-00-00T00:00:00Z/9
ITEM: Christian Engeli, STATEMENT: Lde, VALUE: Christian Engeli
LABEL ADDED/MODIFIED, item Q79467 (Christian Engeli): Lde -> Christian Engeli
ITEM: Felix Escher, STATEMENT: Lde, VALUE: Felix Escher
LABEL ADDED/MODIFIED, item Q79468 (Felix Escher): Lde -> Felix Escher
ITEM: Felix Escher, STATEMENT: date of birth, VALUE: +1945-00-00T00:00:00Z/9
STATEMENT ADDED, Q79468 (Felix Escher): P7 -> +1945-00-00T00:00:00Z/9
ITEM: Konrad Fuchs, STATEMENT: Lde, VALUE: Konrad Fuchs
LABEL ADDED/MODIFIED, item Q79469 (Konrad Fuchs): Lde -> Konrad Fuchs
ITEM: Konrad Fuchs, STATEMENT: date of birth, VALUE: +1928-00-00T00:00:00Z/9
STATEMENT ADDED, Q79469 (Konrad Fuchs): P7 -> +1928-00-00T00:00:00Z/9
ITEM: Klaus von der Groeben, STATEMENT: Lde, VALUE: Klaus von der Groeben
LABEL ADDED/MODIFIED, item Q79470 (Klaus von der Groeben): Lde -> Klaus von der Groeben
ITEM: Klaus von der Groeben, STATEMENT: date of birth, VALUE: +1902-00-00T00:00:00Z/9
STATEMENT ADDED, Q79470 (Klaus von der Groeben): P7 -> +1902-00-00T00:00:00Z/9
ITEM: Klaus von der Groeben, STATEMENT: date of death, VALUE: +2002-00-00T00:00:00Z/9
STATEMENT ADDED, Q79470 (Klaus von der Groeben): P8 -> +2002-00-00T00:00:00Z/9
ITEM: Peter-Michael Hahn, STATEMENT: Lde, VALUE: Peter-Michael Hahn
LABEL ADDED/MODIFIED, item Q79471 (Peter-Michael Hahn): Lde -> Peter-Michael Hahn
ITEM: Peter-Michael Hahn, STATEMENT: date of birth, VALUE: +1951-00-00T00:00:00Z/9
STATEMENT ADDED, Q79471 (Peter-Michael Hahn): P7 -> +1951-00-00T00:00:00Z/9
ITEM: Helmut Neubach, STATEMENT: Lde, VALUE: Helmut Neubach
LABEL ADDED/MODIFIED, item Q79472 (Helmut Neubach): Lde -> Helmut Neubach
ITEM: Helmut Neubach, STATEMENT: date of birth, VALUE: +1933-00-00T00:00:00Z/9
STATEMENT ADDED, Q79472 (Helmut Neubach): P7 -> +1933-00-00T00:00:00Z/9
ITEM: Andreas Splanemann, STATEMENT: Lde, VALUE: Andreas Splanemann
LABEL ADDED/MODIFIED, item Q79473 (Andreas Splanemann): Lde -> Andreas Splanemann
ITEM: Andreas Splanemann, STATEMENT: date of birth, VALUE: +1959-00-00T00:00:00Z/9
STATEMENT ADDED, Q79473 (Andreas Splanemann): P7 -> +1959-00-00T00:00:00Z/9
ITEM: Werner Vogel, STATEMENT: Lde, VALUE: Werner Vogel
LABEL ADDED/MODIFIED, item Q79474 (Werner Vogel): Lde -> Werner Vogel
ITEM: Werner Vogel, STATEMENT: date of birth, VALUE: +1930-00-00T00:00:00Z/9
STATEMENT ADDED, Q79474 (Werner Vogel): P7 -> +1930-00-00T00:00:00Z/9
ITEM: Werner Vogel, STATEMENT: date of death, VALUE: +2016-00-00T00:00:00Z/9
STATEMENT ADDED, Q79474 (Werner Vogel): P8 -> +2016-00-00T00:00:00Z/9
ITEM: Zdzisław Kaczmarczyk, STATEMENT: date of birth, VALUE: +1911-00-00T00:00:00Z/9
STATEMENT ADDED, Q6316 (Zdzisław Kaczmarczyk): P7 -> +1911-00-00T00:00:00Z/9
ITEM: Zdzisław Kaczmarczyk, STATEMENT: date of death, VALUE: +1980-00-00T00:00:00Z/9
STATEMENT ADDED, Q6316 (Zdzisław Kaczmarczyk): P8 -> +1980-00-00T00:00:00Z/9
ITEM: Bogusław Leśnodorski, STATEMENT: date of birth, VALUE: +1914-00-00T00:00:00Z/9
STATEMENT ADDED, Q6921 (Bogusław Leśnodorski): P7 -> +1914-00-00T00:00:00Z/9
ITEM: Bogusław Leśnodorski, STATEMENT: date of death, VALUE: +1985-00-00T00:00:00Z/9
SKIP: element: 'Q6921' (Bogusław Leśnodorski) już posiada deklarację: 'P8' o wartości: +1985-00-00T00:00:00Z/9.
ITEM: Gerard Labuda, STATEMENT: date of birth, VALUE: +1916-00-00T00:00:00Z/9
STATEMENT ADDED, Q6864 (Gerard Labuda): P7 -> +1916-00-00T00:00:00Z/9
ITEM: Gerard Labuda, STATEMENT: date of death, VALUE: +2010-00-00T00:00:00Z/9
STATEMENT ADDED, Q6864 (Gerard Labuda): P8 -> +2010-00-00T00:00:00Z/9
ITEM: Ernest Rudolf Huber, STATEMENT: Lde, VALUE: Ernest Rudolf Huber
LABEL ADDED/MODIFIED, item Q79475 (Ernest Rudolf Huber): Lde -> Ernest Rudolf Huber
ITEM: Ernest Rudolf Huber, STATEMENT: date of birth, VALUE: +1903-00-00T00:00:00Z/9
STATEMENT ADDED, Q79475 (Ernest Rudolf Huber): P7 -> +1903-00-00T00:00:00Z/9
ITEM: Ernest Rudolf Huber, STATEMENT: date of death, VALUE: +1990-00-00T00:00:00Z/9
STATEMENT ADDED, Q79475 (Ernest Rudolf Huber): P8 -> +1990-00-00T00:00:00Z/9
ITEM: Michał Pietrzak, STATEMENT: date of birth, VALUE: +1929-00-00T00:00:00Z/9
STATEMENT ADDED, Q79476 (Michał Pietrzak): P7 -> +1929-00-00T00:00:00Z/9
ITEM: Michał Pietrzak, STATEMENT: date of death, VALUE: +2021-00-00T00:00:00Z/9
STATEMENT ADDED, Q79476 (Michał Pietrzak): P8 -> +2021-00-00T00:00:00Z/9
ITEM: Jan Wąsicki, STATEMENT: date of birth, VALUE: +1921-00-00T00:00:00Z/9
STATEMENT ADDED, Q8896 (Jan Wąsicki): P7 -> +1921-00-00T00:00:00Z/9
ITEM: Jan Wąsicki, STATEMENT: date of death, VALUE: +1995-00-00T00:00:00Z/9
STATEMENT ADDED, Q8896 (Jan Wąsicki): P8 -> +1995-00-00T00:00:00Z/9
ITEM: Kazimierz Orzechowski, STATEMENT: date of birth, VALUE: +1923-00-00T00:00:00Z/9
STATEMENT ADDED, Q67493 (Kazimierz Orzechowski): P7 -> +1923-00-00T00:00:00Z/9
ITEM: Kazimierz Orzechowski, STATEMENT: date of death, VALUE: +2009-00-00T00:00:00Z/9
STATEMENT ADDED, Q67493 (Kazimierz Orzechowski): P8 -> +2009-00-00T00:00:00Z/9
ITEM: Marian Kallas, STATEMENT: date of birth, VALUE: +1938-00-00T00:00:00Z/9
STATEMENT ADDED, Q6343 (Marian Kallas): P7 -> +1938-00-00T00:00:00Z/9
ITEM: Marian Kallas, STATEMENT: date of death, VALUE: +2020-00-00T00:00:00Z/9
STATEMENT ADDED, Q6343 (Marian Kallas): P8 -> +2020-00-00T00:00:00Z/9
ITEM: Max Bär, STATEMENT: Lde, VALUE: Max Bär
LABEL ADDED/MODIFIED, item Q79478 (Max Bär): Lde -> Max Bär
ITEM: Max Bär, STATEMENT: date of birth, VALUE: +1885-00-00T00:00:00Z/9
STATEMENT ADDED, Q79478 (Max Bär): P7 -> +1885-00-00T00:00:00Z/9
ITEM: Max Bär, STATEMENT: date of death, VALUE: +1928-00-00T00:00:00Z/9
STATEMENT ADDED, Q79478 (Max Bär): P8 -> +1928-00-00T00:00:00Z/9
ITEM: Marian Biskup, STATEMENT: date of birth, VALUE: +1922-00-00T00:00:00Z/9
STATEMENT ADDED, Q5219 (Marian Biskup): P7 -> +1922-00-00T00:00:00Z/9
ITEM: Marian Biskup, STATEMENT: date of death, VALUE: +2012-00-00T00:00:00Z/9
STATEMENT ADDED, Q5219 (Marian Biskup): P8 -> +2012-00-00T00:00:00Z/9
ITEM: Roman Czaja, STATEMENT: date of birth, VALUE: +1960-00-00T00:00:00Z/9
STATEMENT ADDED, Q79479 (Roman Czaja): P7 -> +1960-00-00T00:00:00Z/9
ITEM: Maksymilian Grzegorz, STATEMENT: date of birth, VALUE: +1935-00-00T00:00:00Z/9
STATEMENT ADDED, Q79480 (Maksymilian Grzegorz): P7 -> +1935-00-00T00:00:00Z/9
ITEM: Rudolf A. Mark, STATEMENT: Lde, VALUE: Rudolf A. Mark
LABEL ADDED/MODIFIED, item Q79481 (Rudolf A. Mark): Lde -> Rudolf A. Mark
ITEM: Tadeusz Mencel, STATEMENT: date of birth, VALUE: +1912-00-00T00:00:00Z/9
STATEMENT ADDED, Q7235 (Tadeusz Mencel): P7 -> +1912-00-00T00:00:00Z/9
ITEM: Tadeusz Mencel, STATEMENT: date of death, VALUE: +1987-00-00T00:00:00Z/9
STATEMENT ADDED, Q7235 (Tadeusz Mencel): P8 -> +1987-00-00T00:00:00Z/9
ITEM: Zygmunt Szultka, STATEMENT: date of birth, VALUE: +1944-00-00T00:00:00Z/9
SKIP: element: 'Q8573' (Zygmunt Szultka) już posiada deklarację: 'P7' o wartości: +1944-00-00T00:00:00Z/9.
ITEM: Werner Frotscher, STATEMENT: Lde, VALUE: Werner Frotscher
LABEL ADDED/MODIFIED, item Q79483 (Werner Frotscher): Lde -> Werner Frotscher
ITEM: Marian Mrva, STATEMENT: Lsk, VALUE: Marian Mrva
LABEL ADDED/MODIFIED, item Q79484 (Marian Mrva): Lsk -> Marian Mrva
ITEM: Katarína Kozáková, STATEMENT: Lsk, VALUE: Katarína Kozáková
LABEL ADDED/MODIFIED, item Q79485 (Katarína Kozáková): Lsk -> Katarína Kozáková
ITEM: Helena Dáňová, STATEMENT: Lcz, VALUE: Helena Dáňová
ERROR: w instancji wikibase brak właściwości -> Lcz
ITEM: Jan Klípa, STATEMENT: Lcz, VALUE: Jan Klípa
ERROR: w instancji wikibase brak właściwości -> Lcz
ITEM: Lenka Stolárová, STATEMENT: Lcz, VALUE: Lenka Stolárová
ERROR: w instancji wikibase brak właściwości -> Lcz
ITEM: Robert Antonín, STATEMENT: Lcz, VALUE: Robert Antonín
ERROR: w instancji wikibase brak właściwości -> Lcz
ITEM: Robert Antonín, STATEMENT: date of birth, VALUE: +1977-00-00T00:00:00Z/9
STATEMENT ADDED, Q79490 (Robert Antonín): P7 -> +1977-00-00T00:00:00Z/9
ITEM: Zdeňek Jirásek, STATEMENT: Lcz, VALUE: Zdeňek Jirásek
ERROR: w instancji wikibase brak właściwości -> Lcz
ITEM: Zdeňek Jirásek, STATEMENT: date of birth, VALUE: +1957-00-00T00:00:00Z/9
STATEMENT ADDED, Q79491 (Zdeňek Jirásek): P7 -> +1957-00-00T00:00:00Z/9
ITEM: Radek Fukala, STATEMENT: Lcz, VALUE: Radek Fukala
ERROR: w instancji wikibase brak właściwości -> Lcz
ITEM: Radek Fukala, STATEMENT: date of birth, VALUE: +1963-00-00T00:00:00Z/9
STATEMENT ADDED, Q79492 (Radek Fukala): P7 -> +1963-00-00T00:00:00Z/9
ITEM: Anna Tarnowska, STATEMENT: date of birth, VALUE: +1977-00-00T00:00:00Z/9
STATEMENT ADDED, Q79493 (Anna Tarnowska): P7 -> +1977-00-00T00:00:00Z/9
ITEM: Lenka Bobková, STATEMENT: Lcz, VALUE: Lenka Bobková
ERROR: w instancji wikibase brak właściwości -> Lcz
ITEM: Lenka Bobková, STATEMENT: date of birth, VALUE: +1947-00-00T00:00:00Z/9
STATEMENT ADDED, Q79494 (Lenka Bobková): P7 -> +1947-00-00T00:00:00Z/9
ITEM: Jana Fantysová-Matějková, STATEMENT: Lcz, VALUE: Jana Fantysová-Matějková
ERROR: w instancji wikibase brak właściwości -> Lcz
ITEM: Jana Fantysová-Matějková, STATEMENT: date of birth, VALUE: +1976-00-00T00:00:00Z/9
STATEMENT ADDED, Q79495 (Jana Fantysová-Matějková): P7 -> +1976-00-00T00:00:00Z/9
ITEM: Petr Hrachovec, STATEMENT: Lcz, VALUE: Petr Hrachovec
ERROR: w instancji wikibase brak właściwości -> Lcz
ITEM: Jan Zdichynec, STATEMENT: Lcz, VALUE: Jan Zdichynec
ERROR: w instancji wikibase brak właściwości -> Lcz
ITEM: Jan Zdichynec, STATEMENT: date of birth, VALUE: +1977-00-00T00:00:00Z/9
STATEMENT ADDED, Q79497 (Jan Zdichynec): P7 -> +1977-00-00T00:00:00Z/9
ITEM: Przemysław Wiszewski, STATEMENT: date of birth, VALUE: +1974-00-00T00:00:00Z/9
STATEMENT ADDED, Q79498 (Przemysław Wiszewski): P7 -> +1974-00-00T00:00:00Z/9
ITEM: Tadeusz Mikołaj Trajdos, STATEMENT: date of birth, VALUE: +1951-00-00T00:00:00Z/9
STATEMENT ADDED, Q79500 (Tadeusz Mikołaj Trajdos): P7 -> +1951-00-00T00:00:00Z/9
ITEM: Wojciech Trzebiński, STATEMENT: date of birth, VALUE: +1916-00-00T00:00:00Z/9
SKIP: element: 'Q8753' (Wojciech Trzebiński) już posiada deklarację: 'P7' o wartości: +1916-00-00T00:00:00Z/9.
ITEM: Wojciech Trzebiński, STATEMENT: date of death, VALUE: +1993-00-00T00:00:00Z/9
SKIP: element: 'Q8753' (Wojciech Trzebiński) już posiada deklarację: 'P8' o wartości: +1993-00-00T00:00:00Z/9.
ITEM: Adam Borkiewicz, STATEMENT: date of birth, VALUE: +1896-00-00T00:00:00Z/9
STATEMENT ADDED, Q79501 (Adam Borkiewicz): P7 -> +1896-00-00T00:00:00Z/9
ITEM: Adam Borkiewicz, STATEMENT: date of death, VALUE: +1958-00-00T00:00:00Z/9
STATEMENT ADDED, Q79501 (Adam Borkiewicz): P8 -> +1958-00-00T00:00:00Z/9
ITEM: Urszula Augustyniak, STATEMENT: date of birth, VALUE: +1950-00-00T00:00:00Z/9
STATEMENT ADDED, Q5050 (Urszula Augustyniak): P7 -> +1950-00-00T00:00:00Z/9
ITEM: Wacław Uruszczak, STATEMENT: date of birth, VALUE: +1946-00-00T00:00:00Z/9
STATEMENT ADDED, Q79502 (Wacław Uruszczak): P7 -> +1946-00-00T00:00:00Z/9
ITEM: Adam Vetulani, STATEMENT: date of birth, VALUE: +1901-00-00T00:00:00Z/9
STATEMENT ADDED, Q8823 (Adam Vetulani): P7 -> +1901-00-00T00:00:00Z/9
ITEM: Adam Vetulani, STATEMENT: date of death, VALUE: +1976-00-00T00:00:00Z/9
STATEMENT ADDED, Q8823 (Adam Vetulani): P8 -> +1976-00-00T00:00:00Z/9
ITEM: Stefan Wojtkowiak, STATEMENT: date of birth, VALUE: +1923-00-00T00:00:00Z/9
STATEMENT ADDED, Q79503 (Stefan Wojtkowiak): P7 -> +1923-00-00T00:00:00Z/9
ITEM: Stefan Wojtkowiak, STATEMENT: date of death, VALUE: +2012-00-00T00:00:00Z/9
STATEMENT ADDED, Q79503 (Stefan Wojtkowiak): P8 -> +2012-00-00T00:00:00Z/9
ITEM: Marian Arszyński, STATEMENT: date of birth, VALUE: +1929-00-00T00:00:00Z/9
STATEMENT ADDED, Q79504 (Marian Arszyński): P7 -> +1929-00-00T00:00:00Z/9
ITEM: Petr Andreevič Zajončkovskij, STATEMENT: Lru, VALUE: Петр Андреевич Зайончковский
LABEL ADDED/MODIFIED, item Q79505 (Petr Andreevič Zajončkovskij): Lru -> Петр Андреевич Зайончковский
ITEM: Petr Andreevič Zajončkovskij, STATEMENT: date of birth, VALUE: +1904-00-00T00:00:00Z/9
STATEMENT ADDED, Q79505 (Petr Andreevič Zajončkovskij): P7 -> +1904-00-00T00:00:00Z/9
ITEM: Petr Andreevič Zajončkovskij, STATEMENT: date of death, VALUE: +1983-00-00T00:00:00Z/9
STATEMENT ADDED, Q79505 (Petr Andreevič Zajončkovskij): P8 -> +1983-00-00T00:00:00Z/9
ITEM: Grigorij Anatol'evič Rassolov, STATEMENT: Lru, VALUE: Григорий Анатольевич Рассолов
LABEL ADDED/MODIFIED, item Q79506 (Grigorij Anatol'evič Rassolov): Lru -> Григорий Анатольевич Рассолов
ITEM: Dmitrij Redin, STATEMENT: Lru, VALUE: Дмитрий Редин
LABEL ADDED/MODIFIED, item Q79507 (Dmitrij Redin): Lru -> Дмитрий Редин
ITEM: Sergej Anatol'evič Tarhov, STATEMENT: Lru, VALUE: Cергей Анатольевич Тархов
LABEL ADDED/MODIFIED, item Q79508 (Sergej Anatol'evič Tarhov): Lru -> Cергей Анатольевич Тархов
ITEM: Stanisław Urbańczyk, STATEMENT: date of birth, VALUE: +1909-00-00T00:00:00Z/9
STATEMENT ADDED, Q8812 (Stanisław Urbańczyk): P7 -> +1909-00-00T00:00:00Z/9
ITEM: Stanisław Urbańczyk, STATEMENT: date of death, VALUE: +2001-00-00T00:00:00Z/9
STATEMENT ADDED, Q8812 (Stanisław Urbańczyk): P8 -> +2001-00-00T00:00:00Z/9
ITEM: Jan Karłowicz, STATEMENT: date of birth, VALUE: +1836-00-00T00:00:00Z/9
STATEMENT ADDED, Q59832 (Jan Karłowicz): P7 -> +1836-00-00T00:00:00Z/9
ITEM: Jan Karłowicz, STATEMENT: date of death, VALUE: +1903-00-00T00:00:00Z/9
STATEMENT ADDED, Q59832 (Jan Karłowicz): P8 -> +1903-00-00T00:00:00Z/9
ITEM: Adam Antoni Kryński, STATEMENT: date of birth, VALUE: +1844-00-00T00:00:00Z/9
STATEMENT ADDED, Q62192 (Adam Antoni Kryński): P7 -> +1844-00-00T00:00:00Z/9
ITEM: Adam Antoni Kryński, STATEMENT: date of death, VALUE: +1932-00-00T00:00:00Z/9
STATEMENT ADDED, Q62192 (Adam Antoni Kryński): P8 -> +1932-00-00T00:00:00Z/9
ITEM: Władysław Niedźwiedzki, STATEMENT: date of birth, VALUE: +1849-00-00T00:00:00Z/9
SKIP: element: 'Q66610' (Władysław Niedźwiedzki) już posiada deklarację: 'P7' o wartości: +1849-00-00T00:00:00Z/9.
ITEM: Władysław Niedźwiedzki, STATEMENT: date of death, VALUE: +1930-00-00T00:00:00Z/9
SKIP: element: 'Q66610' (Władysław Niedźwiedzki) już posiada deklarację: 'P8' o wartości: +1930-00-00T00:00:00Z/9.
ITEM: Samuel Bogumił Linde, STATEMENT: date of birth, VALUE: +1771-00-00T00:00:00Z/9
STATEMENT ADDED, Q63303 (Samuel Bogumił Linde): P7 -> +1771-00-00T00:00:00Z/9
ITEM: Samuel Bogumił Linde, STATEMENT: date of death, VALUE: +1847-00-00T00:00:00Z/9
STATEMENT ADDED, Q63303 (Samuel Bogumił Linde): P8 -> +1847-00-00T00:00:00Z/9
ITEM: Stanisław Arnold, STATEMENT: date of birth, VALUE: +1895-00-00T00:00:00Z/9
STATEMENT ADDED, Q79510 (Stanisław Arnold): P7 -> +1895-00-00T00:00:00Z/9
ITEM: Stanisław Arnold, STATEMENT: date of death, VALUE: +1973-00-00T00:00:00Z/9
STATEMENT ADDED, Q79510 (Stanisław Arnold): P8 -> +1973-00-00T00:00:00Z/9
ITEM: Jan Tkocz, STATEMENT: date of birth, VALUE: +1939-00-00T00:00:00Z/9
STATEMENT ADDED, Q79511 (Jan Tkocz): P7 -> +1939-00-00T00:00:00Z/9
ITEM: Witold Doroszewski, STATEMENT: date of birth, VALUE: +1899-00-00T00:00:00Z/9
STATEMENT ADDED, Q5631 (Witold Doroszewski): P7 -> +1899-00-00T00:00:00Z/9
ITEM: Witold Doroszewski, STATEMENT: date of death, VALUE: +1976-00-00T00:00:00Z/9
STATEMENT ADDED, Q5631 (Witold Doroszewski): P8 -> +1976-00-00T00:00:00Z/9
ITEM: Stanisław Bąk, STATEMENT: date of birth, VALUE: +1900-00-00T00:00:00Z/9
STATEMENT ADDED, Q79512 (Stanisław Bąk): P7 -> +1900-00-00T00:00:00Z/9
ITEM: Stanisław Bąk, STATEMENT: date of death, VALUE: +1981-00-00T00:00:00Z/9
STATEMENT ADDED, Q79512 (Stanisław Bąk): P8 -> +1981-00-00T00:00:00Z/9
ITEM: Mieczysław Szymczak, STATEMENT: date of birth, VALUE: +1927-00-00T00:00:00Z/9
STATEMENT ADDED, Q78207 (Mieczysław Szymczak): P7 -> +1927-00-00T00:00:00Z/9
ITEM: Mieczysław Szymczak, STATEMENT: date of death, VALUE: +1985-00-00T00:00:00Z/9
STATEMENT ADDED, Q78207 (Mieczysław Szymczak): P8 -> +1985-00-00T00:00:00Z/9
ITEM: Tadeusz Lehr-Spławiński, STATEMENT: date of birth, VALUE: +1891-00-00T00:00:00Z/9
STATEMENT ADDED, Q62997 (Tadeusz Lehr-Spławiński): P7 -> +1891-00-00T00:00:00Z/9
ITEM: Tadeusz Lehr-Spławiński, STATEMENT: date of death, VALUE: +1965-00-00T00:00:00Z/9
STATEMENT ADDED, Q62997 (Tadeusz Lehr-Spławiński): P8 -> +1965-00-00T00:00:00Z/9
ITEM: Bogusław Dunaj, STATEMENT: date of birth, VALUE: +1940-00-00T00:00:00Z/9
STATEMENT ADDED, Q79513 (Bogusław Dunaj): P7 -> +1940-00-00T00:00:00Z/9
ITEM: Franz Irsigler, STATEMENT: Lde, VALUE: Franz Irsigler
LABEL ADDED/MODIFIED, item Q79514 (Franz Irsigler): Lde -> Franz Irsigler
ITEM: Carl-Hans Hauptmeyer, STATEMENT: Lde, VALUE: Carl-Hans Hauptmeyer
LABEL ADDED/MODIFIED, item Q79515 (Carl-Hans Hauptmeyer): Lde -> Carl-Hans Hauptmeyer
ITEM: Carl-Hans Hauptmeyer, STATEMENT: date of birth, VALUE: +1948-00-00T00:00:00Z/9
STATEMENT ADDED, Q79515 (Carl-Hans Hauptmeyer): P7 -> +1948-00-00T00:00:00Z/9
ITEM: Jürgen Rund, STATEMENT: Lde, VALUE: Jürgen Rund
LABEL ADDED/MODIFIED, item Q79516 (Jürgen Rund): Lde -> Jürgen Rund
ITEM: Antoni Mączak, STATEMENT: date of birth, VALUE: +1928-00-00T00:00:00Z/9
STATEMENT ADDED, Q79517 (Antoni Mączak): P7 -> +1928-00-00T00:00:00Z/9
ITEM: Antoni Mączak, STATEMENT: date of death, VALUE: +2003-00-00T00:00:00Z/9
STATEMENT ADDED, Q79517 (Antoni Mączak): P8 -> +2003-00-00T00:00:00Z/9
ITEM: Anna Marciniak-Kajzer, STATEMENT: date of birth, VALUE: +1961-00-00T00:00:00Z/9
STATEMENT ADDED, Q79518 (Anna Marciniak-Kajzer): P7 -> +1961-00-00T00:00:00Z/9
ITEM: Jan Wojnowski, STATEMENT: date of birth, VALUE: +1936-00-00T00:00:00Z/9
SKIP: element: 'Q9019' (Jan Wojnowski) już posiada deklarację: 'P7' o wartości: +1936-00-00T00:00:00Z/9.
