ITEM: Wydawnictwo Naukowe Uniwersytetu Mikołaja Kopernika
DODANO deklarację: 'instance of' (P47) o wartości: Q467
added: Q79520 (Wydawnictwo Naukowe Uniwersytetu Mikołaja Kopernika)
ITEM: Wydawnictwo Poznańskie
DODANO deklarację: 'instance of' (P47) o wartości: Q467
added: Q79521 (Wydawnictwo Poznańskie)
ITEM: Wydawnictwo Literackie
DODANO deklarację: 'instance of' (P47) o wartości: Q467
added: Q79522 (Wydawnictwo Literackie)
ITEM: Wydawnictwo Uniwersytetu Jagiellońskiego
DODANO deklarację: 'instance of' (P47) o wartości: Q467
added: Q79523 (Wydawnictwo Uniwersytetu Jagiellońskiego)
ITEM: Wydział Prawa i Administracji Uniwersytetu Jagiellońskiego
DODANO deklarację: 'instance of' (P47) o wartości: Q467
added: Q79524 (Wydział Prawa i Administracji Uniwersytetu Jagiellońskiego)
ITEM: Deutsche Verlags-Anstalt
DODANO deklarację: 'instance of' (P47) o wartości: Q467
added: Q79525 (Deutsche Verlags-Anstalt)
ITEM: Zakład Narodowy im. Ossolińskich
DODANO deklarację: 'instance of' (P47) o wartości: Q467
added: Q79526 (Zakład Narodowy im. Ossolińskich)
ITEM: Skład główny w Księgarni E. Wendego i S-ki
DODANO deklarację: 'instance of' (P47) o wartości: Q467
added: Q79527 (Skład główny w Księgarni E. Wendego i S-ki)
ITEM: Wydawnictwo Historyczne Tabularium Julian Skelnik
DODANO deklarację: 'instance of' (P47) o wartości: Q467
added: Q79528 (Wydawnictwo Historyczne Tabularium Julian Skelnik)
ITEM: Wydawnictwo Uniwersytetu Marii Curie-Skłodowskiej
DODANO deklarację: 'instance of' (P47) o wartości: Q467
added: Q79529 (Wydawnictwo Uniwersytetu Marii Curie-Skłodowskiej)
ITEM: Walter de Gruyter
DODANO deklarację: 'instance of' (P47) o wartości: Q467
added: Q79530 (Walter de Gruyter)
ITEM: W.-Kohlhammer-Verlag
DODANO deklarację: 'instance of' (P47) o wartości: Q467
added: Q79531 (W.-Kohlhammer-Verlag)
ITEM: LexisNexis Polska
DODANO deklarację: 'instance of' (P47) o wartości: Q467
added: Q79532 (LexisNexis Polska)
ITEM: Wydawnictwo Uniwersytetu Wrocławskiego
DODANO deklarację: 'instance of' (P47) o wartości: Q467
added: Q79533 (Wydawnictwo Uniwersytetu Wrocławskiego)
ITEM: Wydawnictwo Naukowe PWN
DODANO deklarację: 'instance of' (P47) o wartości: Q467
added: Q79534 (Wydawnictwo Naukowe PWN)
ITEM: A. W. Kafemann
DODANO deklarację: 'instance of' (P47) o wartości: Q467
added: Q79535 (A. W. Kafemann)
ITEM: Wydawnictwo Morskie
DODANO deklarację: 'instance of' (P47) o wartości: Q467
added: Q79536 (Wydawnictwo Morskie)
ITEM: Herder-Institut
DODANO deklarację: 'instance of' (P47) o wartości: Q467
added: Q79537 (Herder-Institut)
ITEM: Wydawnictwo Lubelskie
DODANO deklarację: 'instance of' (P47) o wartości: Q467
added: Q79538 (Wydawnictwo Lubelskie)
ITEM: Wydawnictwo Neriton
DODANO deklarację: 'instance of' (P47) o wartości: Q467
added: Q79539 (Wydawnictwo Neriton)
ITEM: Považské múzeum v Žilinie
DODANO deklarację: 'instance of' (P47) o wartości: Q467
added: Q79540 (Považské múzeum v Žilinie)
ITEM: Národní galerie
DODANO deklarację: 'instance of' (P47) o wartości: Q467
added: Q79541 (Národní galerie)
ITEM: Nakladatelství Lidové Noviny
DODANO deklarację: 'instance of' (P47) o wartości: Q467
added: Q79542 (Nakladatelství Lidové Noviny)
ITEM: Casablanca
DODANO deklarację: 'instance of' (P47) o wartości: Q467
added: Q79543 (Casablanca)
ITEM: eBooki.com.pl
DODANO deklarację: 'instance of' (P47) o wartości: Q467
added: Q79544 (eBooki.com.pl)
ITEM: Instytut Geografii i Przestrzennego Zagospodarowania PAN
DODANO deklarację: 'instance of' (P47) o wartości: Q467
added: Q79545 (Instytut Geografii i Przestrzennego Zagospodarowania PAN)
ITEM: Polskie Towarzystwo Historyczne. Oddział w Łodzi
DODANO deklarację: 'instance of' (P47) o wartości: Q467
added: Q79546 (Polskie Towarzystwo Historyczne. Oddział w Łodzi)
ITEM: Izdatel'stvo "Mysl'"
DODANO deklarację: 'instance of' (P47) o wartości: Q467
added: Q79547 (Izdatel'stvo "Mysl'")
ITEM: Moskovskij gosudarstvennyj universitet im. M.V. Lomonosova
DODANO deklarację: 'instance of' (P47) o wartości: Q467
added: Q79548 (Moskovskij gosudarstvennyj universitet im. M.V. Lomonosova)
ITEM: Poznańskie Towarzystwo Przyjaciół Nauk
DODANO deklarację: 'instance of' (P47) o wartości: Q467
added: Q79549 (Poznańskie Towarzystwo Przyjaciół Nauk)
ITEM: Wydawnictwo Naukowe DWN
DODANO deklarację: 'instance of' (P47) o wartości: Q467
added: Q79550 (Wydawnictwo Naukowe DWN)
ITEM: Wydawnictwo Uniwersytetu Śląskiego
DODANO deklarację: 'instance of' (P47) o wartości: Q467
added: Q79551 (Wydawnictwo Uniwersytetu Śląskiego)
ITEM: Wydawnictwo Wiedza Powszechna
DODANO deklarację: 'instance of' (P47) o wartości: Q467
added: Q79552 (Wydawnictwo Wiedza Powszechna)
ITEM: Wydawnictwo IBL PAN
DODANO deklarację: 'instance of' (P47) o wartości: Q467
added: Q79553 (Wydawnictwo IBL PAN)
ITEM: Księgarnia Wydawnicza Trzaska, Evert i Michalski
DODANO deklarację: 'instance of' (P47) o wartości: Q467
added: Q79554 (Księgarnia Wydawnicza Trzaska, Evert i Michalski)
ITEM: Cykada
DODANO deklarację: 'instance of' (P47) o wartości: Q467
added: Q79555 (Cykada)
ITEM: Wydawnictwo Wilga
DODANO deklarację: 'instance of' (P47) o wartości: Q467
added: Q79556 (Wydawnictwo Wilga)
ITEM: Główny Urząd Statystyczny
DODANO deklarację: 'instance of' (P47) o wartości: Q467
added: Q79557 (Główny Urząd Statystyczny)
ITEM: Verlag für Regionalgeschichte
DODANO deklarację: 'instance of' (P47) o wartości: Q467
added: Q79558 (Verlag für Regionalgeschichte)
ITEM: Wydawnictwo Uniwersytetu Łódzkiego
DODANO deklarację: 'instance of' (P47) o wartości: Q467
added: Q79559 (Wydawnictwo Uniwersytetu Łódzkiego)
ITEM: A. W. Kafemann, STATEMENT: Lde, VALUE: A. W. Kafemann
LABEL ADDED/MODIFIED, item Q79535 (A. W. Kafemann): Lde -> A. W. Kafemann
ITEM: A. W. Kafemann, STATEMENT: located in, VALUE: Gdansk
STATEMENT ADDED, Q79535 (A. W. Kafemann): P219 -> Gdansk
ITEM: Casablanca, STATEMENT: Lcz, VALUE: Casablanca
ERROR: w instancji wikibase brak właściwości -> Lcz
ITEM: Casablanca, STATEMENT: located in, VALUE: Prague
STATEMENT ADDED, Q79543 (Casablanca): P219 -> Prague
ITEM: Casablanca, STATEMENT: ISBN publisher prefix, VALUE: 978-80-87292
STATEMENT ADDED, Q79543 (Casablanca): P220 -> 978-80-87292
ITEM: Deutsche Verlags-Anstalt, STATEMENT: Lde, VALUE: Deutsche Verlags-Anstalt
LABEL ADDED/MODIFIED, item Q79525 (Deutsche Verlags-Anstalt): Lde -> Deutsche Verlags-Anstalt
ITEM: Deutsche Verlags-Anstalt, STATEMENT: located in, VALUE: Stuttgart
STATEMENT ADDED, Q79525 (Deutsche Verlags-Anstalt): P219 -> Stuttgart
ITEM: Deutsche Verlags-Anstalt, STATEMENT: ISBN publisher prefix, VALUE: 3-421
STATEMENT ADDED, Q79525 (Deutsche Verlags-Anstalt): P220 -> 3-421
ITEM: Deutsche Verlags-Anstalt, STATEMENT: ISBN publisher prefix, VALUE: 978-3-421
STATEMENT ADDED, Q79525 (Deutsche Verlags-Anstalt): P220 -> 978-3-421
ITEM: Herder-Institut, STATEMENT: Lde, VALUE: Herder-Institut
LABEL ADDED/MODIFIED, item Q79537 (Herder-Institut): Lde -> Herder-Institut
ITEM: Herder-Institut, STATEMENT: located in, VALUE: Marburg
STATEMENT ADDED, Q79537 (Herder-Institut): P219 -> Marburg
ITEM: Herder-Institut, STATEMENT: ISBN publisher prefix, VALUE: 3-87969
STATEMENT ADDED, Q79537 (Herder-Institut): P220 -> 3-87969
ITEM: Izdatel'stvo "Mysl'", STATEMENT: Lru, VALUE: Издательство "Мысль"
LABEL ADDED/MODIFIED, item Q79547 (Izdatel'stvo "Mysl'"): Lru -> Издательство "Мысль"
ITEM: Izdatel'stvo "Mysl'", STATEMENT: Aru, VALUE: Izdatel'stvo "Mysl'"
ALIAS ADDED, item Q79547 (Izdatel'stvo "Mysl'"): Aru -> Izdatel'stvo "Mysl'"
ITEM: Izdatel'stvo "Mysl'", STATEMENT: located in, VALUE: Moscow
STATEMENT ADDED, Q79547 (Izdatel'stvo "Mysl'"): P219 -> Moscow
ITEM: LexisNexis Polska, STATEMENT: located in, VALUE: Warsaw
STATEMENT ADDED, Q79532 (LexisNexis Polska): P219 -> Warsaw
ITEM: LexisNexis Polska, STATEMENT: ISBN publisher prefix, VALUE: 978-83-278
STATEMENT ADDED, Q79532 (LexisNexis Polska): P220 -> 978-83-278
ITEM: LexisNexis Polska, STATEMENT: ISBN publisher prefix, VALUE: 978-83-7334
STATEMENT ADDED, Q79532 (LexisNexis Polska): P220 -> 978-83-7334
ITEM: LexisNexis Polska, STATEMENT: ISBN publisher prefix, VALUE: 978-83-7620
STATEMENT ADDED, Q79532 (LexisNexis Polska): P220 -> 978-83-7620
ITEM: LexisNexis Polska, STATEMENT: ISBN publisher prefix, VALUE: 978-83-7806
STATEMENT ADDED, Q79532 (LexisNexis Polska): P220 -> 978-83-7806
ITEM: Moskovskij gosudarstvennyj universitet im. M.V. Lomonosova, STATEMENT: Lru, VALUE: Московский государственный университет им. М.В. Ломоносова
LABEL ADDED/MODIFIED, item Q79548 (Moskovskij gosudarstvennyj universitet im. M.V. Lomonosova): Lru -> Московский государственный университет им. М.В. Ломоносова
ITEM: Moskovskij gosudarstvennyj universitet im. M.V. Lomonosova, STATEMENT: Aru, VALUE: Moskovskij gosudarstvennyj universitet im. M.V. Lomonosova
ALIAS ADDED, item Q79548 (Moskovskij gosudarstvennyj universitet im. M.V. Lomonosova): Aru -> Moskovskij gosudarstvennyj universitet im. M.V. Lomonosova
ITEM: Moskovskij gosudarstvennyj universitet im. M.V. Lomonosova, STATEMENT: located in, VALUE: Moscow
STATEMENT ADDED, Q79548 (Moskovskij gosudarstvennyj universitet im. M.V. Lomonosova): P219 -> Moscow
ITEM: Nakladatelství Lidové Noviny, STATEMENT: Lcz, VALUE: Nakladatelství Lidové Noviny
ERROR: w instancji wikibase brak właściwości -> Lcz
ITEM: Nakladatelství Lidové Noviny, STATEMENT: located in, VALUE: Prague
STATEMENT ADDED, Q79542 (Nakladatelství Lidové Noviny): P219 -> Prague
ITEM: Nakladatelství Lidové Noviny, STATEMENT: ISBN publisher prefix, VALUE: 978-80-7422
STATEMENT ADDED, Q79542 (Nakladatelství Lidové Noviny): P220 -> 978-80-7422
ITEM: Národní galerie, STATEMENT: Lcz, VALUE: Národní galerie
ERROR: w instancji wikibase brak właściwości -> Lcz
ITEM: Národní galerie, STATEMENT: located in, VALUE: Prague
STATEMENT ADDED, Q79541 (Národní galerie): P219 -> Prague
ITEM: Národní galerie, STATEMENT: ISBN publisher prefix, VALUE: 978-80-7035
STATEMENT ADDED, Q79541 (Národní galerie): P220 -> 978-80-7035
ITEM: Instytut Geografii i Przestrzennego Zagospodarowania PAN, STATEMENT: Apl, VALUE: Instytut Geografii i Przestrzennego Zagospodarowania im. Stanisława Leszczyckiego Polskiej Akademii Nauk
ALIAS ADDED, item Q79545 (Instytut Geografii i Przestrzennego Zagospodarowania PAN): Apl -> Instytut Geografii i Przestrzennego Zagospodarowania im. Stanisława Leszczyckiego Polskiej Akademii Nauk
ITEM: Instytut Geografii i Przestrzennego Zagospodarowania PAN, STATEMENT: Apl, VALUE: PAN. Instytut Geografii
ALIAS ADDED, item Q79545 (Instytut Geografii i Przestrzennego Zagospodarowania PAN): Apl -> PAN. Instytut Geografii
ITEM: Instytut Geografii i Przestrzennego Zagospodarowania PAN, STATEMENT: Apl, VALUE: Polska Akademia Nauk. Instytut Geografii
ALIAS ADDED, item Q79545 (Instytut Geografii i Przestrzennego Zagospodarowania PAN): Apl -> Polska Akademia Nauk. Instytut Geografii
ITEM: Instytut Geografii i Przestrzennego Zagospodarowania PAN, STATEMENT: located in, VALUE: Warsaw
STATEMENT ADDED, Q79545 (Instytut Geografii i Przestrzennego Zagospodarowania PAN): P219 -> Warsaw
ITEM: Instytut Geografii i Przestrzennego Zagospodarowania PAN, STATEMENT: ISBN publisher prefix, VALUE: 978-83-954525
STATEMENT ADDED, Q79545 (Instytut Geografii i Przestrzennego Zagospodarowania PAN): P220 -> 978-83-954525
ITEM: Instytut Geografii i Przestrzennego Zagospodarowania PAN, STATEMENT: ISBN publisher prefix, VALUE: 978-83-61590
STATEMENT ADDED, Q79545 (Instytut Geografii i Przestrzennego Zagospodarowania PAN): P220 -> 978-83-61590
ITEM: Instytut Geografii i Przestrzennego Zagospodarowania PAN, STATEMENT: ISBN publisher prefix, VALUE: 978-83-87954
STATEMENT ADDED, Q79545 (Instytut Geografii i Przestrzennego Zagospodarowania PAN): P220 -> 978-83-87954
ITEM: Instytut Geografii i Przestrzennego Zagospodarowania PAN, STATEMENT: ISBN publisher prefix, VALUE: 978-83-901355
STATEMENT ADDED, Q79545 (Instytut Geografii i Przestrzennego Zagospodarowania PAN): P220 -> 978-83-901355
ITEM: Instytut Geografii i Przestrzennego Zagospodarowania PAN, STATEMENT: ISBN publisher prefix, VALUE: 978-83-906310
STATEMENT ADDED, Q79545 (Instytut Geografii i Przestrzennego Zagospodarowania PAN): P220 -> 978-83-906310
ITEM: Polskie Towarzystwo Historyczne. Oddział w Łodzi, STATEMENT: located in, VALUE: Lodz
STATEMENT ADDED, Q79546 (Polskie Towarzystwo Historyczne. Oddział w Łodzi): P219 -> Lodz
ITEM: Polskie Towarzystwo Historyczne. Oddział w Łodzi, STATEMENT: ISBN publisher prefix, VALUE: 978-83-952563
STATEMENT ADDED, Q79546 (Polskie Towarzystwo Historyczne. Oddział w Łodzi): P220 -> 978-83-952563
ITEM: Polskie Towarzystwo Historyczne. Oddział w Łodzi, STATEMENT: ISBN publisher prefix, VALUE: 978-83-932421
STATEMENT ADDED, Q79546 (Polskie Towarzystwo Historyczne. Oddział w Łodzi): P220 -> 978-83-932421
ITEM: Polskie Towarzystwo Historyczne. Oddział w Łodzi, STATEMENT: ISBN publisher prefix, VALUE: 978-83-901099
STATEMENT ADDED, Q79546 (Polskie Towarzystwo Historyczne. Oddział w Łodzi): P220 -> 978-83-901099
ITEM: Polskie Towarzystwo Historyczne. Oddział w Łodzi, STATEMENT: ISBN publisher prefix, VALUE: 978-83-913417
STATEMENT ADDED, Q79546 (Polskie Towarzystwo Historyczne. Oddział w Łodzi): P220 -> 978-83-913417
ITEM: Polskie Towarzystwo Historyczne. Oddział w Łodzi, STATEMENT: ISBN publisher prefix, VALUE: 978-83-926472
STATEMENT ADDED, Q79546 (Polskie Towarzystwo Historyczne. Oddział w Łodzi): P220 -> 978-83-926472
ITEM: Považské múzeum v Žilinie, STATEMENT: Lsk, VALUE: Považské múzeum v Žilinie
LABEL ADDED/MODIFIED, item Q79540 (Považské múzeum v Žilinie): Lsk -> Považské múzeum v Žilinie
ITEM: Považské múzeum v Žilinie, STATEMENT: located in, VALUE: Žilina
STATEMENT ADDED, Q79540 (Považské múzeum v Žilinie): P219 -> Žilina
ITEM: Považské múzeum v Žilinie, STATEMENT: ISBN publisher prefix, VALUE: 978-80-88877
STATEMENT ADDED, Q79540 (Považské múzeum v Žilinie): P220 -> 978-80-88877
ITEM: eBooki.com.pl, STATEMENT: Apl, VALUE: iKontekst.pl Tomasz Kalota
ALIAS ADDED, item Q79544 (eBooki.com.pl): Apl -> iKontekst.pl Tomasz Kalota
ITEM: eBooki.com.pl, STATEMENT: Apl, VALUE: Wydawnictwo eBooki.com.pl
ALIAS ADDED, item Q79544 (eBooki.com.pl): Apl -> Wydawnictwo eBooki.com.pl
ITEM: eBooki.com.pl, STATEMENT: Aen, VALUE: Publishing House eBooki.com.pl
ALIAS ADDED, item Q79544 (eBooki.com.pl): Aen -> Publishing House eBooki.com.pl
ITEM: eBooki.com.pl, STATEMENT: Aen, VALUE: Publishing House Wydawnictwo eBooki.com.pl
ALIAS ADDED, item Q79544 (eBooki.com.pl): Aen -> Publishing House Wydawnictwo eBooki.com.pl
ITEM: eBooki.com.pl, STATEMENT: located in, VALUE: Wroclaw
STATEMENT ADDED, Q79544 (eBooki.com.pl): P219 -> Wroclaw
ITEM: eBooki.com.pl, STATEMENT: ISBN publisher prefix, VALUE: 978-83-927132
STATEMENT ADDED, Q79544 (eBooki.com.pl): P220 -> 978-83-927132
ITEM: eBooki.com.pl, STATEMENT: ISBN publisher prefix, VALUE: 978-83-65653
STATEMENT ADDED, Q79544 (eBooki.com.pl): P220 -> 978-83-65653
ITEM: eBooki.com.pl, STATEMENT: ISBN publisher prefix, VALUE: 978-83-942651
STATEMENT ADDED, Q79544 (eBooki.com.pl): P220 -> 978-83-942651
ITEM: eBooki.com.pl, STATEMENT: ISBN publisher prefix, VALUE: 978-83-927132
SKIP: element: 'Q79544' (eBooki.com.pl) już posiada deklarację: 'P220' o wartości: 978-83-927132.
ITEM: Skład główny w Księgarni E. Wendego i S-ki, STATEMENT: located in, VALUE: Warsaw
STATEMENT ADDED, Q79527 (Skład główny w Księgarni E. Wendego i S-ki): P219 -> Warsaw
ITEM: W.-Kohlhammer-Verlag, STATEMENT: Lde, VALUE: W.-Kohlhammer-Verlag
LABEL ADDED/MODIFIED, item Q79531 (W.-Kohlhammer-Verlag): Lde -> W.-Kohlhammer-Verlag
ITEM: W.-Kohlhammer-Verlag, STATEMENT: Ade, VALUE: Kohlhammer-Verlag
ALIAS ADDED, item Q79531 (W.-Kohlhammer-Verlag): Ade -> Kohlhammer-Verlag
ITEM: W.-Kohlhammer-Verlag, STATEMENT: Ade, VALUE: Verlag W. Kohlhammer
ALIAS ADDED, item Q79531 (W.-Kohlhammer-Verlag): Ade -> Verlag W. Kohlhammer
ITEM: W.-Kohlhammer-Verlag, STATEMENT: located in, VALUE: Stuttgart
STATEMENT ADDED, Q79531 (W.-Kohlhammer-Verlag): P219 -> Stuttgart
ITEM: W.-Kohlhammer-Verlag, STATEMENT: ISBN publisher prefix, VALUE: 3-17
STATEMENT ADDED, Q79531 (W.-Kohlhammer-Verlag): P220 -> 3-17
ITEM: W.-Kohlhammer-Verlag, STATEMENT: ISBN publisher prefix, VALUE: 978-3-17
STATEMENT ADDED, Q79531 (W.-Kohlhammer-Verlag): P220 -> 978-3-17
ITEM: Walter de Gruyter, STATEMENT: Lde, VALUE: Walter de Gruyter
LABEL ADDED/MODIFIED, item Q79530 (Walter de Gruyter): Lde -> Walter de Gruyter
ITEM: Walter de Gruyter, STATEMENT: located in, VALUE: Berlin
STATEMENT ADDED, Q79530 (Walter de Gruyter): P219 -> Berlin
ITEM: Walter de Gruyter, STATEMENT: ISBN publisher prefix, VALUE: 3-11
STATEMENT ADDED, Q79530 (Walter de Gruyter): P220 -> 3-11
ITEM: Walter de Gruyter, STATEMENT: ISBN publisher prefix, VALUE: 978-3-11
STATEMENT ADDED, Q79530 (Walter de Gruyter): P220 -> 978-3-11
ITEM: Wydawnictwo Historyczne Tabularium Julian Skelnik, STATEMENT: located in, VALUE: Gdansk
STATEMENT ADDED, Q79528 (Wydawnictwo Historyczne Tabularium Julian Skelnik): P219 -> Gdansk
ITEM: Wydawnictwo Historyczne Tabularium Julian Skelnik, STATEMENT: ISBN publisher prefix, VALUE: 978-83-63923
STATEMENT ADDED, Q79528 (Wydawnictwo Historyczne Tabularium Julian Skelnik): P220 -> 978-83-63923
ITEM: Wydawnictwo Literackie, STATEMENT: located in, VALUE: Cracow
STATEMENT ADDED, Q79522 (Wydawnictwo Literackie): P219 -> Cracow
ITEM: Wydawnictwo Literackie, STATEMENT: ISBN publisher prefix, VALUE: 978-83-08
STATEMENT ADDED, Q79522 (Wydawnictwo Literackie): P220 -> 978-83-08
ITEM: Wydawnictwo Lubelskie, STATEMENT: located in, VALUE: Lublin
STATEMENT ADDED, Q79538 (Wydawnictwo Lubelskie): P219 -> Lublin
ITEM: Wydawnictwo Lubelskie, STATEMENT: ISBN publisher prefix, VALUE: 978-83-222
STATEMENT ADDED, Q79538 (Wydawnictwo Lubelskie): P220 -> 978-83-222
ITEM: Wydawnictwo Lubelskie, STATEMENT: ISBN publisher prefix, VALUE: 978-83-87399
STATEMENT ADDED, Q79538 (Wydawnictwo Lubelskie): P220 -> 978-83-87399
ITEM: Wydawnictwo Morskie, STATEMENT: located in, VALUE: Gdansk
STATEMENT ADDED, Q79536 (Wydawnictwo Morskie): P219 -> Gdansk
ITEM: Wydawnictwo Morskie, STATEMENT: ISBN publisher prefix, VALUE: 83-215
STATEMENT ADDED, Q79536 (Wydawnictwo Morskie): P220 -> 83-215
ITEM: Wydawnictwo Morskie, STATEMENT: ISBN publisher prefix, VALUE: 978-83-215
STATEMENT ADDED, Q79536 (Wydawnictwo Morskie): P220 -> 978-83-215
ITEM: Wydawnictwo Naukowe PWN, STATEMENT: Apl, VALUE: Państwowe Wydawnictwo Naukowe
ALIAS ADDED, item Q79534 (Wydawnictwo Naukowe PWN): Apl -> Państwowe Wydawnictwo Naukowe
ITEM: Wydawnictwo Naukowe PWN, STATEMENT: Apl, VALUE: PWN
ALIAS ADDED, item Q79534 (Wydawnictwo Naukowe PWN): Apl -> PWN
ITEM: Wydawnictwo Naukowe PWN, STATEMENT: Apl, VALUE: Wydawnictwo Naukowe PWN SA
ALIAS ADDED, item Q79534 (Wydawnictwo Naukowe PWN): Apl -> Wydawnictwo Naukowe PWN SA
ITEM: Wydawnictwo Naukowe PWN, STATEMENT: Apl, VALUE: Wydawnictwo Naukowe PWN Spółka Akcyjna
ALIAS ADDED, item Q79534 (Wydawnictwo Naukowe PWN): Apl -> Wydawnictwo Naukowe PWN Spółka Akcyjna
ITEM: Wydawnictwo Naukowe PWN, STATEMENT: located in, VALUE: Warsaw
STATEMENT ADDED, Q79534 (Wydawnictwo Naukowe PWN): P219 -> Warsaw
ITEM: Wydawnictwo Naukowe PWN, STATEMENT: ISBN publisher prefix, VALUE: 83-01
STATEMENT ADDED, Q79534 (Wydawnictwo Naukowe PWN): P220 -> 83-01
ITEM: Wydawnictwo Naukowe PWN, STATEMENT: ISBN publisher prefix, VALUE: 978-83-01
STATEMENT ADDED, Q79534 (Wydawnictwo Naukowe PWN): P220 -> 978-83-01
ITEM: Wydawnictwo Naukowe Uniwersytetu Mikołaja Kopernika, STATEMENT: Apl, VALUE: Uniwersytet Mikołaja Kopernika. Dział Wydawnictw
ALIAS ADDED, item Q79520 (Wydawnictwo Naukowe Uniwersytetu Mikołaja Kopernika): Apl -> Uniwersytet Mikołaja Kopernika. Dział Wydawnictw
ITEM: Wydawnictwo Naukowe Uniwersytetu Mikołaja Kopernika, STATEMENT: Apl, VALUE: Uniwersytet Mikołaja Kopernika. Dział Wydawniczy
ALIAS ADDED, item Q79520 (Wydawnictwo Naukowe Uniwersytetu Mikołaja Kopernika): Apl -> Uniwersytet Mikołaja Kopernika. Dział Wydawniczy
ITEM: Wydawnictwo Naukowe Uniwersytetu Mikołaja Kopernika, STATEMENT: Apl, VALUE: Uniwersytet Mikołaja Kopernika w Toruniu. Wydawnictwo Naukowe
ALIAS ADDED, item Q79520 (Wydawnictwo Naukowe Uniwersytetu Mikołaja Kopernika): Apl -> Uniwersytet Mikołaja Kopernika w Toruniu. Wydawnictwo Naukowe
ITEM: Wydawnictwo Naukowe Uniwersytetu Mikołaja Kopernika, STATEMENT: Apl, VALUE: Wydawnictwo Uniwersytetu Mikołaja Kopernika
ALIAS ADDED, item Q79520 (Wydawnictwo Naukowe Uniwersytetu Mikołaja Kopernika): Apl -> Wydawnictwo Uniwersytetu Mikołaja Kopernika
ITEM: Wydawnictwo Naukowe Uniwersytetu Mikołaja Kopernika, STATEMENT: Ade, VALUE: Verlag der Nikolaus-Kopernikus-Universität
ALIAS ADDED, item Q79520 (Wydawnictwo Naukowe Uniwersytetu Mikołaja Kopernika): Ade -> Verlag der Nikolaus-Kopernikus-Universität
ITEM: Wydawnictwo Naukowe Uniwersytetu Mikołaja Kopernika, STATEMENT: located in, VALUE: Toruń
STATEMENT ADDED, Q79520 (Wydawnictwo Naukowe Uniwersytetu Mikołaja Kopernika): P219 -> Toruń
ITEM: Wydawnictwo Naukowe Uniwersytetu Mikołaja Kopernika, STATEMENT: ISBN publisher prefix, VALUE: 83-231
STATEMENT ADDED, Q79520 (Wydawnictwo Naukowe Uniwersytetu Mikołaja Kopernika): P220 -> 83-231
ITEM: Wydawnictwo Naukowe Uniwersytetu Mikołaja Kopernika, STATEMENT: ISBN publisher prefix, VALUE: 978-83-231
STATEMENT ADDED, Q79520 (Wydawnictwo Naukowe Uniwersytetu Mikołaja Kopernika): P220 -> 978-83-231
ITEM: Wydawnictwo Neriton, STATEMENT: Apl, VALUE: Neriton
ALIAS ADDED, item Q79539 (Wydawnictwo Neriton): Apl -> Neriton
ITEM: Wydawnictwo Neriton, STATEMENT: located in, VALUE: Warsaw
STATEMENT ADDED, Q79539 (Wydawnictwo Neriton): P219 -> Warsaw
ITEM: Wydawnictwo Neriton, STATEMENT: ISBN publisher prefix, VALUE: 978-83-7543
STATEMENT ADDED, Q79539 (Wydawnictwo Neriton): P220 -> 978-83-7543
ITEM: Wydawnictwo Neriton, STATEMENT: ISBN publisher prefix, VALUE: 978-83-86842
STATEMENT ADDED, Q79539 (Wydawnictwo Neriton): P220 -> 978-83-86842
ITEM: Wydawnictwo Neriton, STATEMENT: ISBN publisher prefix, VALUE: 978-83-88973
STATEMENT ADDED, Q79539 (Wydawnictwo Neriton): P220 -> 978-83-88973
ITEM: Wydawnictwo Neriton, STATEMENT: ISBN publisher prefix, VALUE: 978-83-89729
STATEMENT ADDED, Q79539 (Wydawnictwo Neriton): P220 -> 978-83-89729
ITEM: Wydawnictwo Neriton, STATEMENT: ISBN publisher prefix, VALUE: 978-83-900830
STATEMENT ADDED, Q79539 (Wydawnictwo Neriton): P220 -> 978-83-900830
ITEM: Wydawnictwo Neriton, STATEMENT: ISBN publisher prefix, VALUE: 978-83-902407
STATEMENT ADDED, Q79539 (Wydawnictwo Neriton): P220 -> 978-83-902407
ITEM: Wydawnictwo Poznańskie, STATEMENT: located in, VALUE: Poznan
STATEMENT ADDED, Q79521 (Wydawnictwo Poznańskie): P219 -> Poznan
ITEM: Wydawnictwo Poznańskie, STATEMENT: ISBN publisher prefix, VALUE: 83-7177
STATEMENT ADDED, Q79521 (Wydawnictwo Poznańskie): P220 -> 83-7177
ITEM: Wydawnictwo Poznańskie, STATEMENT: ISBN publisher prefix, VALUE: 978-83-210
STATEMENT ADDED, Q79521 (Wydawnictwo Poznańskie): P220 -> 978-83-210
ITEM: Wydawnictwo Poznańskie, STATEMENT: ISBN publisher prefix, VALUE: 978-83-7976
STATEMENT ADDED, Q79521 (Wydawnictwo Poznańskie): P220 -> 978-83-7976
ITEM: Wydawnictwo Poznańskie, STATEMENT: ISBN publisher prefix, VALUE: 978-83-66981
STATEMENT ADDED, Q79521 (Wydawnictwo Poznańskie): P220 -> 978-83-66981
ITEM: Wydawnictwo Poznańskie, STATEMENT: ISBN publisher prefix, VALUE: 978-83-66839
STATEMENT ADDED, Q79521 (Wydawnictwo Poznańskie): P220 -> 978-83-66839
ITEM: Wydawnictwo Poznańskie, STATEMENT: ISBN publisher prefix, VALUE: 978-83-66736
STATEMENT ADDED, Q79521 (Wydawnictwo Poznańskie): P220 -> 978-83-66736
ITEM: Wydawnictwo Poznańskie, STATEMENT: ISBN publisher prefix, VALUE: 978-83-66657
STATEMENT ADDED, Q79521 (Wydawnictwo Poznańskie): P220 -> 978-83-66657
ITEM: Wydawnictwo Poznańskie, STATEMENT: ISBN publisher prefix, VALUE: 978-83-66570
STATEMENT ADDED, Q79521 (Wydawnictwo Poznańskie): P220 -> 978-83-66570
ITEM: Wydawnictwo Poznańskie, STATEMENT: ISBN publisher prefix, VALUE: 978-83-66278
STATEMENT ADDED, Q79521 (Wydawnictwo Poznańskie): P220 -> 978-83-66278
ITEM: Wydawnictwo Poznańskie, STATEMENT: ISBN publisher prefix, VALUE: 978-83-66553
STATEMENT ADDED, Q79521 (Wydawnictwo Poznańskie): P220 -> 978-83-66553
ITEM: Wydawnictwo Poznańskie, STATEMENT: ISBN publisher prefix, VALUE: 978-83-66517
STATEMENT ADDED, Q79521 (Wydawnictwo Poznańskie): P220 -> 978-83-66517
ITEM: Wydawnictwo Poznańskie, STATEMENT: ISBN publisher prefix, VALUE: 978-83-66431
STATEMENT ADDED, Q79521 (Wydawnictwo Poznańskie): P220 -> 978-83-66431
ITEM: Wydawnictwo Poznańskie, STATEMENT: ISBN publisher prefix, VALUE: 978-83-66381
STATEMENT ADDED, Q79521 (Wydawnictwo Poznańskie): P220 -> 978-83-66381
ITEM: Wydawnictwo Poznańskie, STATEMENT: ISBN publisher prefix, VALUE: 978-83-7177
STATEMENT ADDED, Q79521 (Wydawnictwo Poznańskie): P220 -> 978-83-7177
ITEM: Wydawnictwo Poznańskie, STATEMENT: ISBN publisher prefix, VALUE: 978-83-86138
STATEMENT ADDED, Q79521 (Wydawnictwo Poznańskie): P220 -> 978-83-86138
ITEM: Wydawnictwo Uniwersytetu Jagiellońskiego, STATEMENT: located in, VALUE: Cracow
STATEMENT ADDED, Q79523 (Wydawnictwo Uniwersytetu Jagiellońskiego): P219 -> Cracow
ITEM: Wydawnictwo Uniwersytetu Jagiellońskiego, STATEMENT: ISBN publisher prefix, VALUE: 83-233
STATEMENT ADDED, Q79523 (Wydawnictwo Uniwersytetu Jagiellońskiego): P220 -> 83-233
ITEM: Wydawnictwo Uniwersytetu Jagiellońskiego, STATEMENT: ISBN publisher prefix, VALUE: 978-83-8179
STATEMENT ADDED, Q79523 (Wydawnictwo Uniwersytetu Jagiellońskiego): P220 -> 978-83-8179
ITEM: Wydawnictwo Uniwersytetu Jagiellońskiego, STATEMENT: ISBN publisher prefix, VALUE: 978-83-233
STATEMENT ADDED, Q79523 (Wydawnictwo Uniwersytetu Jagiellońskiego): P220 -> 978-83-233
ITEM: Wydawnictwo Uniwersytetu Marii Curie-Skłodowskiej, STATEMENT: Apl, VALUE: Wydawnictwo UMCS
ALIAS ADDED, item Q79529 (Wydawnictwo Uniwersytetu Marii Curie-Skłodowskiej): Apl -> Wydawnictwo UMCS
ITEM: Wydawnictwo Uniwersytetu Marii Curie-Skłodowskiej, STATEMENT: located in, VALUE: Lublin
STATEMENT ADDED, Q79529 (Wydawnictwo Uniwersytetu Marii Curie-Skłodowskiej): P219 -> Lublin
ITEM: Wydawnictwo Uniwersytetu Marii Curie-Skłodowskiej, STATEMENT: ISBN publisher prefix, VALUE: 978-83-227
STATEMENT ADDED, Q79529 (Wydawnictwo Uniwersytetu Marii Curie-Skłodowskiej): P220 -> 978-83-227
ITEM: Wydawnictwo Uniwersytetu Marii Curie-Skłodowskiej, STATEMENT: ISBN publisher prefix, VALUE: 978-83-7784
STATEMENT ADDED, Q79529 (Wydawnictwo Uniwersytetu Marii Curie-Skłodowskiej): P220 -> 978-83-7784
ITEM: Wydawnictwo Uniwersytetu Marii Curie-Skłodowskiej, STATEMENT: ISBN publisher prefix, VALUE: 978-83-227
SKIP: element: 'Q79529' (Wydawnictwo Uniwersytetu Marii Curie-Skłodowskiej) już posiada deklarację: 'P220' o wartości: 978-83-227.
ITEM: Wydawnictwo Uniwersytetu Wrocławskiego, STATEMENT: located in, VALUE: Wroclaw
STATEMENT ADDED, Q79533 (Wydawnictwo Uniwersytetu Wrocławskiego): P219 -> Wroclaw
ITEM: Wydawnictwo Uniwersytetu Wrocławskiego, STATEMENT: ISBN publisher prefix, VALUE: 83-229
STATEMENT ADDED, Q79533 (Wydawnictwo Uniwersytetu Wrocławskiego): P220 -> 83-229
ITEM: Wydawnictwo Uniwersytetu Wrocławskiego, STATEMENT: ISBN publisher prefix, VALUE: 978-83-229
STATEMENT ADDED, Q79533 (Wydawnictwo Uniwersytetu Wrocławskiego): P220 -> 978-83-229
ITEM: Wydział Prawa i Administracji Uniwersytetu Jagiellońskiego, STATEMENT: located in, VALUE: Cracow
STATEMENT ADDED, Q79524 (Wydział Prawa i Administracji Uniwersytetu Jagiellońskiego): P219 -> Cracow
ITEM: Wydział Prawa i Administracji Uniwersytetu Jagiellońskiego, STATEMENT: ISBN publisher prefix, VALUE: 978-83-925244
STATEMENT ADDED, Q79524 (Wydział Prawa i Administracji Uniwersytetu Jagiellońskiego): P220 -> 978-83-925244
ITEM: Zakład Narodowy im. Ossolińskich, STATEMENT: Apl, VALUE: Ossolineum
ALIAS ADDED, item Q79526 (Zakład Narodowy im. Ossolińskich): Apl -> Ossolineum
ITEM: Zakład Narodowy im. Ossolińskich, STATEMENT: Apl, VALUE: Wydawnictwo Ossolineum
ALIAS ADDED, item Q79526 (Zakład Narodowy im. Ossolińskich): Apl -> Wydawnictwo Ossolineum
ITEM: Zakład Narodowy im. Ossolińskich, STATEMENT: Apl, VALUE: Zakład Narodowy im. Ossolińskich. Wydawnictwo PAN
ALIAS ADDED, item Q79526 (Zakład Narodowy im. Ossolińskich): Apl -> Zakład Narodowy im. Ossolińskich. Wydawnictwo PAN
ITEM: Zakład Narodowy im. Ossolińskich, STATEMENT: located in, VALUE: Wroclaw
STATEMENT ADDED, Q79526 (Zakład Narodowy im. Ossolińskich): P219 -> Wroclaw
ITEM: Zakład Narodowy im. Ossolińskich, STATEMENT: ISBN publisher prefix, VALUE: 83-04
STATEMENT ADDED, Q79526 (Zakład Narodowy im. Ossolińskich): P220 -> 83-04
ITEM: Zakład Narodowy im. Ossolińskich, STATEMENT: ISBN publisher prefix, VALUE: 978-83-04
STATEMENT ADDED, Q79526 (Zakład Narodowy im. Ossolińskich): P220 -> 978-83-04
ITEM: Zakład Narodowy im. Ossolińskich, STATEMENT: ISBN publisher prefix, VALUE: 978-83-65588
STATEMENT ADDED, Q79526 (Zakład Narodowy im. Ossolińskich): P220 -> 978-83-65588
ITEM: Zakład Narodowy im. Ossolińskich, STATEMENT: ISBN publisher prefix, VALUE: 978-83-66267
STATEMENT ADDED, Q79526 (Zakład Narodowy im. Ossolińskich): P220 -> 978-83-66267
ITEM: Zakład Narodowy im. Ossolińskich, STATEMENT: ISBN publisher prefix, VALUE: 978-83-66257
STATEMENT ADDED, Q79526 (Zakład Narodowy im. Ossolińskich): P220 -> 978-83-66257
ITEM: Zakład Narodowy im. Ossolińskich, STATEMENT: ISBN publisher prefix, VALUE: 978-83-61056
STATEMENT ADDED, Q79526 (Zakład Narodowy im. Ossolińskich): P220 -> 978-83-61056
ITEM: Zakład Narodowy im. Ossolińskich, STATEMENT: ISBN publisher prefix, VALUE: 978-83-922793
STATEMENT ADDED, Q79526 (Zakład Narodowy im. Ossolińskich): P220 -> 978-83-922793
ITEM: Poznańskie Towarzystwo Przyjaciół Nauk, STATEMENT: Apl, VALUE: PTPN
ALIAS ADDED, item Q79549 (Poznańskie Towarzystwo Przyjaciół Nauk): Apl -> PTPN
ITEM: Poznańskie Towarzystwo Przyjaciół Nauk, STATEMENT: located in, VALUE: Poznan
STATEMENT ADDED, Q79549 (Poznańskie Towarzystwo Przyjaciół Nauk): P219 -> Poznan
ITEM: Poznańskie Towarzystwo Przyjaciół Nauk, STATEMENT: ISBN publisher prefix, VALUE: 978-83-7654
STATEMENT ADDED, Q79549 (Poznańskie Towarzystwo Przyjaciół Nauk): P220 -> 978-83-7654
ITEM: Poznańskie Towarzystwo Przyjaciół Nauk, STATEMENT: ISBN publisher prefix, VALUE: 978-83-7063
STATEMENT ADDED, Q79549 (Poznańskie Towarzystwo Przyjaciół Nauk): P220 -> 978-83-7063
ITEM: Cykada, STATEMENT: Apl, VALUE: Cykada spółka jawna, Sławomir Dobroszek, Sławomir Bojarski
ALIAS ADDED, item Q79555 (Cykada): Apl -> Cykada spółka jawna, Sławomir Dobroszek, Sławomir Bojarski
ITEM: Cykada, STATEMENT: located in, VALUE: Warsaw
STATEMENT ADDED, Q79555 (Cykada): P219 -> Warsaw
ITEM: Cykada, STATEMENT: ISBN publisher prefix, VALUE: 978-83-914594
STATEMENT ADDED, Q79555 (Cykada): P220 -> 978-83-914594
ITEM: Główny Urząd Statystyczny, STATEMENT: Apl, VALUE: GUS
ALIAS ADDED, item Q79557 (Główny Urząd Statystyczny): Apl -> GUS
ITEM: Główny Urząd Statystyczny, STATEMENT: located in, VALUE: Warsaw
STATEMENT ADDED, Q79557 (Główny Urząd Statystyczny): P219 -> Warsaw
ITEM: Główny Urząd Statystyczny, STATEMENT: ISBN publisher prefix, VALUE: 978-83-66466
STATEMENT ADDED, Q79557 (Główny Urząd Statystyczny): P220 -> 978-83-66466
ITEM: Księgarnia Wydawnicza Trzaska, Evert i Michalski, STATEMENT: Apl, VALUE: Trzaska, Evert i Michalski
ALIAS ADDED, item Q79554 (Księgarnia Wydawnicza Trzaska, Evert i Michalski): Apl -> Trzaska, Evert i Michalski
ITEM: Księgarnia Wydawnicza Trzaska, Evert i Michalski, STATEMENT: located in, VALUE: Warsaw
STATEMENT ADDED, Q79554 (Księgarnia Wydawnicza Trzaska, Evert i Michalski): P219 -> Warsaw
ITEM: Państwowe Wydawnictwo Wiedza Powszechna, STATEMENT: Apl, VALUE: Państwowe Wydawnictwo Wiedza Powszechna
ERROR: brak elementu -> Państwowe Wydawnictwo Wiedza Powszechna
ITEM: Państwowe Wydawnictwo Wiedza Powszechna, STATEMENT: Apl, VALUE: Wiedza Powszechna
ERROR: brak elementu -> Państwowe Wydawnictwo Wiedza Powszechna
ITEM: Państwowe Wydawnictwo Wiedza Powszechna, STATEMENT: located in, VALUE: Warsaw
ERROR: brak elementu -> Państwowe Wydawnictwo Wiedza Powszechna
ITEM: Państwowe Wydawnictwo Wiedza Powszechna, STATEMENT: ISBN publisher prefix, VALUE: 83-214
ERROR: brak elementu -> Państwowe Wydawnictwo Wiedza Powszechna
ITEM: Państwowe Wydawnictwo Wiedza Powszechna, STATEMENT: ISBN publisher prefix, VALUE: 978-83-214
ERROR: brak elementu -> Państwowe Wydawnictwo Wiedza Powszechna
ITEM: Verlag für Regionalgeschichte, STATEMENT: Lde, VALUE: Verlag für Regionalgeschichte
LABEL ADDED/MODIFIED, item Q79558 (Verlag für Regionalgeschichte): Lde -> Verlag für Regionalgeschichte
ITEM: Verlag für Regionalgeschichte, STATEMENT: located in, VALUE: Bielefeld
STATEMENT ADDED, Q79558 (Verlag für Regionalgeschichte): P219 -> Bielefeld
ITEM: Verlag für Regionalgeschichte, STATEMENT: ISBN publisher prefix, VALUE: 3-89534
STATEMENT ADDED, Q79558 (Verlag für Regionalgeschichte): P220 -> 3-89534
ITEM: Verlag für Regionalgeschichte, STATEMENT: ISBN publisher prefix, VALUE: 978-3-89534
STATEMENT ADDED, Q79558 (Verlag für Regionalgeschichte): P220 -> 978-3-89534
ITEM: Wydawnictwo IBL PAN, STATEMENT: Apl, VALUE: IBL PAN. Wydawnictwo
ALIAS ADDED, item Q79553 (Wydawnictwo IBL PAN): Apl -> IBL PAN. Wydawnictwo
ITEM: Wydawnictwo IBL PAN, STATEMENT: Apl, VALUE: Instytut Badań Literackich PAN. Wydawnictwo
ALIAS ADDED, item Q79553 (Wydawnictwo IBL PAN): Apl -> Instytut Badań Literackich PAN. Wydawnictwo
ITEM: Wydawnictwo IBL PAN, STATEMENT: Apl, VALUE: Wydawnictwo Instytutu Badań Literackich PAN
ALIAS ADDED, item Q79553 (Wydawnictwo IBL PAN): Apl -> Wydawnictwo Instytutu Badań Literackich PAN
ITEM: Wydawnictwo IBL PAN, STATEMENT: located in, VALUE: Warsaw
STATEMENT ADDED, Q79553 (Wydawnictwo IBL PAN): P219 -> Warsaw
ITEM: Wydawnictwo IBL PAN, STATEMENT: ISBN publisher prefix, VALUE: 978-83-66448
STATEMENT ADDED, Q79553 (Wydawnictwo IBL PAN): P220 -> 978-83-66448
ITEM: Wydawnictwo IBL PAN, STATEMENT: ISBN publisher prefix, VALUE: 978-83-66898
STATEMENT ADDED, Q79553 (Wydawnictwo IBL PAN): P220 -> 978-83-66898
ITEM: Wydawnictwo IBL PAN, STATEMENT: ISBN publisher prefix, VALUE: 978-83-65573
STATEMENT ADDED, Q79553 (Wydawnictwo IBL PAN): P220 -> 978-83-65573
ITEM: Wydawnictwo IBL PAN, STATEMENT: ISBN publisher prefix, VALUE: 978-83-66076
STATEMENT ADDED, Q79553 (Wydawnictwo IBL PAN): P220 -> 978-83-66076
ITEM: Wydawnictwo IBL PAN, STATEMENT: ISBN publisher prefix, VALUE: 978-83-65832
STATEMENT ADDED, Q79553 (Wydawnictwo IBL PAN): P220 -> 978-83-65832
ITEM: Wydawnictwo IBL PAN, STATEMENT: ISBN publisher prefix, VALUE: 978-83-64703
STATEMENT ADDED, Q79553 (Wydawnictwo IBL PAN): P220 -> 978-83-64703
ITEM: Wydawnictwo IBL PAN, STATEMENT: ISBN publisher prefix, VALUE: 978-83-61552
STATEMENT ADDED, Q79553 (Wydawnictwo IBL PAN): P220 -> 978-83-61552
ITEM: Wydawnictwo IBL PAN, STATEMENT: ISBN publisher prefix, VALUE: 978-83-85605
STATEMENT ADDED, Q79553 (Wydawnictwo IBL PAN): P220 -> 978-83-85605
ITEM: Wydawnictwo IBL PAN, STATEMENT: ISBN publisher prefix, VALUE: 978-83-87456
STATEMENT ADDED, Q79553 (Wydawnictwo IBL PAN): P220 -> 978-83-87456
ITEM: Wydawnictwo IBL PAN, STATEMENT: ISBN publisher prefix, VALUE: 978-83-89348
STATEMENT ADDED, Q79553 (Wydawnictwo IBL PAN): P220 -> 978-83-89348
ITEM: Wydawnictwo IBL PAN, STATEMENT: ISBN publisher prefix, VALUE: 978-83-900087
STATEMENT ADDED, Q79553 (Wydawnictwo IBL PAN): P220 -> 978-83-900087
ITEM: Wydawnictwo Naukowe DWN, STATEMENT: located in, VALUE: Cracow
STATEMENT ADDED, Q79550 (Wydawnictwo Naukowe DWN): P219 -> Cracow
ITEM: Wydawnictwo Naukowe DWN, STATEMENT: ISBN publisher prefix, VALUE: 978-83-87623
STATEMENT ADDED, Q79550 (Wydawnictwo Naukowe DWN): P220 -> 978-83-87623
ITEM: Wydawnictwo Naukowe DWN, STATEMENT: ISBN publisher prefix, VALUE: 978-83-900525
STATEMENT ADDED, Q79550 (Wydawnictwo Naukowe DWN): P220 -> 978-83-900525
ITEM: Wydawnictwo Naukowe DWN, STATEMENT: ISBN publisher prefix, VALUE: 978-83-901515
STATEMENT ADDED, Q79550 (Wydawnictwo Naukowe DWN): P220 -> 978-83-901515
ITEM: Wydawnictwo Uniwersytetu Łódzkiego, STATEMENT: located in, VALUE: Lodz
STATEMENT ADDED, Q79559 (Wydawnictwo Uniwersytetu Łódzkiego): P219 -> Lodz
ITEM: Wydawnictwo Uniwersytetu Łódzkiego, STATEMENT: ISBN publisher prefix, VALUE: 978-83-8088
STATEMENT ADDED, Q79559 (Wydawnictwo Uniwersytetu Łódzkiego): P220 -> 978-83-8088
ITEM: Wydawnictwo Uniwersytetu Łódzkiego, STATEMENT: ISBN publisher prefix, VALUE: 978-83-8220
STATEMENT ADDED, Q79559 (Wydawnictwo Uniwersytetu Łódzkiego): P220 -> 978-83-8220
ITEM: Wydawnictwo Uniwersytetu Łódzkiego, STATEMENT: ISBN publisher prefix, VALUE: 978-83-8142
STATEMENT ADDED, Q79559 (Wydawnictwo Uniwersytetu Łódzkiego): P220 -> 978-83-8142
ITEM: Wydawnictwo Uniwersytetu Łódzkiego, STATEMENT: ISBN publisher prefix, VALUE: 978-83-7969
STATEMENT ADDED, Q79559 (Wydawnictwo Uniwersytetu Łódzkiego): P220 -> 978-83-7969
ITEM: Wydawnictwo Uniwersytetu Łódzkiego, STATEMENT: ISBN publisher prefix, VALUE: 978-83-7016
STATEMENT ADDED, Q79559 (Wydawnictwo Uniwersytetu Łódzkiego): P220 -> 978-83-7016
ITEM: Wydawnictwo Uniwersytetu Łódzkiego, STATEMENT: ISBN publisher prefix, VALUE: 978-83-7171
STATEMENT ADDED, Q79559 (Wydawnictwo Uniwersytetu Łódzkiego): P220 -> 978-83-7171
ITEM: Wydawnictwo Uniwersytetu Łódzkiego, STATEMENT: ISBN publisher prefix, VALUE: 978-83-7525
STATEMENT ADDED, Q79559 (Wydawnictwo Uniwersytetu Łódzkiego): P220 -> 978-83-7525
ITEM: Wydawnictwo Uniwersytetu Śląskiego, STATEMENT: located in, VALUE: Katowice
STATEMENT ADDED, Q79551 (Wydawnictwo Uniwersytetu Śląskiego): P219 -> Katowice
ITEM: Wydawnictwo Uniwersytetu Śląskiego, STATEMENT: ISBN publisher prefix, VALUE: 83-226
STATEMENT ADDED, Q79551 (Wydawnictwo Uniwersytetu Śląskiego): P220 -> 83-226
ITEM: Wydawnictwo Uniwersytetu Śląskiego, STATEMENT: ISBN publisher prefix, VALUE: 978-83-8012
STATEMENT ADDED, Q79551 (Wydawnictwo Uniwersytetu Śląskiego): P220 -> 978-83-8012
ITEM: Wydawnictwo Uniwersytetu Śląskiego, STATEMENT: ISBN publisher prefix, VALUE: 978-83-226
STATEMENT ADDED, Q79551 (Wydawnictwo Uniwersytetu Śląskiego): P220 -> 978-83-226
ITEM: Wydawnictwo Wilga, STATEMENT: Apl, VALUE: Wilga
ALIAS ADDED, item Q79556 (Wydawnictwo Wilga): Apl -> Wilga
ITEM: Wydawnictwo Wilga, STATEMENT: located in, VALUE: Warsaw
STATEMENT ADDED, Q79556 (Wydawnictwo Wilga): P219 -> Warsaw
ITEM: Wydawnictwo Wilga, STATEMENT: ISBN publisher prefix, VALUE: 978-83-259
STATEMENT ADDED, Q79556 (Wydawnictwo Wilga): P220 -> 978-83-259
ITEM: Wydawnictwo Wilga, STATEMENT: ISBN publisher prefix, VALUE: 978-83-7156
STATEMENT ADDED, Q79556 (Wydawnictwo Wilga): P220 -> 978-83-7156
ITEM: Wydawnictwo Wilga, STATEMENT: ISBN publisher prefix, VALUE: 978-83-7375
STATEMENT ADDED, Q79556 (Wydawnictwo Wilga): P220 -> 978-83-7375
ITEM: Wydawnictwo Wilga, STATEMENT: ISBN publisher prefix, VALUE: 978-83-86664
STATEMENT ADDED, Q79556 (Wydawnictwo Wilga): P220 -> 978-83-86664
ITEM: Wydawnictwo Wilga, STATEMENT: ISBN publisher prefix, VALUE: 978-83-901029
STATEMENT ADDED, Q79556 (Wydawnictwo Wilga): P220 -> 978-83-901029
ITEM: Wydawnictwo Wilga, STATEMENT: ISBN publisher prefix, VALUE: 978-83-903028
STATEMENT ADDED, Q79556 (Wydawnictwo Wilga): P220 -> 978-83-903028
