Dodano nowy element: archdeaconry Dobrzyń / archidiakonat Dobrzyń = Q224432
Dodano nowy element: archdeaconry Gdańsk / archidiakonat Gdańsk = Q224433
Dodano nowy element: archdeaconry Głogów Wielki / archidiakonat Głogów Wielki = Q224434
Dodano nowy element: archdeaconry Gniezno / archidiakonat Gniezno = Q224435
Dodano nowy element: archdeaconry Kalisz / archidiakonat Kalisz = Q224436
Dodano nowy element: archdeaconry Kamień / archidiakonat Kamień = Q224437
Dodano nowy element: deaconry Kielce / dziekania Kielce = Q224438
Dodano nowy element: provostship Kielce / prepozytura Kielce = Q224439
Dodano nowy element: archdeaconry Kraków / archidiakonat Kraków = Q224440
Dodano nowy element: archdeaconry Kruszwica / archidiakonat Kruszwica = Q224441
Dodano nowy element: archdeaconry Kurzelów / archidiakonat Kurzelów = Q224442
Dodano nowy element: archdeaconry Łęczyca / archidiakonat Łęczyca = Q224443
Dodano nowy element: archdeaconry Łowicz / archidiakonat Łowicz = Q224444
Dodano nowy element: archdeaconry Lublin / archidiakonat Lublin = Q224445
Dodano nowy element: archdeaconry Nowy Sącz / archidiakonat Nowy Sącz = Q224446
Dodano nowy element: archdeaconry Opole / archidiakonat Opole = Q224447
Dodano nowy element: archdeaconry Płock / archidiakonat Płock = Q224448
Dodano nowy element: archdeaconry Poznań / archidiakonat Poznań = Q224449
Dodano nowy element: archdeaconry Pszczew / archidiakonat Pszczew = Q224450
Dodano nowy element: archdeaconry Pułtusk / archidiakonat Pułtusk = Q224451
Dodano nowy element: archdeaconry Sandomierz / archidiakonat Sandomierz = Q224452
Dodano nowy element: archdeaconry Śrem / archidiakonat Śrem = Q224453
Dodano nowy element: provostship Tarnów / prepozytura Tarnów = Q224454
Dodano nowy element: archdeaconry Uniejów / archidiakonat Uniejów = Q224455
Dodano nowy element: archdeaconry Warszawa / archidiakonat Warszawa = Q224456
Dodano nowy element: territory Wieluń / terytorium Wieluń = Q224457
Dodano nowy element: archdeaconry Włocławek / archidiakonat Włocławek = Q224458
Dodano nowy element: archdeaconry Wrocław / archidiakonat Wrocław = Q224459
Dodano nowy element: archdeaconry Zawichost / archidiakonat Zawichost = Q224460
