Dodano nowy element: district bialski / powiat bialski = Q224316
Dodano do elementu Q224178 deklarację: 'has part or parts' -> Q224316
Dodano nowy element: district biecki / powiat biecki = Q224317
Dodano do elementu Q224202 deklarację: 'has part or parts' -> Q224317
Dodano nowy element: district bielski / powiat bielski = Q224318
Dodano do elementu Q224207 deklarację: 'has part or parts' -> Q224318
Dodano nowy element: district bielski / powiat bielski = Q224319
Dodano do elementu Q224208 deklarację: 'has part or parts' -> Q224319
Dodano nowy element: district błoński / powiat błoński = Q224320
Dodano do elementu Q224206 deklarację: 'has part or parts' -> Q224320
Dodano nowy element: district brzeski / powiat brzeski = Q224321
Dodano do elementu Q224197 deklarację: 'has part or parts' -> Q224321
Dodano nowy element: district brzeziński / powiat brzeziński = Q224322
Dodano do elementu Q224203 deklarację: 'has part or parts' -> Q224322
Dodano nowy element: district bydgoski / powiat bydgoski = Q224323
Dodano do elementu Q224200 deklarację: 'has part or parts' -> Q224323
Dodano nowy element: district chęciński / powiat chęciński = Q224324
Dodano do elementu Q224212 deklarację: 'has part or parts' -> Q224324
Dodano nowy element: district chełmiński / powiat chełmiński = Q224325
Dodano do elementu Q224198 deklarację: 'has part or parts' -> Q224325
Dodano nowy element: district ciechanowski / powiat ciechanowski = Q224326
Dodano do elementu Q224206 deklarację: 'has part or parts' -> Q224326
Dodano nowy element: district czerski / powiat czerski = Q224327
Dodano do elementu Q224206 deklarację: 'has part or parts' -> Q224327
Dodano nowy element: district człuchowski / powiat człuchowski = Q224328
Dodano do elementu Q224209 deklarację: 'has part or parts' -> Q224328
Dodano nowy element: district dobrzyński / powiat dobrzyński = Q224329
Dodano do elementu Q224199 deklarację: 'has part or parts' -> Q224329
Dodano nowy element: district drohicki / powiat drohicki = Q224330
Dodano do elementu Q224208 deklarację: 'has part or parts' -> Q224330
Dodano nowy element: district gąbiński / powiat gąbiński = Q224331
Dodano do elementu Q224178 deklarację: 'has part or parts' -> Q224331
Dodano nowy element: district garwoliński / powiat garwoliński = Q224332
Dodano do elementu Q224206 deklarację: 'has part or parts' -> Q224332
Dodano nowy element: district gdański / powiat gdański = Q224333
Dodano do elementu Q224209 deklarację: 'has part or parts' -> Q224333
Dodano nowy element: district gnieźnieński / powiat gnieźnieński = Q224334
Dodano do elementu Q224201 deklarację: 'has part or parts' -> Q224334
Dodano nowy element: district gostyniński / powiat gostyniński = Q224335
Dodano do elementu Q224178 deklarację: 'has part or parts' -> Q224335
Dodano nowy element: district grodzieński / powiat grodzieński = Q224336
Dodano do elementu Q224214 deklarację: 'has part or parts' -> Q224336
Dodano nowy element: district grójecki / powiat grójecki = Q224337
Dodano do elementu Q224206 deklarację: 'has part or parts' -> Q224337
Dodano nowy element: district inowrocławski / powiat inowrocławski = Q224338
Dodano do elementu Q224200 deklarację: 'has part or parts' -> Q224338
Dodano nowy element: district kaliski / powiat kaliski = Q224339
Dodano do elementu Q224201 deklarację: 'has part or parts' -> Q224339
Dodano nowy element: district kamieniecki / powiat kamieniecki = Q224340
Dodano do elementu Q224206 deklarację: 'has part or parts' -> Q224340
Dodano nowy element: district kcyński / powiat kcyński = Q224341
Dodano do elementu Q224201 deklarację: 'has part or parts' -> Q224341
Dodano nowy element: district kolneński / powiat kolneński = Q224342
Dodano do elementu Q224206 deklarację: 'has part or parts' -> Q224342
Dodano nowy element: district koniński / powiat koniński = Q224343
Dodano do elementu Q224201 deklarację: 'has part or parts' -> Q224343
Dodano nowy element: district kościański / powiat kościański = Q224344
Dodano do elementu Q224210 deklarację: 'has part or parts' -> Q224344
Dodano nowy element: district kowalski / powiat kowalski = Q224345
Dodano do elementu Q224197 deklarację: 'has part or parts' -> Q224345
Dodano nowy element: district kruszwicki / powiat kruszwicki = Q224346
Dodano do elementu Q224197 deklarację: 'has part or parts' -> Q224346
Dodano nowy element: district ksiąski / powiat ksiąski = Q224347
Dodano do elementu Q224202 deklarację: 'has part or parts' -> Q224347
Dodano nowy element: district łęczycki / powiat łęczycki = Q224348
Dodano do elementu Q224203 deklarację: 'has part or parts' -> Q224348
Dodano nowy element: district lelowski / powiat lelowski = Q224349
Dodano do elementu Q224202 deklarację: 'has part or parts' -> Q224349
Dodano nowy element: district lipnowski / powiat lipnowski = Q224350
Dodano do elementu Q224199 deklarację: 'has part or parts' -> Q224350
Dodano nowy element: district liwski / powiat liwski = Q224351
Dodano do elementu Q224206 deklarację: 'has part or parts' -> Q224351
Dodano nowy element: district łomżyński / powiat łomżyński = Q224352
Dodano do elementu Q224206 deklarację: 'has part or parts' -> Q224352
Dodano nowy element: district lubelski / powiat lubelski = Q224353
Dodano do elementu Q224204 deklarację: 'has part or parts' -> Q224353
Dodano nowy element: district łukowski / powiat łukowski = Q224354
Dodano do elementu Q224204 deklarację: 'has part or parts' -> Q224354
Dodano nowy element: district makowski / powiat makowski = Q224355
Dodano do elementu Q224206 deklarację: 'has part or parts' -> Q224355
Dodano nowy element: district malborski / powiat malborski = Q224356
Dodano do elementu Q224205 deklarację: 'has part or parts' -> Q224356
Dodano nowy element: district michałowski / powiat michałowski = Q224357
Dodano do elementu Q224198 deklarację: 'has part or parts' -> Q224357
Dodano nowy element: district mielnicki / powiat mielnicki = Q224358
Dodano do elementu Q224208 deklarację: 'has part or parts' -> Q224358
Dodano nowy element: district mirachowski / powiat mirachowski = Q224359
Dodano do elementu Q224209 deklarację: 'has part or parts' -> Q224359
Dodano nowy element: district mławski / powiat mławski = Q224360
Dodano do elementu Q224207 deklarację: 'has part or parts' -> Q224360
Dodano nowy element: district mszczonowski / powiat mszczonowski = Q224361
Dodano do elementu Q224178 deklarację: 'has part or parts' -> Q224361
Dodano nowy element: district nakielski / powiat nakielski = Q224362
Dodano do elementu Q224201 deklarację: 'has part or parts' -> Q224362
Dodano nowy element: district niedzborski / powiat niedzborski = Q224363
Dodano do elementu Q224207 deklarację: 'has part or parts' -> Q224363
Dodano nowy element: district nowomiejski / powiat nowomiejski = Q224364
Dodano do elementu Q224206 deklarację: 'has part or parts' -> Q224364
Dodano nowy element: district nowski / powiat nowski = Q224365
Dodano do elementu Q224209 deklarację: 'has part or parts' -> Q224365
Dodano nowy element: district nurski / powiat nurski = Q224366
Dodano do elementu Q224206 deklarację: 'has part or parts' -> Q224366
Dodano nowy element: district opoczyński / powiat opoczyński = Q224367
Dodano do elementu Q224212 deklarację: 'has part or parts' -> Q224367
Dodano nowy element: district orłowski / powiat orłowski = Q224368
Dodano do elementu Q224203 deklarację: 'has part or parts' -> Q224368
Dodano nowy element: district ostrołęcki / powiat ostrołęcki = Q224369
Dodano do elementu Q224206 deklarację: 'has part or parts' -> Q224369
Dodano nowy element: district ostrowski / powiat ostrowski = Q224370
Dodano do elementu Q224206 deklarację: 'has part or parts' -> Q224370
Dodano nowy element: district ostrzeszowski / powiat ostrzeszowski = Q224371
Dodano do elementu Q224213 deklarację: 'has part or parts' -> Q224371
Dodano nowy element: district pilzneński / powiat pilzneński = Q224372
Dodano do elementu Q224212 deklarację: 'has part or parts' -> Q224372
Dodano nowy element: district piotrkowski / powiat piotrkowski = Q224373
Dodano do elementu Q224213 deklarację: 'has part or parts' -> Q224373
Dodano nowy element: district płocki / powiat płocki = Q224374
Dodano do elementu Q224207 deklarację: 'has part or parts' -> Q224374
Dodano nowy element: district płoński / powiat płoński = Q224375
Dodano do elementu Q224207 deklarację: 'has part or parts' -> Q224375
Dodano nowy element: district poznański / powiat poznański = Q224376
Dodano do elementu Q224210 deklarację: 'has part or parts' -> Q224376
Dodano nowy element: district proszowicki / powiat proszowicki = Q224377
Dodano do elementu Q224202 deklarację: 'has part or parts' -> Q224377
Dodano nowy element: district przasnyski / powiat przasnyski = Q224378
Dodano do elementu Q224206 deklarację: 'has part or parts' -> Q224378
Dodano nowy element: district przedecki / powiat przedecki = Q224379
Dodano do elementu Q224197 deklarację: 'has part or parts' -> Q224379
Dodano nowy element: district pucki / powiat pucki = Q224380
Dodano do elementu Q224209 deklarację: 'has part or parts' -> Q224380
Dodano nowy element: district pyzdrski / powiat pyzdrski = Q224381
Dodano do elementu Q224201 deklarację: 'has part or parts' -> Q224381
Dodano nowy element: district raciąski / powiat raciąski = Q224382
Dodano do elementu Q224207 deklarację: 'has part or parts' -> Q224382
Dodano nowy element: district radomski / powiat radomski = Q224383
Dodano do elementu Q224212 deklarację: 'has part or parts' -> Q224383
Dodano nowy element: district radomszczański / powiat radomszczański = Q224384
Dodano do elementu Q224213 deklarację: 'has part or parts' -> Q224384
Dodano nowy element: district radziejowski / powiat radziejowski = Q224385
Dodano do elementu Q224197 deklarację: 'has part or parts' -> Q224385
Dodano nowy element: district radziłowski / powiat radziłowski = Q224386
Dodano do elementu Q224206 deklarację: 'has part or parts' -> Q224386
Dodano nowy element: district rawski / powiat rawski = Q224387
Dodano do elementu Q224178 deklarację: 'has part or parts' -> Q224387
Dodano nowy element: district rożański / powiat rożański = Q224388
Dodano do elementu Q224206 deklarację: 'has part or parts' -> Q224388
Dodano nowy element: district rypiński / powiat rypiński = Q224389
Dodano do elementu Q224199 deklarację: 'has part or parts' -> Q224389
Dodano nowy element: district sąchocki / powiat sąchocki = Q224390
Dodano do elementu Q224206 deklarację: 'has part or parts' -> Q224390
Dodano nowy element: district sądecki / powiat sądecki = Q224391
Dodano do elementu Q224202 deklarację: 'has part or parts' -> Q224391
Dodano nowy element: district sandomierski / powiat sandomierski = Q224392
Dodano do elementu Q224212 deklarację: 'has part or parts' -> Q224392
Dodano nowy element: district serocki / powiat serocki = Q224393
Dodano do elementu Q224206 deklarację: 'has part or parts' -> Q224393
Dodano nowy element: district sieradzki / powiat sieradzki = Q224394
Dodano do elementu Q224213 deklarację: 'has part or parts' -> Q224394
Dodano nowy element: district sierpecki / powiat sierpecki = Q224395
Dodano do elementu Q224207 deklarację: 'has part or parts' -> Q224395
Dodano nowy element: district śląski / powiat śląski = Q224396
Dodano do elementu Q224202 deklarację: 'has part or parts' -> Q224396
Dodano nowy element: district sochaczewski / powiat sochaczewski = Q224397
Dodano do elementu Q224178 deklarację: 'has part or parts' -> Q224397
Dodano nowy element: district stężycki / powiat stężycki = Q224398
Dodano do elementu Q224212 deklarację: 'has part or parts' -> Q224398
Dodano nowy element: district świecki / powiat świecki = Q224399
Dodano do elementu Q224209 deklarację: 'has part or parts' -> Q224399
Dodano nowy element: district szadkowski / powiat szadkowski = Q224400
Dodano do elementu Q224213 deklarację: 'has part or parts' -> Q224400
Dodano nowy element: district szczyrzycki / powiat szczyrzycki = Q224401
Dodano do elementu Q224202 deklarację: 'has part or parts' -> Q224401
Dodano nowy element: district szreński / powiat szreński = Q224402
Dodano do elementu Q224207 deklarację: 'has part or parts' -> Q224402
Dodano nowy element: district tarczyński / powiat tarczyński = Q224403
Dodano do elementu Q224206 deklarację: 'has part or parts' -> Q224403
Dodano nowy element: district tczewski / powiat tczewski = Q224404
Dodano do elementu Q224209 deklarację: 'has part or parts' -> Q224404
Dodano nowy element: district tucholski / powiat tucholski = Q224405
Dodano do elementu Q224209 deklarację: 'has part or parts' -> Q224405
Dodano nowy element: district urzędowski / powiat urzędowski = Q224406
Dodano do elementu Q224204 deklarację: 'has part or parts' -> Q224406
Dodano nowy element: district wałecki / powiat wałecki = Q224407
Dodano do elementu Q224210 deklarację: 'has part or parts' -> Q224407
Dodano nowy element: district warecki / powiat warecki = Q224408
Dodano do elementu Q224206 deklarację: 'has part or parts' -> Q224408
Dodano nowy element: district warszawski / powiat warszawski = Q224409
Dodano do elementu Q224206 deklarację: 'has part or parts' -> Q224409
Dodano nowy element: district wąsoski / powiat wąsoski = Q224410
Dodano do elementu Q224206 deklarację: 'has part or parts' -> Q224410
Dodano nowy element: district wieluński / powiat wieluński = Q224411
Dodano do elementu Q224213 deklarację: 'has part or parts' -> Q224411
Dodano nowy element: district wiski / powiat wiski = Q224412
Dodano do elementu Q224206 deklarację: 'has part or parts' -> Q224412
Dodano nowy element: district wiślicki / powiat wiślicki = Q224413
Dodano do elementu Q224212 deklarację: 'has part or parts' -> Q224413
Dodano nowy element: district wschowski / powiat wschowski = Q224414
Dodano do elementu Q224210 deklarację: 'has part or parts' -> Q224414
Dodano nowy element: district wyszogrodzki / powiat wyszogrodzki = Q224415
Dodano do elementu Q224206 deklarację: 'has part or parts' -> Q224415
Dodano nowy element: district zakroczymski / powiat zakroczymski = Q224416
Dodano do elementu Q224206 deklarację: 'has part or parts' -> Q224416
Dodano nowy element: district zambrowski / powiat zambrowski = Q224417
Dodano do elementu Q224206 deklarację: 'has part or parts' -> Q224417
