Dodano nowy element: deanery Biecz / dekanat Biecz = Q224462
Dodano do elementu Q224446 deklarację: 'has part or parts' -> Q224462
Dodano nowy element: deanery Bielsk / dekanat Bielsk = Q224463
Dodano do elementu Q224448 deklarację: 'has part or parts' -> Q224463
Dodano nowy element: deanery Bielsk Podlaski / dekanat Bielsk Podlaski = Q224464
Dodano do elementu Q224421 deklarację: 'has part or parts' -> Q224464
Dodano nowy element: deanery Błonie / dekanat Błonie = Q224465
Dodano do elementu Q224456 deklarację: 'has part or parts' -> Q224465
Dodano nowy element: deanery Bobowa / dekanat Bobowa = Q224466
Dodano do elementu Q224446 deklarację: 'has part or parts' -> Q224466
Dodano nowy element: deanery Brańsk / dekanat Brańsk = Q224467
Dodano do elementu Q224421 deklarację: 'has part or parts' -> Q224467
Dodano nowy element: deanery Brodnica / dekanat Brodnica = Q224468
Dodano do elementu Q224418 deklarację: 'has part or parts' -> Q224468
Dodano nowy element: deanery Brześć Kujawski / dekanat Brześć Kujawski = Q224469
Dodano do elementu Q224458 deklarację: 'has part or parts' -> Q224469
Dodano nowy element: deanery Brzeźnica / dekanat Brzeźnica = Q224470
Dodano do elementu Q224455 deklarację: 'has part or parts' -> Q224470
Dodano nowy element: deanery Bydgoszcz / dekanat Bydgoszcz = Q224471
Dodano do elementu Q224441 deklarację: 'has part or parts' -> Q224471
Dodano nowy element: deanery Bytom / dekanat Bytom = Q224472
Dodano do elementu Q224440 deklarację: 'has part or parts' -> Q224472
Dodano nowy element: deanery Chełmno / dekanat Chełmno = Q224473
Dodano do elementu Q224418 deklarację: 'has part or parts' -> Q224473
Dodano nowy element: deanery Chełmża / dekanat Chełmża = Q224474
Dodano do elementu Q224418 deklarację: 'has part or parts' -> Q224474
Dodano nowy element: deanery Chodel / dekanat Chodel = Q224475
Dodano do elementu Q224445 deklarację: 'has part or parts' -> Q224475
Dodano nowy element: deanery Chojnice / dekanat Chojnice = Q224476
Dodano do elementu Q224437 deklarację: 'has part or parts' -> Q224476
Dodano nowy element: deanery Ciechanów / dekanat Ciechanów = Q224477
Dodano do elementu Q224448 deklarację: 'has part or parts' -> Q224477
Dodano nowy element: deanery Czerwińsk / dekanat Czerwińsk = Q224478
Dodano do elementu Q224448 deklarację: 'has part or parts' -> Q224478
Dodano nowy element: deanery Dobczyce / dekanat Dobczyce = Q224479
Dodano do elementu Q224440 deklarację: 'has part or parts' -> Q224479
Dodano nowy element: deanery Dobrzyń / dekanat Dobrzyń = Q224480
Dodano do elementu Q224432 deklarację: 'has part or parts' -> Q224480
Dodano nowy element: deanery Drohiczyn / dekanat Drohiczyn = Q224481
Dodano do elementu Q224421 deklarację: 'has part or parts' -> Q224481
Dodano nowy element: deanery Dzierzgoń / dekanat Dzierzgoń = Q224482
Dodano do elementu Q224423 deklarację: 'has part or parts' -> Q224482
Dodano nowy element: deanery Elbląg / dekanat Elbląg = Q224483
Dodano do elementu Q224425 deklarację: 'has part or parts' -> Q224483
Dodano nowy element: deanery Frombork / dekanat Frombork = Q224484
Dodano do elementu Q224425 deklarację: 'has part or parts' -> Q224484
Dodano nowy element: deanery Gąbin / dekanat Gąbin = Q224485
Dodano do elementu Q224456 deklarację: 'has part or parts' -> Q224485
Dodano nowy element: deanery Garwolin / dekanat Garwolin = Q224486
Dodano do elementu Q224456 deklarację: 'has part or parts' -> Q224486
Dodano nowy element: deanery Gdańsk / dekanat Gdańsk = Q224487
Dodano do elementu Q224433 deklarację: 'has part or parts' -> Q224487
Dodano nowy element: deanery Gniew / dekanat Gniew = Q224488
Dodano do elementu Q224433 deklarację: 'has part or parts' -> Q224488
Dodano nowy element: deanery Gniezno - św. Michała Archanioła / dekanat Gniezno - św. Michała Archanioła = Q224489
Dodano do elementu Q224435 deklarację: 'has part or parts' -> Q224489
Dodano nowy element: deanery Gniezno - w. Piotra i Pawła Apostołów / dekanat Gniezno - w. Piotra i Pawła Apostołów = Q224490
Dodano do elementu Q224435 deklarację: 'has part or parts' -> Q224490
Dodano nowy element: deanery Gniezno - Św. Trójcy / dekanat Gniezno - Św. Trójcy = Q224491
Dodano do elementu Q224435 deklarację: 'has part or parts' -> Q224491
Dodano nowy element: deanery Golub / dekanat Golub = Q224492
Dodano do elementu Q224418 deklarację: 'has part or parts' -> Q224492
Dodano nowy element: deanery Góra / dekanat Góra = Q224493
Dodano do elementu Q224434 deklarację: 'has part or parts' -> Q224493
Dodano nowy element: deanery Gostynin / dekanat Gostynin = Q224494
Dodano do elementu Q224448 deklarację: 'has part or parts' -> Q224494
Dodano nowy element: deanery Grodzisk / dekanat Grodzisk = Q224495
Dodano do elementu Q224450 deklarację: 'has part or parts' -> Q224495
Dodano nowy element: deanery Grójec / dekanat Grójec = Q224496
Dodano do elementu Q224456 deklarację: 'has part or parts' -> Q224496
Dodano nowy element: deanery Grudziądz / dekanat Grudziądz = Q224497
Dodano do elementu Q224418 deklarację: 'has part or parts' -> Q224497
Dodano nowy element: deanery Inowrocław / dekanat Inowrocław = Q224498
Dodano do elementu Q224441 deklarację: 'has part or parts' -> Q224498
Dodano nowy element: deanery Jasło / dekanat Jasło = Q224499
Dodano do elementu Q224446 deklarację: 'has part or parts' -> Q224499
Dodano nowy element: deanery Jędrzejów / dekanat Jędrzejów = Q224500
Dodano do elementu Q224440 deklarację: 'has part or parts' -> Q224500
Dodano nowy element: deanery Kalisz / dekanat Kalisz = Q224501
Dodano do elementu Q224436 deklarację: 'has part or parts' -> Q224501
Dodano nowy element: deanery Kalisz-Wałcz / dekanat Kalisz-Wałcz = Q224502
Dodano do elementu Q224449 deklarację: 'has part or parts' -> Q224502
Dodano nowy element: deanery Kazimierz / dekanat Kazimierz = Q224503
Dodano do elementu Q224445 deklarację: 'has part or parts' -> Q224503
Dodano nowy element: deanery Kije / dekanat Kije = Q224504
Dodano do elementu Q224440 deklarację: 'has part or parts' -> Q224504
Dodano nowy element: deanery Kłodawa / dekanat Kłodawa = Q224505
Dodano do elementu Q224443 deklarację: 'has part or parts' -> Q224505
Dodano nowy element: deanery Kobylin / dekanat Kobylin = Q224506
Dodano do elementu Q224436 deklarację: 'has part or parts' -> Q224506
Dodano nowy element: deanery Konin / dekanat Konin = Q224507
Dodano do elementu Q224435 deklarację: 'has part or parts' -> Q224507
Dodano nowy element: deanery Kościan / dekanat Kościan = Q224508
Dodano do elementu Q224453 deklarację: 'has part or parts' -> Q224508
Dodano nowy element: deanery Kraków / dekanat Kraków = Q224509
Dodano do elementu Q224440 deklarację: 'has part or parts' -> Q224509
Dodano nowy element: deanery Kruszwica / dekanat Kruszwica = Q224510
Dodano do elementu Q224441 deklarację: 'has part or parts' -> Q224510
Dodano nowy element: deanery Kutno / dekanat Kutno = Q224511
Dodano do elementu Q224443 deklarację: 'has part or parts' -> Q224511
Dodano nowy element: deanery Łasin / dekanat Łasin = Q224512
Dodano do elementu Q224418 deklarację: 'has part or parts' -> Q224512
Dodano nowy element: deanery Łęczyca / dekanat Łęczyca = Q224513
Dodano do elementu Q224443 deklarację: 'has part or parts' -> Q224513
Dodano nowy element: deanery Łekno / dekanat Łekno = Q224514
Dodano do elementu Q224435 deklarację: 'has part or parts' -> Q224514
Dodano nowy element: deanery Lelów / dekanat Lelów = Q224515
Dodano do elementu Q224440 deklarację: 'has part or parts' -> Q224515
Dodano nowy element: deanery Lidzbark / dekanat Lidzbark = Q224516
Dodano do elementu Q224418 deklarację: 'has part or parts' -> Q224516
Dodano nowy element: deanery Lipnica Murowana / dekanat Lipnica Murowana = Q224517
Dodano do elementu Q224440 deklarację: 'has part or parts' -> Q224517
Dodano nowy element: deanery Lipno / dekanat Lipno = Q224518
Dodano do elementu Q224432 deklarację: 'has part or parts' -> Q224518
Dodano nowy element: deanery Liw / dekanat Liw = Q224519
Dodano do elementu Q224456 deklarację: 'has part or parts' -> Q224519
Dodano nowy element: deanery Łomża / dekanat Łomża = Q224520
Dodano do elementu Q224451 deklarację: 'has part or parts' -> Q224520
Dodano nowy element: deanery Łosice / dekanat Łosice = Q224521
Dodano do elementu Q224421 deklarację: 'has part or parts' -> Q224521
Dodano nowy element: deanery Łowicz / dekanat Łowicz = Q224522
Dodano do elementu Q224444 deklarację: 'has part or parts' -> Q224522
Dodano nowy element: deanery Lubawa / dekanat Lubawa = Q224523
Dodano do elementu Q224418 deklarację: 'has part or parts' -> Q224523
Dodano nowy element: deanery Łuków / dekanat Łuków = Q224524
Dodano do elementu Q224445 deklarację: 'has part or parts' -> Q224524
Dodano nowy element: deanery Malbork / dekanat Malbork = Q224525
Dodano do elementu Q224423 deklarację: 'has part or parts' -> Q224525
Dodano nowy element: deanery Międzyrzecz / dekanat Międzyrzecz = Q224526
Dodano do elementu Q224450 deklarację: 'has part or parts' -> Q224526
Dodano nowy element: deanery Mielec / dekanat Mielec = Q224527
Dodano do elementu Q224446 deklarację: 'has part or parts' -> Q224527
Dodano nowy element: deanery Mirachowo / dekanat Mirachowo = Q224528
Dodano do elementu Q224433 deklarację: 'has part or parts' -> Q224528
Dodano nowy element: deanery Mława / dekanat Mława = Q224529
Dodano do elementu Q224448 deklarację: 'has part or parts' -> Q224529
Dodano nowy element: deanery Mszczonów / dekanat Mszczonów = Q224530
Dodano do elementu Q224456 deklarację: 'has part or parts' -> Q224530
Dodano nowy element: deanery Nakło / dekanat Nakło = Q224531
Dodano do elementu Q224437 deklarację: 'has part or parts' -> Q224531
Dodano nowy element: deanery Nieszawa / dekanat Nieszawa = Q224532
Dodano do elementu Q224458 deklarację: 'has part or parts' -> Q224532
Dodano nowy element: deanery Nowa Góra / dekanat Nowa Góra = Q224533
Dodano do elementu Q224440 deklarację: 'has part or parts' -> Q224533
Dodano nowy element: deanery Nowemiasto / dekanat Nowemiasto = Q224534
Dodano do elementu Q224418 deklarację: 'has part or parts' -> Q224534
Dodano nowy element: deanery Nowe Miasto / dekanat Nowe Miasto = Q224535
Dodano do elementu Q224453 deklarację: 'has part or parts' -> Q224535
Dodano nowy element: deanery Nowe / dekanat Nowe = Q224536
Dodano do elementu Q224433 deklarację: 'has part or parts' -> Q224536
Dodano nowy element: deanery Nowy Sącz / dekanat Nowy Sącz = Q224537
Dodano do elementu Q224446 deklarację: 'has part or parts' -> Q224537
Dodano nowy element: deanery Nowy Staw / dekanat Nowy Staw = Q224538
Dodano do elementu Q224423 deklarację: 'has part or parts' -> Q224538
Dodano nowy element: deanery Nowy Targ / dekanat Nowy Targ = Q224539
Dodano do elementu Q224446 deklarację: 'has part or parts' -> Q224539
Dodano nowy element: deanery Nur / dekanat Nur = Q224540
Dodano do elementu Q224451 deklarację: 'has part or parts' -> Q224540
Dodano nowy element: deanery Oborniki / dekanat Oborniki = Q224541
Dodano do elementu Q224449 deklarację: 'has part or parts' -> Q224541
Dodano nowy element: deanery Olesno / dekanat Olesno = Q224542
Dodano do elementu Q224447 deklarację: 'has part or parts' -> Q224542
Dodano nowy element: deanery Opatowiec / dekanat Opatowiec = Q224543
Dodano do elementu Q224440 deklarację: 'has part or parts' -> Q224543
Dodano nowy element: deanery Ostrzeszów / dekanat Ostrzeszów = Q224544
Dodano do elementu Q224459 deklarację: 'has part or parts' -> Q224544
Dodano nowy element: deanery Oświęcim / dekanat Oświęcim = Q224545
Dodano do elementu Q224440 deklarację: 'has part or parts' -> Q224545
Dodano nowy element: deanery Pacanów / dekanat Pacanów = Q224546
Dodano do elementu Q224440 deklarację: 'has part or parts' -> Q224546
Dodano nowy element: deanery Parczew / dekanat Parczew = Q224547
Dodano do elementu Q224445 deklarację: 'has part or parts' -> Q224547
Dodano nowy element: deanery Piaseczno / dekanat Piaseczno = Q224548
Dodano do elementu Q224456 deklarację: 'has part or parts' -> Q224548
Dodano nowy element: deanery Pilzno / dekanat Pilzno = Q224549
Dodano do elementu Q224446 deklarację: 'has part or parts' -> Q224549
Dodano nowy element: deanery Pleszew / dekanat Pleszew = Q224550
Dodano do elementu Q224436 deklarację: 'has part or parts' -> Q224550
Dodano nowy element: deanery Płock / dekanat Płock = Q224551
Dodano do elementu Q224448 deklarację: 'has part or parts' -> Q224551
Dodano nowy element: deanery Płońsk / dekanat Płońsk = Q224552
Dodano do elementu Q224448 deklarację: 'has part or parts' -> Q224552
Dodano nowy element: deanery Poznań / dekanat Poznań = Q224553
Dodano do elementu Q224449 deklarację: 'has part or parts' -> Q224553
Dodano nowy element: deanery Proszowice / dekanat Proszowice = Q224554
Dodano do elementu Q224440 deklarację: 'has part or parts' -> Q224554
Dodano nowy element: deanery Przasnysz / dekanat Przasnysz = Q224555
Dodano do elementu Q224448 deklarację: 'has part or parts' -> Q224555
Dodano nowy element: deanery Puck / dekanat Puck = Q224556
Dodano do elementu Q224433 deklarację: 'has part or parts' -> Q224556
Dodano nowy element: deanery Pułtusk / dekanat Pułtusk = Q224557
Dodano do elementu Q224451 deklarację: 'has part or parts' -> Q224557
Dodano nowy element: deanery Pyzdry / dekanat Pyzdry = Q224558
Dodano do elementu Q224449 deklarację: 'has part or parts' -> Q224558
Dodano nowy element: deanery Radom / dekanat Radom = Q224559
Dodano do elementu Q224438 deklarację: 'has part or parts' -> Q224559
Dodano nowy element: deanery Radomsko / dekanat Radomsko = Q224560
Dodano do elementu Q224455 deklarację: 'has part or parts' -> Q224560
Dodano nowy element: deanery Radziejów / dekanat Radziejów = Q224561
Dodano do elementu Q224458 deklarację: 'has part or parts' -> Q224561
Dodano nowy element: deanery Radzyń / dekanat Radzyń = Q224562
Dodano do elementu Q224418 deklarację: 'has part or parts' -> Q224562
Dodano nowy element: deanery Rawa Mazowiecka / dekanat Rawa Mazowiecka = Q224563
Dodano do elementu Q224444 deklarację: 'has part or parts' -> Q224563
Dodano nowy element: deanery Ropczyce / dekanat Ropczyce = Q224564
Dodano do elementu Q224446 deklarację: 'has part or parts' -> Q224564
Dodano nowy element: deanery Rypin / dekanat Rypin = Q224565
Dodano do elementu Q224432 deklarację: 'has part or parts' -> Q224565
Dodano nowy element: deanery Sępólno / dekanat Sępólno = Q224566
Dodano do elementu Q224437 deklarację: 'has part or parts' -> Q224566
Dodano nowy element: deanery Sierpc / dekanat Sierpc = Q224567
Dodano do elementu Q224448 deklarację: 'has part or parts' -> Q224567
Dodano nowy element: deanery Skała / dekanat Skała = Q224568
Dodano do elementu Q224440 deklarację: 'has part or parts' -> Q224568
Dodano nowy element: deanery Skawina / dekanat Skawina = Q224569
Dodano do elementu Q224440 deklarację: 'has part or parts' -> Q224569
Dodano nowy element: deanery Skierniewice / dekanat Skierniewice = Q224570
Dodano do elementu Q224444 deklarację: 'has part or parts' -> Q224570
Dodano nowy element: deanery Słupca / dekanat Słupca = Q224571
Dodano do elementu Q224435 deklarację: 'has part or parts' -> Q224571
Dodano nowy element: deanery Sochaczew / dekanat Sochaczew = Q224572
Dodano do elementu Q224456 deklarację: 'has part or parts' -> Q224572
Dodano nowy element: deanery Sokolina / dekanat Sokolina = Q224573
Dodano do elementu Q224440 deklarację: 'has part or parts' -> Q224573
Dodano nowy element: deanery Solec / dekanat Solec = Q224574
Dodano do elementu Q224445 deklarację: 'has part or parts' -> Q224574
Dodano nowy element: deanery Sompolno / dekanat Sompolno = Q224575
Dodano do elementu Q224435 deklarację: 'has part or parts' -> Q224575
Dodano nowy element: deanery Śrem / dekanat Śrem = Q224576
Dodano do elementu Q224453 deklarację: 'has part or parts' -> Q224576
Dodano nowy element: deanery Stanisławów / dekanat Stanisławów = Q224577
Dodano do elementu Q224451 deklarację: 'has part or parts' -> Q224577
Dodano nowy element: deanery Stawiszyn / dekanat Stawiszyn = Q224578
Dodano do elementu Q224436 deklarację: 'has part or parts' -> Q224578
Dodano nowy element: deanery Staw / dekanat Staw = Q224579
Dodano do elementu Q224436 deklarację: 'has part or parts' -> Q224579
Dodano nowy element: deanery Stęszew / dekanat Stęszew = Q224580
Dodano do elementu Q224449 deklarację: 'has part or parts' -> Q224580
Dodano nowy element: deanery Stężyca / dekanat Stężyca = Q224581
Dodano do elementu Q224438 deklarację: 'has part or parts' -> Q224581
Dodano nowy element: deanery Świecie / dekanat Świecie = Q224582
Dodano do elementu Q224433 deklarację: 'has part or parts' -> Q224582
Dodano nowy element: deanery Szadek / dekanat Szadek = Q224583
Dodano do elementu Q224455 deklarację: 'has part or parts' -> Q224583
Dodano nowy element: deanery Szreńsk / dekanat Szreńsk = Q224584
Dodano do elementu Q224448 deklarację: 'has part or parts' -> Q224584
Dodano nowy element: deanery Sztum / dekanat Sztum = Q224585
Dodano do elementu Q224423 deklarację: 'has part or parts' -> Q224585
Dodano nowy element: deanery Tarnów / dekanat Tarnów = Q224586
Dodano do elementu Q224440 deklarację: 'has part or parts' -> Q224586
Dodano nowy element: deanery Tczew / dekanat Tczew = Q224587
Dodano do elementu Q224433 deklarację: 'has part or parts' -> Q224587
Dodano nowy element: deanery Toruń / dekanat Toruń = Q224588
Dodano do elementu Q224418 deklarację: 'has part or parts' -> Q224588
Dodano nowy element: deanery Tuchola / dekanat Tuchola = Q224589
Dodano do elementu Q224437 deklarację: 'has part or parts' -> Q224589
Dodano nowy element: deanery Tuszyn / dekanat Tuszyn = Q224590
Dodano do elementu Q224443 deklarację: 'has part or parts' -> Q224590
Dodano nowy element: deanery Uniejów / dekanat Uniejów = Q224591
Dodano do elementu Q224455 deklarację: 'has part or parts' -> Q224591
Dodano nowy element: deanery Wąbrzeźno / dekanat Wąbrzeźno = Q224592
Dodano do elementu Q224418 deklarację: 'has part or parts' -> Q224592
Dodano nowy element: deanery Warka / dekanat Warka = Q224593
Dodano do elementu Q224456 deklarację: 'has part or parts' -> Q224593
Dodano nowy element: deanery Warta / dekanat Warta = Q224594
Dodano do elementu Q224455 deklarację: 'has part or parts' -> Q224594
Dodano nowy element: deanery Węgrów / dekanat Węgrów = Q224595
Dodano do elementu Q224421 deklarację: 'has part or parts' -> Q224595
Dodano nowy element: deanery Wieliczka / dekanat Wieliczka = Q224596
Dodano do elementu Q224440 deklarację: 'has part or parts' -> Q224596
Dodano nowy element: deanery Witów / dekanat Witów = Q224597
Dodano do elementu Q224440 deklarację: 'has part or parts' -> Q224597
Dodano nowy element: deanery Wizna / dekanat Wizna = Q224598
Dodano do elementu Q224451 deklarację: 'has part or parts' -> Q224598
Dodano nowy element: deanery Wojnicz / dekanat Wojnicz = Q224599
Dodano do elementu Q224440 deklarację: 'has part or parts' -> Q224599
Dodano nowy element: deanery Wolbrom / dekanat Wolbrom = Q224600
Dodano do elementu Q224440 deklarację: 'has part or parts' -> Q224600
Dodano nowy element: deanery Wrocimowice / dekanat Wrocimowice = Q224601
Dodano do elementu Q224440 deklarację: 'has part or parts' -> Q224601
Dodano nowy element: deanery Wronki / dekanat Wronki = Q224602
Dodano do elementu Q224450 deklarację: 'has part or parts' -> Q224602
Dodano nowy element: deanery Wschowa / dekanat Wschowa = Q224603
Dodano do elementu Q224453 deklarację: 'has part or parts' -> Q224603
Dodano nowy element: deanery Wyszków / dekanat Wyszków = Q224604
Dodano do elementu Q224451 deklarację: 'has part or parts' -> Q224604
Dodano nowy element: deanery Wyszogród / dekanat Wyszogród = Q224605
Dodano do elementu Q224448 deklarację: 'has part or parts' -> Q224605
Dodano nowy element: deanery Zabory / dekanat Zabory = Q224606
Dodano do elementu Q224433 deklarację: 'has part or parts' -> Q224606
Dodano nowy element: deanery Zator / dekanat Zator = Q224607
Dodano do elementu Q224440 deklarację: 'has part or parts' -> Q224607
Dodano nowy element: deanery Zgierz / dekanat Zgierz = Q224608
Dodano do elementu Q224443 deklarację: 'has part or parts' -> Q224608
Dodano nowy element: deanery Żmigród Nowy / dekanat Żmigród Nowy = Q224609
Dodano do elementu Q224446 deklarację: 'has part or parts' -> Q224609
Dodano nowy element: deanery Żnin / dekanat Żnin = Q224610
Dodano do elementu Q224435 deklarację: 'has part or parts' -> Q224610
Dodano nowy element: deanery Żuławki / dekanat Żuławki = Q224611
Dodano do elementu Q224423 deklarację: 'has part or parts' -> Q224611
Dodano nowy element: deanery Zwoleń / dekanat Zwoleń = Q224612
Dodano do elementu Q224438 deklarację: 'has part or parts' -> Q224612
