ITEM: The Second Polish Republic
Item: 'The Second Polish Republic' already exists: Q79708, update mode enabled.
SKIP: element: Q79708 (The Second Polish Republic) posiada już dla języka: "pl" opis: terytorium II RP
SKIP: element Q79708 (The Second Polish Republic) posiada deklarację: P203 o wartości: +1918-00-00T00:00:00Z/9
SKIP: element Q79708 (The Second Polish Republic) posiada deklarację: P204 o wartości: +1939-12-31T00:00:00Z/11
SKIP: element Q79708 (The Second Polish Republic) posiada deklarację: P47 o wartości: administrative system
ITEM: Administrative division of the Catholic Church in the 16th century
Item: 'Administrative division of the Catholic Church in the 16th century' already exists: Q79709, update mode enabled.
SKIP: element Q79709 (Administrative division of the Catholic Church in the 16th century) posiada deklarację: P203 o wartości: +1600-00-00T00:00:00Z/9
SKIP: element Q79709 (Administrative division of the Catholic Church in the 16th century) posiada deklarację: P204 o wartości: +1600-12-31T00:00:00Z/11
SKIP: element Q79709 (Administrative division of the Catholic Church in the 16th century) posiada deklarację: P47 o wartości: administrative system
ITEM: The Republic of Poland (1999-2016)
Item: 'The Republic of Poland (1999-2016)' already exists: Q79710, update mode enabled.
SKIP: element: Q79710 (The Republic of Poland (1999-2016)) posiada już dla języka: "pl" opis: terytorium III RP
SKIP: element Q79710 (The Republic of Poland (1999-2016)) posiada deklarację: P203 o wartości: +1999-00-00T00:00:00Z/9
SKIP: element Q79710 (The Republic of Poland (1999-2016)) posiada deklarację: P204 o wartości: +2016-12-31T00:00:00Z/11
SKIP: element Q79710 (The Republic of Poland (1999-2016)) posiada deklarację: P47 o wartości: administrative system
ITEM: The Free State of Prussia
Item: 'The Free State of Prussia' already exists: Q79711, update mode enabled.
SKIP: element: Q79711 (The Free State of Prussia) posiada już dla języka: "pl" opis: terytorium Wolnego Państwa Prus, obejmuje obecne ziemie zachodniej i północnej Polski
SKIP: element Q79711 (The Free State of Prussia) posiada deklarację: P203 o wartości: +1920-00-00T00:00:00Z/9
SKIP: element Q79711 (The Free State of Prussia) posiada deklarację: P204 o wartości: +1945-12-31T00:00:00Z/11
SKIP: element Q79711 (The Free State of Prussia) posiada deklarację: P47 o wartości: administrative system
ITEM: The Free City of Danzig (1920-1939)
Item: 'The Free City of Danzig (1920-1939)' already exists: Q79712, update mode enabled.
SKIP: element: Q79712 (The Free City of Danzig (1920-1939)) posiada już dla języka: "pl" opis: terytorium Wolnego Miasta Gdańska
SKIP: element Q79712 (The Free City of Danzig (1920-1939)) posiada deklarację: P203 o wartości: +1920-00-00T00:00:00Z/9
SKIP: element Q79712 (The Free City of Danzig (1920-1939)) posiada deklarację: P204 o wartości: +1939-12-31T00:00:00Z/11
SKIP: element Q79712 (The Free City of Danzig (1920-1939)) posiada deklarację: P47 o wartości: administrative system
ITEM: The Free State of Saxony (1919-1945)
Item: 'The Free State of Saxony (1919-1945)' already exists: Q79713, update mode enabled.
SKIP: element: Q79713 (The Free State of Saxony (1919-1945)) posiada już dla języka: "pl" opis: terytorium Wolnego Państwa Saksonia, obejmuje część Łużyc leżących obecnie w Polsce (Bogatynia)
SKIP: element Q79713 (The Free State of Saxony (1919-1945)) posiada deklarację: P203 o wartości: +1919-00-00T00:00:00Z/9
SKIP: element Q79713 (The Free State of Saxony (1919-1945)) posiada deklarację: P204 o wartości: +1945-12-31T00:00:00Z/11
SKIP: element Q79713 (The Free State of Saxony (1919-1945)) posiada deklarację: P47 o wartości: administrative system
ITEM: The Kingdom of Prussia (1806-1919)
Item: 'The Kingdom of Prussia (1806-1919)' already exists: Q79714, update mode enabled.
SKIP: element: Q79714 (The Kingdom of Prussia (1806-1919)) posiada już dla języka: "pl" opis: terytorium Królestwa Prus, obejmuje obecne ziemie zachodniej i północnej Polski
SKIP: element Q79714 (The Kingdom of Prussia (1806-1919)) posiada deklarację: P203 o wartości: +1806-00-00T00:00:00Z/9
SKIP: element Q79714 (The Kingdom of Prussia (1806-1919)) posiada deklarację: P204 o wartości: +1919-12-31T00:00:00Z/11
SKIP: element Q79714 (The Kingdom of Prussia (1806-1919)) posiada deklarację: P47 o wartości: administrative system
ITEM: Russian Empire (1775-1917)
Item: 'Russian Empire (1775-1917)' already exists: Q79715, update mode enabled.
SKIP: element: Q79715 (Russian Empire (1775-1917)) posiada już dla języka: "pl" opis: terytorium Cesarstwa Rosyjskiego, obejmuje część obecnego Podlasia (Białowieża)
SKIP: element Q79715 (Russian Empire (1775-1917)) posiada deklarację: P203 o wartości: +1775-00-00T00:00:00Z/9
SKIP: element Q79715 (Russian Empire (1775-1917)) posiada deklarację: P204 o wartości: +1917-12-31T00:00:00Z/11
SKIP: element Q79715 (Russian Empire (1775-1917)) posiada deklarację: P47 o wartości: administrative system
ITEM: The Duchy of Upper and Lower Silesia (1849-1918)
Item: 'The Duchy of Upper and Lower Silesia (1849-1918)' already exists: Q79716, update mode enabled.
SKIP: element: Q79716 (The Duchy of Upper and Lower Silesia (1849-1918)) posiada już dla języka: "pl" opis: terytorium kraju koronnego Śląsk Austriacki, obejmuje obecną ziemię cieszyńską
SKIP: element Q79716 (The Duchy of Upper and Lower Silesia (1849-1918)) posiada deklarację: P203 o wartości: +1849-00-00T00:00:00Z/9
SKIP: element Q79716 (The Duchy of Upper and Lower Silesia (1849-1918)) posiada deklarację: P204 o wartości: +1918-12-31T00:00:00Z/11
SKIP: element Q79716 (The Duchy of Upper and Lower Silesia (1849-1918)) posiada deklarację: P47 o wartości: administrative system
ITEM: The Kingdom of Galicia and Lodomeria (1867-1918)
Item: 'The Kingdom of Galicia and Lodomeria (1867-1918)' already exists: Q79717, update mode enabled.
SKIP: element: Q79717 (The Kingdom of Galicia and Lodomeria (1867-1918)) posiada już dla języka: "pl" opis: terytorium Galicji
SKIP: element Q79717 (The Kingdom of Galicia and Lodomeria (1867-1918)) posiada deklarację: P203 o wartości: +1867-00-00T00:00:00Z/9
SKIP: element Q79717 (The Kingdom of Galicia and Lodomeria (1867-1918)) posiada deklarację: P204 o wartości: +1918-12-31T00:00:00Z/11
SKIP: element Q79717 (The Kingdom of Galicia and Lodomeria (1867-1918)) posiada deklarację: P47 o wartości: administrative system
ITEM: Congress Poland (1837-1866)
Item: 'Congress Poland (1837-1866)' already exists: Q79718, update mode enabled.
SKIP: element: Q79718 (Congress Poland (1837-1866)) posiada już dla języka: "pl" opis: terytorium Królestwa Polskiego
SKIP: element Q79718 (Congress Poland (1837-1866)) posiada deklarację: P203 o wartości: +1843-00-00T00:00:00Z/9
SKIP: element Q79718 (Congress Poland (1837-1866)) posiada deklarację: P204 o wartości: +1918-12-31T00:00:00Z/11
SKIP: element Q79718 (Congress Poland (1837-1866)) posiada deklarację: P47 o wartości: administrative system
ITEM: Kingdom of Saxony (1815-1918)
Item: 'Kingdom of Saxony (1815-1918)' already exists: Q79719, update mode enabled.
SKIP: element: Q79719 (Kingdom of Saxony (1815-1918)) posiada już dla języka: "pl" opis: terytorium Królestwa Saksonii, obejmuje część Łużyc leżących obecnie w Polsce (Bogatynia, Zgorzelec)
SKIP: element Q79719 (Kingdom of Saxony (1815-1918)) posiada deklarację: P203 o wartości: +1806-00-00T00:00:00Z/9
SKIP: element Q79719 (Kingdom of Saxony (1815-1918)) posiada deklarację: P204 o wartości: +1918-12-31T00:00:00Z/11
SKIP: element Q79719 (Kingdom of Saxony (1815-1918)) posiada deklarację: P47 o wartości: administrative system
ITEM: The Kingdom of Prussia (1713-1805)
Item: 'The Kingdom of Prussia (1713-1805)' already exists: Q79720, update mode enabled.
SKIP: element: Q79720 (The Kingdom of Prussia (1713-1805)) posiada już dla języka: "pl" opis: terytorium Królestwa Prus, obejmuje obecne ziemie zachodniej i północnej Polski
SKIP: element Q79720 (The Kingdom of Prussia (1713-1805)) posiada deklarację: P203 o wartości: +1713-00-00T00:00:00Z/9
SKIP: element Q79720 (The Kingdom of Prussia (1713-1805)) posiada deklarację: P204 o wartości: +1814-12-31T00:00:00Z/11
SKIP: element Q79720 (The Kingdom of Prussia (1713-1805)) posiada deklarację: P47 o wartości: administrative system
ITEM: The Polish-Lithuanian Commonwealth (1569-1795)
Item: 'The Polish-Lithuanian Commonwealth (1569-1795)' already exists: Q79721, update mode enabled.
SKIP: element: Q79721 (The Polish-Lithuanian Commonwealth (1569-1795)) posiada już dla języka: "pl" opis: terytorium Rzeczypospolitej Obojga Narodów
SKIP: element Q79721 (The Polish-Lithuanian Commonwealth (1569-1795)) posiada deklarację: P203 o wartości: +1569-00-00T00:00:00Z/9
SKIP: element Q79721 (The Polish-Lithuanian Commonwealth (1569-1795)) posiada deklarację: P204 o wartości: +1795-12-31T00:00:00Z/11
SKIP: element Q79721 (The Polish-Lithuanian Commonwealth (1569-1795)) posiada deklarację: P47 o wartości: administrative system
ITEM: The Electorate of Saxony (1545-1805)
Item: 'The Electorate of Saxony (1545-1805)' already exists: Q79722, update mode enabled.
SKIP: element: Q79722 (The Electorate of Saxony (1545-1805)) posiada już dla języka: "pl" opis: terytorium Elektoratu Saksonii, obejmuje część Łużyc leżących obecnie w Polsce (Bogatynia, Zgorzelec)
SKIP: element Q79722 (The Electorate of Saxony (1545-1805)) posiada deklarację: P203 o wartości: +1545-00-00T00:00:00Z/9
SKIP: element Q79722 (The Electorate of Saxony (1545-1805)) posiada deklarację: P204 o wartości: +1805-12-31T00:00:00Z/11
SKIP: element Q79722 (The Electorate of Saxony (1545-1805)) posiada deklarację: P47 o wartości: administrative system
ITEM: Provincial government of Moravian-Silesian Region (1783-1848)
Item: 'Provincial government of Moravian-Silesian Region (1783-1848)' already exists: Q79723, update mode enabled.
SKIP: element: Q79723 (Provincial government of Moravian-Silesian Region (1783-1848)) posiada już dla języka: "pl" opis: terytorium Gubernium Morawsko-Śląskiego, obejmuje obecną ziemię cieszyńską
SKIP: element Q79723 (Provincial government of Moravian-Silesian Region (1783-1848)) posiada deklarację: P203 o wartości: +1783-00-00T00:00:00Z/9
SKIP: element Q79723 (Provincial government of Moravian-Silesian Region (1783-1848)) posiada deklarację: P204 o wartości: +1848-12-31T00:00:00Z/11
SKIP: element Q79723 (Provincial government of Moravian-Silesian Region (1783-1848)) posiada deklarację: P47 o wartości: administrative system
ITEM: The Kingdom of Galitia and Lodomeria (1772-1848)
Item: 'The Kingdom of Galitia and Lodomeria (1772-1848)' already exists: Q79724, update mode enabled.
SKIP: element: Q79724 (The Kingdom of Galitia and Lodomeria (1772-1848)) posiada już dla języka: "pl" opis: terytorium Galicji, bez Wolnego Miasta Krakowa w latach 1815-1846
SKIP: element Q79724 (The Kingdom of Galitia and Lodomeria (1772-1848)) posiada deklarację: P203 o wartości: +1772-00-00T00:00:00Z/9
SKIP: element Q79724 (The Kingdom of Galitia and Lodomeria (1772-1848)) posiada deklarację: P204 o wartości: +1848-12-31T00:00:00Z/11
SKIP: element Q79724 (The Kingdom of Galitia and Lodomeria (1772-1848)) posiada deklarację: P47 o wartości: administrative system
ITEM: the Kingom of Hungary (1200-1918)
Item: 'the Kingom of Hungary (1200-1918)' already exists: Q79725, update mode enabled.
SKIP: element: Q79725 (the Kingom of Hungary (1200-1918)) posiada już dla języka: "pl" opis: terytorium Królestwa Węgier, obejmuje południowe skrawki obecnej Polski, okolice Orawy i Niedzicy (dawne komitaty Spisz i Orawa)
SKIP: element Q79725 (the Kingom of Hungary (1200-1918)) posiada deklarację: P203 o wartości: +1200-00-00T00:00:00Z/9
SKIP: element Q79725 (the Kingom of Hungary (1200-1918)) posiada deklarację: P204 o wartości: +1918-12-31T00:00:00Z/11
SKIP: element Q79725 (the Kingom of Hungary (1200-1918)) posiada deklarację: P47 o wartości: administrative system
ITEM: Silesia (1372-1782)
Item: 'Silesia (1372-1782)' already exists: Q79726, update mode enabled.
SKIP: element: Q79726 (Silesia (1372-1782)) posiada już dla języka: "pl" opis: terytorium Śląska
SKIP: element Q79726 (Silesia (1372-1782)) posiada deklarację: P203 o wartości: +1372-00-00T00:00:00Z/9
SKIP: element Q79726 (Silesia (1372-1782)) posiada deklarację: P204 o wartości: +1742-12-31T00:00:00Z/11
SKIP: element Q79726 (Silesia (1372-1782)) posiada deklarację: P47 o wartości: administrative system
ITEM: The Duchy of Pomerania  (1230-1648)
Item: 'The Duchy of Pomerania  (1230-1648)' already exists: Q79727, update mode enabled.
SKIP: element: Q79727 (The Duchy of Pomerania  (1230-1648)) posiada już dla języka: "pl" opis: terytorium Księstwa Pomorskiego, obejmuje obecne obszary Pomorza Zachodniego
SKIP: element Q79727 (The Duchy of Pomerania  (1230-1648)) posiada deklarację: P203 o wartości: +1230-00-00T00:00:00Z/9
SKIP: element Q79727 (The Duchy of Pomerania  (1230-1648)) posiada deklarację: P204 o wartości: +1648-12-31T00:00:00Z/11
SKIP: element Q79727 (The Duchy of Pomerania  (1230-1648)) posiada deklarację: P47 o wartości: administrative system
ITEM: The Margraviate of Branderburg (1540-1713)
Item: 'The Margraviate of Branderburg (1540-1713)' already exists: Q79728, update mode enabled.
SKIP: element: Q79728 (The Margraviate of Branderburg (1540-1713)) posiada już dla języka: "pl" opis: terytorium Marchii Brandenburskiej, obejmuje obecne ziemie zachodniej Polski
SKIP: element Q79728 (The Margraviate of Branderburg (1540-1713)) posiada deklarację: P203 o wartości: +1540-00-00T00:00:00Z/9
SKIP: element Q79728 (The Margraviate of Branderburg (1540-1713)) posiada deklarację: P204 o wartości: +1713-12-31T00:00:00Z/11
SKIP: element Q79728 (The Margraviate of Branderburg (1540-1713)) posiada deklarację: P47 o wartości: administrative system
ITEM: The Duchy of Siewierz (1443-1790)
Item: 'The Duchy of Siewierz (1443-1790)' already exists: Q79729, update mode enabled.
SKIP: element: Q79729 (The Duchy of Siewierz (1443-1790)) posiada już dla języka: "pl" opis: terytorium Księstwa Siewierskiego, obejmuje obecnie okolice miast Siewierz, Czeladź i Koziegłowy
SKIP: element Q79729 (The Duchy of Siewierz (1443-1790)) posiada deklarację: P203 o wartości: +1443-00-00T00:00:00Z/9
SKIP: element Q79729 (The Duchy of Siewierz (1443-1790)) posiada deklarację: P204 o wartości: +1790-12-31T00:00:00Z/11
SKIP: element Q79729 (The Duchy of Siewierz (1443-1790)) posiada deklarację: P47 o wartości: administrative system
ITEM: The Margraviate of Branderburg (1323-1540)
Item: 'The Margraviate of Branderburg (1323-1540)' already exists: Q79730, update mode enabled.
SKIP: element: Q79730 (The Margraviate of Branderburg (1323-1540)) posiada już dla języka: "pl" opis: terytorium Marchii Brandenburskiej, obejmuje obecne ziemie zachodniej Polski
SKIP: element Q79730 (The Margraviate of Branderburg (1323-1540)) posiada deklarację: P203 o wartości: +1323-00-00T00:00:00Z/9
SKIP: element Q79730 (The Margraviate of Branderburg (1323-1540)) posiada deklarację: P204 o wartości: +1550-12-31T00:00:00Z/11
SKIP: element Q79730 (The Margraviate of Branderburg (1323-1540)) posiada deklarację: P47 o wartości: administrative system
ITEM: Medieval system (up to the 14th century)
Item: 'Medieval system (up to the 14th century)' already exists: Q79731, update mode enabled.
SKIP: element: Q79731 (Medieval system (up to the 14th century)) posiada już dla języka: "pl" opis: terytorium obecnej Polski
SKIP: element Q79731 (Medieval system (up to the 14th century)) posiada deklarację: P203 o wartości: +1000-00-00T00:00:00Z/9
SKIP: element Q79731 (Medieval system (up to the 14th century)) posiada deklarację: P204 o wartości: +1370-12-31T00:00:00Z/11
SKIP: element Q79731 (Medieval system (up to the 14th century)) posiada deklarację: P47 o wartości: administrative system
ITEM: The State of the Teutonic Order (1226-1525)
Item: 'The State of the Teutonic Order (1226-1525)' already exists: Q79732, update mode enabled.
SKIP: element: Q79732 (The State of the Teutonic Order (1226-1525)) posiada już dla języka: "pl" opis: terytorium państwa zakonnego, obejmuje obecne obszary północnej Polski (Pomorze, Warmia i Mazury)
SKIP: element Q79732 (The State of the Teutonic Order (1226-1525)) posiada deklarację: P203 o wartości: +1233-00-00T00:00:00Z/9
SKIP: element Q79732 (The State of the Teutonic Order (1226-1525)) posiada deklarację: P204 o wartości: +1525-12-31T00:00:00Z/11
SKIP: element Q79732 (The State of the Teutonic Order (1226-1525)) posiada deklarację: P47 o wartości: administrative system
ITEM: Roman Catholic Church
Item: 'Roman Catholic Church' already exists: Q79733, update mode enabled.
SKIP: element: Q79733 (Roman Catholic Church) posiada już dla języka: "pl" opis: terytorium Polski
SKIP: element Q79733 (Roman Catholic Church) posiada deklarację: P203 o wartości: +1000-00-00T00:00:00Z/9
SKIP: element Q79733 (Roman Catholic Church) posiada deklarację: P204 o wartości: +1939-12-31T00:00:00Z/11
SKIP: element Q79733 (Roman Catholic Church) posiada deklarację: P47 o wartości: administrative system
ITEM: Greek Catholic Church
Item: 'Greek Catholic Church' already exists: Q79734, update mode enabled.
Connection error: HTTPSConnectionPool(host='prunus-208.man.poznan.pl', port=443): Max retries exceeded with url: /api.php (Caused by NewConnectionError('<urllib3.connection.HTTPSConnection object at 0x7f79b806d2b0>: Failed to establish a new connection: [Errno 110] Connection timed out')). Sleeping for 60 seconds.
SKIP: element: Q79734 (Greek Catholic Church) posiada już dla języka: "pl" opis: terytorium Polski, zwłaszcza wschodniej
SKIP: element Q79734 (Greek Catholic Church) posiada deklarację: P203 o wartości: +1596-00-00T00:00:00Z/9
SKIP: element Q79734 (Greek Catholic Church) posiada deklarację: P204 o wartości: +1939-12-31T00:00:00Z/11
SKIP: element Q79734 (Greek Catholic Church) posiada deklarację: P47 o wartości: administrative system
ITEM: Orthodox Church
Item: 'Orthodox Church' already exists: Q79735, update mode enabled.
SKIP: element: Q79735 (Orthodox Church) posiada już dla języka: "pl" opis: terytorium Polski, zwłaszcza wschodniej
SKIP: element Q79735 (Orthodox Church) posiada deklarację: P203 o wartości: +1000-00-00T00:00:00Z/9
SKIP: element Q79735 (Orthodox Church) posiada deklarację: P204 o wartości: +1939-12-31T00:00:00Z/11
SKIP: element Q79735 (Orthodox Church) posiada deklarację: P47 o wartości: administrative system
ITEM: Lutheran Church in the Polish-Lithuanian Commonwealth
Item: 'Lutheran Church in the Polish-Lithuanian Commonwealth' already exists: Q79736, update mode enabled.
SKIP: element: Q79736 (Lutheran Church in the Polish-Lithuanian Commonwealth) posiada już dla języka: "pl" opis: Wielkopolska i Litwa, luteranie w Małopolsce i w Prusach Królewskich nie wytworzyli własnej struktury organizacyjnej
SKIP: element Q79736 (Lutheran Church in the Polish-Lithuanian Commonwealth) posiada deklarację: P203 o wartości: +1565-00-00T00:00:00Z/9
SKIP: element Q79736 (Lutheran Church in the Polish-Lithuanian Commonwealth) posiada deklarację: P204 o wartości: +1795-12-31T00:00:00Z/11
SKIP: element Q79736 (Lutheran Church in the Polish-Lithuanian Commonwealth) posiada deklarację: P47 o wartości: administrative system
ITEM: The Czech Brethren in the Polish-Lithuanian Commonwealth
Item: 'The Czech Brethren in the Polish-Lithuanian Commonwealth' already exists: Q79737, update mode enabled.
SKIP: element: Q79737 (The Czech Brethren in the Polish-Lithuanian Commonwealth) posiada już dla języka: "pl" opis: Wielkopolska
SKIP: element Q79737 (The Czech Brethren in the Polish-Lithuanian Commonwealth) posiada deklarację: P203 o wartości: +1560-00-00T00:00:00Z/9
SKIP: element Q79737 (The Czech Brethren in the Polish-Lithuanian Commonwealth) posiada deklarację: P204 o wartości: +1645-12-31T00:00:00Z/11
SKIP: element Q79737 (The Czech Brethren in the Polish-Lithuanian Commonwealth) posiada deklarację: P47 o wartości: administrative system
ITEM: Calvinist Church 1560-1939
Item: 'Calvinist Church 1560-1939' already exists: Q79738, update mode enabled.
SKIP: element: Q79738 (Calvinist Church 1560-1939) posiada już dla języka: "pl" opis: Małopolska i Wielkie Księstwo Litewskie
SKIP: element Q79738 (Calvinist Church 1560-1939) posiada deklarację: P203 o wartości: +1560-00-00T00:00:00Z/9
SKIP: element Q79738 (Calvinist Church 1560-1939) posiada deklarację: P204 o wartości: +1939-12-31T00:00:00Z/11
SKIP: element Q79738 (Calvinist Church 1560-1939) posiada deklarację: P47 o wartości: administrative system
ITEM: Evangelical Augsburg Church in Prussia 1525-1817
Item: 'Evangelical Augsburg Church in Prussia 1525-1817' already exists: Q79739, update mode enabled.
SKIP: element: Q79739 (Evangelical Augsburg Church in Prussia 1525-1817) posiada już dla języka: "pl" opis: Prusy, Pomorze, Śląsk
SKIP: element Q79739 (Evangelical Augsburg Church in Prussia 1525-1817) posiada deklarację: P203 o wartości: +1525-00-00T00:00:00Z/9
SKIP: element Q79739 (Evangelical Augsburg Church in Prussia 1525-1817) posiada deklarację: P204 o wartości: +1817-12-31T00:00:00Z/11
SKIP: element Q79739 (Evangelical Augsburg Church in Prussia 1525-1817) posiada deklarację: P47 o wartości: administrative system
ITEM: Evangelical Reformed Church in Prussia 1713-1817
Item: 'Evangelical Reformed Church in Prussia 1713-1817' already exists: Q79740, update mode enabled.
SKIP: element: Q79740 (Evangelical Reformed Church in Prussia 1713-1817) posiada już dla języka: "pl" opis: Prusy, Pomorze, Śląsk
SKIP: element Q79740 (Evangelical Reformed Church in Prussia 1713-1817) posiada deklarację: P203 o wartości: +1713-00-00T00:00:00Z/9
SKIP: element Q79740 (Evangelical Reformed Church in Prussia 1713-1817) posiada deklarację: P204 o wartości: +1817-12-31T00:00:00Z/11
SKIP: element Q79740 (Evangelical Reformed Church in Prussia 1713-1817) posiada deklarację: P47 o wartości: administrative system
ITEM: Evangelical Church in Prussia 1817-1939
Item: 'Evangelical Church in Prussia 1817-1939' already exists: Q79741, update mode enabled.
SKIP: element: Q79741 (Evangelical Church in Prussia 1817-1939) posiada już dla języka: "pl" opis: Prusy
SKIP: element Q79741 (Evangelical Church in Prussia 1817-1939) posiada deklarację: P203 o wartości: +1808-00-00T00:00:00Z/9
SKIP: element Q79741 (Evangelical Church in Prussia 1817-1939) posiada deklarację: P204 o wartości: +1939-12-31T00:00:00Z/11
SKIP: element Q79741 (Evangelical Church in Prussia 1817-1939) posiada deklarację: P47 o wartości: administrative system
ITEM: Evangelical Church in Kingdom of Poland 1828-1849
Connection error: HTTPSConnectionPool(host='prunus-208.man.poznan.pl', port=443): Max retries exceeded with url: /api.php (Caused by NewConnectionError('<urllib3.connection.HTTPSConnection object at 0x7f79b806d730>: Failed to establish a new connection: [Errno 110] Connection timed out')). Sleeping for 60 seconds.
Item: 'Evangelical Church in Kingdom of Poland 1828-1849' already exists: Q79742, update mode enabled.
SKIP: element: Q79742 (Evangelical Church in Kingdom of Poland 1828-1849) posiada już dla języka: "pl" opis: Królestwo Polskie
SKIP: element Q79742 (Evangelical Church in Kingdom of Poland 1828-1849) posiada deklarację: P203 o wartości: +1828-00-00T00:00:00Z/9
SKIP: element Q79742 (Evangelical Church in Kingdom of Poland 1828-1849) posiada deklarację: P204 o wartości: +1849-12-31T00:00:00Z/11
SKIP: element Q79742 (Evangelical Church in Kingdom of Poland 1828-1849) posiada deklarację: P47 o wartości: administrative system
ITEM: Evangelical Augsburg Church in Poland 1849-1939
Item: 'Evangelical Augsburg Church in Poland 1849-1939' already exists: Q79743, update mode enabled.
SKIP: element: Q79743 (Evangelical Augsburg Church in Poland 1849-1939) posiada już dla języka: "pl" opis: Królestwo Polskie, II Rzeczpospolita
SKIP: element Q79743 (Evangelical Augsburg Church in Poland 1849-1939) posiada deklarację: P203 o wartości: +1849-00-00T00:00:00Z/9
SKIP: element Q79743 (Evangelical Augsburg Church in Poland 1849-1939) posiada deklarację: P204 o wartości: +1939-12-31T00:00:00Z/11
SKIP: element Q79743 (Evangelical Augsburg Church in Poland 1849-1939) posiada deklarację: P47 o wartości: administrative system
ITEM: Evangelical Reformed Church in Poland 1849-1939
Item: 'Evangelical Reformed Church in Poland 1849-1939' already exists: Q79744, update mode enabled.
SKIP: element: Q79744 (Evangelical Reformed Church in Poland 1849-1939) posiada już dla języka: "pl" opis: Królestwo Polskie, II Rzeczpospolita
SKIP: element Q79744 (Evangelical Reformed Church in Poland 1849-1939) posiada deklarację: P203 o wartości: +1849-00-00T00:00:00Z/9
SKIP: element Q79744 (Evangelical Reformed Church in Poland 1849-1939) posiada deklarację: P204 o wartości: +1939-12-31T00:00:00Z/11
SKIP: element Q79744 (Evangelical Reformed Church in Poland 1849-1939) posiada deklarację: P47 o wartości: administrative system
ITEM: Evangelical Church in Galicia 1781-1918
Item: 'Evangelical Church in Galicia 1781-1918' already exists: Q79745, update mode enabled.
SKIP: element: Q79745 (Evangelical Church in Galicia 1781-1918) posiada już dla języka: "pl" opis: Galicja
SKIP: element Q79745 (Evangelical Church in Galicia 1781-1918) posiada deklarację: P203 o wartości: +1781-00-00T00:00:00Z/9
SKIP: element Q79745 (Evangelical Church in Galicia 1781-1918) posiada deklarację: P204 o wartości: +1918-12-31T00:00:00Z/11
SKIP: element Q79745 (Evangelical Church in Galicia 1781-1918) posiada deklarację: P47 o wartości: administrative system
ITEM: Jews in the Polish-Lithuanian Commonwealth
Item: 'Jews in the Polish-Lithuanian Commonwealth' already exists: Q79746, update mode enabled.
SKIP: element: Q79746 (Jews in the Polish-Lithuanian Commonwealth) posiada już dla języka: "pl" opis: terytorium obecnej Polski
SKIP: element Q79746 (Jews in the Polish-Lithuanian Commonwealth) posiada deklarację: P203 o wartości: +1623-00-00T00:00:00Z/9
SKIP: element Q79746 (Jews in the Polish-Lithuanian Commonwealth) posiada deklarację: P204 o wartości: +1764-12-31T00:00:00Z/11
SKIP: element Q79746 (Jews in the Polish-Lithuanian Commonwealth) posiada deklarację: P47 o wartości: administrative system
ITEM: The Grand Duchy of Lithuania
Item: 'The Grand Duchy of Lithuania' already exists: Q79747, update mode enabled.
SKIP: element: Q79747 (The Grand Duchy of Lithuania) posiada już dla języka: "pl" opis: terytorium Wielkiego Księstwa Litewskiego, przede wszystkich teren historycznego Podlasia i Suwalszczyzny
SKIP: element Q79747 (The Grand Duchy of Lithuania) posiada deklarację: P203 o wartości: +1385-00-00T00:00:00Z/9
SKIP: element Q79747 (The Grand Duchy of Lithuania) posiada deklarację: P204 o wartości: +1569-12-31T00:00:00Z/11
SKIP: element Q79747 (The Grand Duchy of Lithuania) posiada deklarację: P47 o wartości: administrative system
ITEM: the Kingdom of Galicia and Lodomeria (1849-1866)
Item: 'the Kingdom of Galicia and Lodomeria (1849-1866)' already exists: Q79748, update mode enabled.
SKIP: element: Q79748 (the Kingdom of Galicia and Lodomeria (1849-1866)) posiada już dla języka: "pl" opis: terytorium Galicji
SKIP: element Q79748 (the Kingdom of Galicia and Lodomeria (1849-1866)) posiada deklarację: P203 o wartości: +1849-00-00T00:00:00Z/9
SKIP: element Q79748 (the Kingdom of Galicia and Lodomeria (1849-1866)) posiada deklarację: P204 o wartości: +1866-12-31T00:00:00Z/11
SKIP: element Q79748 (the Kingdom of Galicia and Lodomeria (1849-1866)) posiada deklarację: P47 o wartości: administrative system
ITEM: The Duchy of Warsaw (1807-1815)
Item: 'The Duchy of Warsaw (1807-1815)' already exists: Q79749, update mode enabled.
SKIP: element: Q79749 (The Duchy of Warsaw (1807-1815)) posiada już dla języka: "pl" opis: terytorium Księstwa Warszawskiego
SKIP: element Q79749 (The Duchy of Warsaw (1807-1815)) posiada deklarację: P203 o wartości: +1807-00-00T00:00:00Z/9
SKIP: element Q79749 (The Duchy of Warsaw (1807-1815)) posiada deklarację: P204 o wartości: +1814-12-31T00:00:00Z/11
SKIP: element Q79749 (The Duchy of Warsaw (1807-1815)) posiada deklarację: P47 o wartości: administrative system
ITEM: Kingdom of Poland (1815-1836)
Item: 'Kingdom of Poland (1815-1836)' already exists: Q79750, update mode enabled.
SKIP: element: Q79750 (Kingdom of Poland (1815-1836)) posiada już dla języka: "pl" opis: terytorium Królestwa Polskiego
SKIP: element Q79750 (Kingdom of Poland (1815-1836)) posiada deklarację: P203 o wartości: +1815-00-00T00:00:00Z/9
SKIP: element Q79750 (Kingdom of Poland (1815-1836)) posiada deklarację: P204 o wartości: +1842-12-31T00:00:00Z/11
SKIP: element Q79750 (Kingdom of Poland (1815-1836)) posiada deklarację: P47 o wartości: administrative system
ITEM: The Kingdom of Poland (1370-1568)
Item: 'The Kingdom of Poland (1370-1568)' already exists: Q79751, update mode enabled.
SKIP: element: Q79751 (The Kingdom of Poland (1370-1568)) posiada już dla języka: "pl" opis: terytorium Królestwa Polskiego
SKIP: element Q79751 (The Kingdom of Poland (1370-1568)) posiada deklarację: P203 o wartości: +1370-00-00T00:00:00Z/9
SKIP: element Q79751 (The Kingdom of Poland (1370-1568)) posiada deklarację: P204 o wartości: +1568-12-31T00:00:00Z/11
SKIP: element Q79751 (The Kingdom of Poland (1370-1568)) posiada deklarację: P47 o wartości: administrative system
ITEM: The Duchy of Prussia (1525-1701)
Item: 'The Duchy of Prussia (1525-1701)' already exists: Q79752, update mode enabled.
SKIP: element: Q79752 (The Duchy of Prussia (1525-1701)) posiada już dla języka: "pl" opis: terytorium Prus Książęcych
SKIP: element Q79752 (The Duchy of Prussia (1525-1701)) posiada deklarację: P203 o wartości: +1525-00-00T00:00:00Z/9
SKIP: element Q79752 (The Duchy of Prussia (1525-1701)) posiada deklarację: P204 o wartości: +1701-12-31T00:00:00Z/11
SKIP: element Q79752 (The Duchy of Prussia (1525-1701)) posiada deklarację: P47 o wartości: administrative system
ITEM: Armenian Catholic Church
Item: 'Armenian Catholic Church' already exists: Q79753, update mode enabled.
SKIP: element: Q79753 (Armenian Catholic Church) posiada już dla języka: "pl" opis: terytorium Polski, zwłaszcza wschodniej
SKIP: element Q79753 (Armenian Catholic Church) posiada deklarację: P203 o wartości: +1632-00-00T00:00:00Z/9
SKIP: element Q79753 (Armenian Catholic Church) posiada deklarację: P204 o wartości: +1939-12-31T00:00:00Z/11
SKIP: element Q79753 (Armenian Catholic Church) posiada deklarację: P47 o wartości: administrative system
ITEM: Congress Poland (1867-1918)
Item: 'Congress Poland (1867-1918)' already exists: Q79754, update mode enabled.
SKIP: element: Q79754 (Congress Poland (1867-1918)) posiada już dla języka: "pl" opis: terytorium Królestwa Polskiego
SKIP: element Q79754 (Congress Poland (1867-1918)) posiada deklarację: P203 o wartości: +1867-00-00T00:00:00Z/9
SKIP: element Q79754 (Congress Poland (1867-1918)) posiada deklarację: P204 o wartości: +1918-12-31T00:00:00Z/11
SKIP: element Q79754 (Congress Poland (1867-1918)) posiada deklarację: P47 o wartości: administrative system
ITEM: Slovak Republic (1996-2020)
Item: 'Slovak Republic (1996-2020)' already exists: Q79755, update mode enabled.
SKIP: element: Q79755 (Slovak Republic (1996-2020)) posiada już dla języka: "pl" opis: terytorium Republiki Słowacji
SKIP: element Q79755 (Slovak Republic (1996-2020)) posiada deklarację: P203 o wartości: +1996-00-00T00:00:00Z/9
SKIP: element Q79755 (Slovak Republic (1996-2020)) posiada deklarację: P204 o wartości: +2020-01-01T00:00:00Z/11
SKIP: element Q79755 (Slovak Republic (1996-2020)) posiada deklarację: P47 o wartości: administrative system
ITEM: Roman Catholic Church, STATEMENT: confession, VALUE: Catholicism
SKIP: element: 'Q79733' (Roman Catholic Church) już posiada deklarację: 'P205' o wartości: Q79389.
ITEM: Greek Catholic Church, STATEMENT: confession, VALUE: Catholicism
SKIP: element: 'Q79734' (Greek Catholic Church) już posiada deklarację: 'P205' o wartości: Q79389.
ITEM: Orthodox Church, STATEMENT: confession, VALUE: Orthodox
SKIP: element: 'Q79735' (Orthodox Church) już posiada deklarację: 'P205' o wartości: Q79390.
ITEM: Lutheran Church in the Polish-Lithuanian Commonwealth, STATEMENT: confession, VALUE: Protenstatism
SKIP: element: 'Q79736' (Lutheran Church in the Polish-Lithuanian Commonwealth) już posiada deklarację: 'P205' o wartości: Q79391.
ITEM: The Czech Brethren in the Polish-Lithuanian Commonwealth, STATEMENT: confession, VALUE: Protenstatism
SKIP: element: 'Q79737' (The Czech Brethren in the Polish-Lithuanian Commonwealth) już posiada deklarację: 'P205' o wartości: Q79391.
ITEM: Calvinist Church 1560-1939, STATEMENT: confession, VALUE: Protenstatism
SKIP: element: 'Q79738' (Calvinist Church 1560-1939) już posiada deklarację: 'P205' o wartości: Q79391.
ITEM: Evangelical Augsburg Church in Prussia 1525-1817, STATEMENT: confession, VALUE: Protenstatism
SKIP: element: 'Q79739' (Evangelical Augsburg Church in Prussia 1525-1817) już posiada deklarację: 'P205' o wartości: Q79391.
ITEM: Evangelical Reformed Church in Prussia 1713-1817, STATEMENT: confession, VALUE: Protenstatism
SKIP: element: 'Q79740' (Evangelical Reformed Church in Prussia 1713-1817) już posiada deklarację: 'P205' o wartości: Q79391.
ITEM: Evangelical Church in Prussia 1817-1939, STATEMENT: confession, VALUE: Protenstatism
SKIP: element: 'Q79741' (Evangelical Church in Prussia 1817-1939) już posiada deklarację: 'P205' o wartości: Q79391.
ITEM: Evangelical Church in Kingdom of Poland 1828-1849, STATEMENT: confession, VALUE: Protenstatism
SKIP: element: 'Q79742' (Evangelical Church in Kingdom of Poland 1828-1849) już posiada deklarację: 'P205' o wartości: Q79391.
ITEM: Evangelical Augsburg Church in Poland 1849-1939, STATEMENT: confession, VALUE: Protenstatism
SKIP: element: 'Q79743' (Evangelical Augsburg Church in Poland 1849-1939) już posiada deklarację: 'P205' o wartości: Q79391.
ITEM: Evangelical Reformed Church in Poland 1849-1939, STATEMENT: confession, VALUE: Protenstatism
SKIP: element: 'Q79744' (Evangelical Reformed Church in Poland 1849-1939) już posiada deklarację: 'P205' o wartości: Q79391.
ITEM: Evangelical Church in Galicia 1781-1918, STATEMENT: confession, VALUE: Protenstatism
SKIP: element: 'Q79745' (Evangelical Church in Galicia 1781-1918) już posiada deklarację: 'P205' o wartości: Q79391.
ITEM: Armenian Catholic Church, STATEMENT: confession, VALUE: Catholicism
SKIP: element: 'Q79753' (Armenian Catholic Church) już posiada deklarację: 'P205' o wartości: Q79389.
ITEM: The Second Polish Republic, STATEMENT: described by source, VALUE: Podziały terytorialno-administracyjne II Rzeczypospolitej w zakresie administracji zespolonej (Mielcarek A. J.)
Connection error: HTTPSConnectionPool(host='prunus-208.man.poznan.pl', port=443): Max retries exceeded with url: /api.php (Caused by NewConnectionError('<urllib3.connection.HTTPSConnection object at 0x7f79b8088dc0>: Failed to establish a new connection: [Errno 110] Connection timed out')). Sleeping for 60 seconds.
SKIP: element: 'Q79708' (The Second Polish Republic) już posiada deklarację: 'P218' o wartości: Q79606.
ITEM: The Second Polish Republic, STATEMENT: described by source, VALUE: Państwowe, administracyjne, wojskowe i wyznaniowe podziały terytorialne na ziemiach polskich : (zarys dziejów) (Wojtkowiak S.)
SKIP: element: 'Q79708' (The Second Polish Republic) już posiada deklarację: 'P218' o wartości: Q79622.
ITEM: The Second Polish Republic, STATEMENT: described by source, VALUE: Ustrój administracji ogólnej na Wileńszczyźnie w okresie międzywojennym (Gałędek M.)
SKIP: element: 'Q79708' (The Second Polish Republic) już posiada deklarację: 'P218' o wartości: Q79583.
ITEM: The Second Polish Republic, STATEMENT: described by source, VALUE: Proces ujednolicania ustroju samorządu terytorialnego w II Rzeczypospolitej (Dziobek-Romański J.)
SKIP: element: 'Q79708' (The Second Polish Republic) już posiada deklarację: 'P218' o wartości: Q79579.
ITEM: The Second Polish Republic, STATEMENT: described by source, VALUE: Z dziejów unifikacji administracji II Rzeczypospolitej : rola przepisów pruskich (Tarnowska A.)
Connection error: HTTPSConnectionPool(host='prunus-208.man.poznan.pl', port=443): Max retries exceeded with url: /api.php (Caused by NewConnectionError('<urllib3.connection.HTTPSConnection object at 0x7f79b88da9d0>: Failed to establish a new connection: [Errno 110] Connection timed out')). Sleeping for 60 seconds.
SKIP: element: 'Q79708' (The Second Polish Republic) już posiada deklarację: 'P218' o wartości: Q79614.
ITEM: The Second Polish Republic, STATEMENT: described by source, VALUE: Niedostatki unifikacji administracji ogólnej : doktryna i praktycy o koniecznych uzupełnieniach rozporządzenia Prezydenta RP z dnia 19 stycznia 1928 r. (Tarnowska A.)
SKIP: element: 'Q79708' (The Second Polish Republic) już posiada deklarację: 'P218' o wartości: Q79613.
ITEM: The Second Polish Republic, STATEMENT: described by source, VALUE: Województwo w Drugiej Rzeczypospolitej : (z dziejów podziałów terytorialnych w latach 1919-1939) (Kallas M.)., Województwo w Drugiej Rzeczypospolitej: z dziejów podziałów terytorialnych w latach 1919-1939, „Acta Universitatis Nicolai Copernici. Nauki Humanistyczno-Społeczne. Historia“, 30, 1997, s. 145–161
ERROR: w instancji Wikibase brak elementu -> Województwo w Drugiej Rzeczypospolitej : (z dziejów podziałów terytorialnych w latach 1919-1939) (Kallas M.)., Województwo w Drugiej Rzeczypospolitej: z dziejów podziałów terytorialnych w latach 1919-1939, „Acta Universitatis Nicolai Copernici. Nauki Humanistyczno-Społeczne. Historia“, 30, 1997, s. 145–161 będącego wartością -> described by source
ITEM: The Second Polish Republic, STATEMENT: described by source, VALUE: Próba zreformowania podziału terytorialnego Drugiej Rzeczypospolitej w latach 1928-1933 (Lewandowska-Malec I.)
SKIP: element: 'Q79708' (The Second Polish Republic) już posiada deklarację: 'P218' o wartości: Q79599.
ITEM: The Free State of Prussia, STATEMENT: described by source, VALUE: Deutsche Verwaltungsgeschichte
SKIP: element: 'Q79711' (The Free State of Prussia) już posiada deklarację: 'P218' o wartości: Q79578.
ITEM: The Free State of Prussia, STATEMENT: described by source, VALUE: Die Behördenverfassung in Westpreussen seit der Ordenszeit (Bär M.)
SKIP: element: 'Q79711' (The Free State of Prussia) już posiada deklarację: 'P218' o wartości: Q79600.
ITEM: The Free State of Prussia, STATEMENT: described by source, VALUE: Verwaltungsgeschichte Ostdeutschlands 1815 - 1945 : Organisation - Aufgaben - Leistungen der Verwaltung (Baumgart P. et al.)
SKIP: element: 'Q79711' (The Free State of Prussia) już posiada deklarację: 'P218' o wartości: Q79589.
ITEM: The Free State of Prussia, STATEMENT: described by source, VALUE: Handbuch der Preussischen Geschichte
SKIP: element: 'Q79711' (The Free State of Prussia) już posiada deklarację: 'P218' o wartości: Q79588.
ITEM: The Free State of Prussia, STATEMENT: described by source, VALUE: Deutsche Verfassungsgeschichte seit 1789 (Huber E. R.)
SKIP: element: 'Q79711' (The Free State of Prussia) już posiada deklarację: 'P218' o wartości: Q79593.
ITEM: The Free State of Prussia, STATEMENT: described by source, VALUE: Überblick über die Verwaltungsorganisation in den Bundesstaaten (Frotscher W.)
SKIP: element: 'Q79711' (The Free State of Prussia) już posiada deklarację: 'P218' o wartości: Q79608.
ITEM: The Kingdom of Prussia (1806-1919), STATEMENT: described by source, VALUE: Deutsche Verwaltungsgeschichte
SKIP: element: 'Q79714' (The Kingdom of Prussia (1806-1919)) już posiada deklarację: 'P218' o wartości: Q79578.
ITEM: The Kingdom of Prussia (1806-1919), STATEMENT: described by source, VALUE: Die Behördenverfassung in Westpreussen seit der Ordenszeit (Bär M.)
SKIP: element: 'Q79714' (The Kingdom of Prussia (1806-1919)) już posiada deklarację: 'P218' o wartości: Q79600.
ITEM: The Kingdom of Prussia (1806-1919), STATEMENT: described by source, VALUE: Verwaltungsgeschichte Ostdeutschlands 1815 - 1945 : Organisation - Aufgaben - Leistungen der Verwaltung (Baumgart P. et al.)
SKIP: element: 'Q79714' (The Kingdom of Prussia (1806-1919)) już posiada deklarację: 'P218' o wartości: Q79589.
ITEM: The Kingdom of Prussia (1806-1919), STATEMENT: described by source, VALUE: Handbuch der Preussischen Geschichte
SKIP: element: 'Q79714' (The Kingdom of Prussia (1806-1919)) już posiada deklarację: 'P218' o wartości: Q79588.
ITEM: The Kingdom of Prussia (1806-1919), STATEMENT: described by source, VALUE: Deutsche Verfassungsgeschichte seit 1789 (Huber E. R.)
SKIP: element: 'Q79714' (The Kingdom of Prussia (1806-1919)) już posiada deklarację: 'P218' o wartości: Q79593.
ITEM: The Kingdom of Prussia (1806-1919), STATEMENT: described by source, VALUE: Überblick über die Verwaltungsorganisation in den Bundesstaaten (Frotscher W.)
SKIP: element: 'Q79714' (The Kingdom of Prussia (1806-1919)) już posiada deklarację: 'P218' o wartości: Q79608.
ITEM: Russian Empire (1775-1917), STATEMENT: described by source, VALUE: Zmiany podziałów administracyjnych w Cesarstwie Rosyjskim, w Związku Sowieckim oraz w Federacji Rosyjskiej (Eberhardt P.)
SKIP: element: 'Q79715' (Russian Empire (1775-1917)) już posiada deklarację: 'P218' o wartości: Q79580.
Error add qualifier:
 claim_id: Q79715$BC8FB515-9B5F-4B3B-8A09-F26C302574AC, prop_nr: P232, snak: {"value": "45", "type": "string"}
 {'error': {'code': 'invalid-snak', 'info': 'Invalid snak data.', 'messages': [{'name': 'wikibase-api-invalid-snak', 'parameters': [], 'html': {'*': 'Invalid snak data.'}}], '*': 'See https://prunus-208.man.poznan.pl/api.php for API usage. Subscribe to the mediawiki-api-announce mailing list at &lt;https://lists.wikimedia.org/postorius/lists/mediawiki-api-announce.lists.wikimedia.org/&gt; for notice of API deprecations and breaking changes.'}}
ITEM: Russian Empire (1775-1917), STATEMENT: described by source, VALUE: Pravitel'stvennyj apparat samoderžavnoj Rossii v XIX v. (Zajončkovskij P. A.)
SKIP: element: 'Q79715' (Russian Empire (1775-1917)) już posiada deklarację: 'P218' o wartości: Q79624.
ITEM: Russian Empire (1775-1917), STATEMENT: described by source, VALUE: Institut general-gubernatorstva v Rossijskoj imperii : (1775 g. - konec XIX v.). Avtoreferat dissertacii na soiskanie učenoj stepeni kandidata istoričeskih nauk (Rassolov G. A.)
SKIP: element: 'Q79715' (Russian Empire (1775-1917)) już posiada deklarację: 'P218' o wartości: Q79625.
ITEM: Russian Empire (1775-1917), STATEMENT: described by source, VALUE: Izmenenie administrativno-territorial'nogo deleniâ Rossii za poslednie 300 let. (Tarhov S. A.)
SKIP: element: 'Q79715' (Russian Empire (1775-1917)) już posiada deklarację: 'P218' o wartości: Q79628.
ITEM: Russian Empire (1775-1917), STATEMENT: described by source, VALUE: Izmenenie administrativno-territorial'nogo deleniâ Rossii v XIII-XX vv. (Tarhov S. A.)
SKIP: element: 'Q79715' (Russian Empire (1775-1917)) już posiada deklarację: 'P218' o wartości: Q79627.
Error add qualifier:
 claim_id: Q79715$EBCDC067-45EA-4A2A-88F9-D71737ED715B, prop_nr: P232, snak: {"value": "1 (46)", "type": "string"}
 {'error': {'code': 'invalid-snak', 'info': 'Invalid snak data.', 'messages': [{'name': 'wikibase-api-invalid-snak', 'parameters': [], 'html': {'*': 'Invalid snak data.'}}], '*': 'See https://prunus-208.man.poznan.pl/api.php for API usage. Subscribe to the mediawiki-api-announce mailing list at &lt;https://lists.wikimedia.org/postorius/lists/mediawiki-api-announce.lists.wikimedia.org/&gt; for notice of API deprecations and breaking changes.'}}
ITEM: Russian Empire (1775-1917), STATEMENT: described by source, VALUE: Landratura Sankt-Peterburgskoj gubernii : štat, funkcii, mesto v sisteme upravleniâ : (materialy k issledovaniû) (Redin D.)
SKIP: element: 'Q79715' (Russian Empire (1775-1917)) już posiada deklarację: 'P218' o wartości: Q79626.
Error add qualifier:
 claim_id: Q79715$48513850-AA00-4E07-9E89-C14799966D19, prop_nr: P232, snak: {"value": "44", "type": "string"}
 {'error': {'code': 'invalid-snak', 'info': 'Invalid snak data.', 'messages': [{'name': 'wikibase-api-invalid-snak', 'parameters': [], 'html': {'*': 'Invalid snak data.'}}], '*': 'See https://prunus-208.man.poznan.pl/api.php for API usage. Subscribe to the mediawiki-api-announce mailing list at &lt;https://lists.wikimedia.org/postorius/lists/mediawiki-api-announce.lists.wikimedia.org/&gt; for notice of API deprecations and breaking changes.'}}
ITEM: Russian Empire (1775-1917), STATEMENT: described by source, VALUE: Pravitel'stvennyj apparat samoderžavnoj Rossii v XIX v. (Zajončkovskij P. A.)
SKIP: element: 'Q79715' (Russian Empire (1775-1917)) już posiada deklarację: 'P218' o wartości: Q79624.
ITEM: Russian Empire (1775-1917), STATEMENT: described by source, VALUE: Institut general-gubernatorstva v Rossijskoj imperii : (1775 g. - konec XIX v.). Avtoreferat dissertacii na soiskanie učenoj stepeni kandidata istoričeskih nauk (Rassolov G. A.)
SKIP: element: 'Q79715' (Russian Empire (1775-1917)) już posiada deklarację: 'P218' o wartości: Q79625.
ITEM: Russian Empire (1775-1917), STATEMENT: described by source, VALUE: Izmenenie administrativno-territorial'nogo deleniâ Rossii za poslednie 300 let. (Tarhov S. A.)
SKIP: element: 'Q79715' (Russian Empire (1775-1917)) już posiada deklarację: 'P218' o wartości: Q79628.
ITEM: Russian Empire (1775-1917), STATEMENT: described by source, VALUE: Izmenenie administrativno-territorial'nogo deleniâ Rossii v XIII-XX vv. (Tarhov S. A.)
SKIP: element: 'Q79715' (Russian Empire (1775-1917)) już posiada deklarację: 'P218' o wartości: Q79627.
Error add qualifier:
 claim_id: Q79715$EBCDC067-45EA-4A2A-88F9-D71737ED715B, prop_nr: P232, snak: {"value": "1 (46)", "type": "string"}
 {'error': {'code': 'invalid-snak', 'info': 'Invalid snak data.', 'messages': [{'name': 'wikibase-api-invalid-snak', 'parameters': [], 'html': {'*': 'Invalid snak data.'}}], '*': 'See https://prunus-208.man.poznan.pl/api.php for API usage. Subscribe to the mediawiki-api-announce mailing list at &lt;https://lists.wikimedia.org/postorius/lists/mediawiki-api-announce.lists.wikimedia.org/&gt; for notice of API deprecations and breaking changes.'}}
ITEM: Russian Empire (1775-1917), STATEMENT: described by source, VALUE: Landratura Sankt-Peterburgskoj gubernii : štat, funkcii, mesto v sisteme upravleniâ : (materialy k issledovaniû) (Redin D.)
SKIP: element: 'Q79715' (Russian Empire (1775-1917)) już posiada deklarację: 'P218' o wartości: Q79626.
Error add qualifier:
 claim_id: Q79715$48513850-AA00-4E07-9E89-C14799966D19, prop_nr: P232, snak: {"value": "44", "type": "string"}
 {'error': {'code': 'invalid-snak', 'info': 'Invalid snak data.', 'messages': [{'name': 'wikibase-api-invalid-snak', 'parameters': [], 'html': {'*': 'Invalid snak data.'}}], '*': 'See https://prunus-208.man.poznan.pl/api.php for API usage. Subscribe to the mediawiki-api-announce mailing list at &lt;https://lists.wikimedia.org/postorius/lists/mediawiki-api-announce.lists.wikimedia.org/&gt; for notice of API deprecations and breaking changes.'}}
ITEM: The Kingdom of Galicia and Lodomeria (1867-1918), STATEMENT: described by source, VALUE: Kancelaria organów władzy w Galicji : wybór źródeł (Górak A. et al.)
SKIP: element: 'Q79717' (The Kingdom of Galicia and Lodomeria (1867-1918)) już posiada deklarację: 'P218' o wartości: Q79584.
ITEM: The Kingdom of Galicia and Lodomeria (1867-1918), STATEMENT: described by source, VALUE: Od uwłaszczenia do odrodzenia państwa (Grzybowski K.)
SKIP: element: 'Q79717' (The Kingdom of Galicia and Lodomeria (1867-1918)) już posiada deklarację: 'P218' o wartości: Q79587.
ITEM: The Kingdom of Galicia and Lodomeria (1867-1918), STATEMENT: described by source, VALUE: Galicja 1848-1914 : historia ustroju politycznego na tle historii ustroju Austrii (Grzybowski K.)
SKIP: element: 'Q79717' (The Kingdom of Galicia and Lodomeria (1867-1918)) już posiada deklarację: 'P218' o wartości: Q79586.
ITEM: The Kingdom of Galicia and Lodomeria (1867-1918), STATEMENT: described by source, VALUE: Galizien unter österreichischer Herrschaft : Verwaltung - Kirche - Bevölkerung (Mark R. A.)
SKIP: element: 'Q79717' (The Kingdom of Galicia and Lodomeria (1867-1918)) już posiada deklarację: 'P218' o wartości: Q79604.
ITEM: Congress Poland (1837-1866), STATEMENT: described by source, VALUE: Podziały administracyjne Królestwa Polskiego w okresie 1815-1918 r. : (zarys historyczny) (Trzebiński W. et al.)
SKIP: element: 'Q79718' (Congress Poland (1837-1866)) już posiada deklarację: 'P218' o wartości: Q79618.
ITEM: Congress Poland (1837-1866), STATEMENT: described by source, VALUE: Historia ustroju Polski X-XX w. (Kallas M.)
SKIP: element: 'Q79718' (Congress Poland (1837-1866)) już posiada deklarację: 'P218' o wartości: Q79597.
ITEM: The Kingdom of Prussia (1713-1805), STATEMENT: described by source, VALUE: Deutsche Verwaltungsgeschichte
SKIP: element: 'Q79720' (The Kingdom of Prussia (1713-1805)) już posiada deklarację: 'P218' o wartości: Q79578.
Error add qualifier:
 claim_id: Q79720$BAA77B2E-FDFC-44AC-84C6-7108E53853C5, prop_nr: P232, snak: {"value": "t. 1", "type": "string"}
 {'error': {'code': 'invalid-snak', 'info': 'Invalid snak data.', 'messages': [{'name': 'wikibase-api-invalid-snak', 'parameters': [], 'html': {'*': 'Invalid snak data.'}}], '*': 'See https://prunus-208.man.poznan.pl/api.php for API usage. Subscribe to the mediawiki-api-announce mailing list at &lt;https://lists.wikimedia.org/postorius/lists/mediawiki-api-announce.lists.wikimedia.org/&gt; for notice of API deprecations and breaking changes.'}}
ITEM: The Kingdom of Prussia (1713-1805), STATEMENT: described by source, VALUE: Prusy w okresie monarchii absolutnej (1701-1806) (Szultka Z. et al.)
Connection error: HTTPSConnectionPool(host='prunus-208.man.poznan.pl', port=443): Max retries exceeded with url: /api.php (Caused by NewConnectionError('<urllib3.connection.HTTPSConnection object at 0x7f79b806e7f0>: Failed to establish a new connection: [Errno 110] Connection timed out')). Sleeping for 60 seconds.
SKIP: element: 'Q79720' (The Kingdom of Prussia (1713-1805)) już posiada deklarację: 'P218' o wartości: Q79607.
ITEM: The Kingdom of Prussia (1713-1805), STATEMENT: described by source, VALUE: Ziemie polskie pod zaborem pruskim : Prusy Południowe 1793-1806 : studium historycznoprawne (Wąsicki J.)
SKIP: element: 'Q79720' (The Kingdom of Prussia (1713-1805)) już posiada deklarację: 'P218' o wartości: Q79595.
Error add qualifier:
 claim_id: Q79720$1D7C8B50-9801-4F7C-9D61-AC6A2B0FAB88, prop_nr: P168, snak: {"value": "127-131", "type": "string"}
 {'error': {'code': 'invalid-snak', 'info': 'Invalid snak data.', 'messages': [{'name': 'wikibase-api-invalid-snak', 'parameters': [], 'html': {'*': 'Invalid snak data.'}}], '*': 'See https://prunus-208.man.poznan.pl/api.php for API usage. Subscribe to the mediawiki-api-announce mailing list at &lt;https://lists.wikimedia.org/postorius/lists/mediawiki-api-announce.lists.wikimedia.org/&gt; for notice of API deprecations and breaking changes.'}}
ITEM: The Kingdom of Prussia (1713-1805), STATEMENT: described by source, VALUE: Die Behördenverfassung in Westpreussen seit der Ordenszeit (Bär M.)
SKIP: element: 'Q79720' (The Kingdom of Prussia (1713-1805)) już posiada deklarację: 'P218' o wartości: Q79600.
ITEM: The Polish-Lithuanian Commonwealth (1569-1795), STATEMENT: described by source, VALUE: Ustawy okołokonstytucyjne Sejmu Wielkiego z 1791 i 1792 roku (Uruszczak W.)
SKIP: element: 'Q79721' (The Polish-Lithuanian Commonwealth (1569-1795)) już posiada deklarację: 'P218' o wartości: Q79620.
Error add qualifier:
 claim_id: Q79721$C1ADDE04-3E11-49FF-A511-8AD1961D8131, prop_nr: P232, snak: {"value": "t. 6 (z. 3)", "type": "string"}
 {'error': {'code': 'invalid-snak', 'info': 'Invalid snak data.', 'messages': [{'name': 'wikibase-api-invalid-snak', 'parameters': [], 'html': {'*': 'Invalid snak data.'}}], '*': 'See https://prunus-208.man.poznan.pl/api.php for API usage. Subscribe to the mediawiki-api-announce mailing list at &lt;https://lists.wikimedia.org/postorius/lists/mediawiki-api-announce.lists.wikimedia.org/&gt; for notice of API deprecations and breaking changes.'}}
ITEM: The Polish-Lithuanian Commonwealth (1569-1795), STATEMENT: described by source, VALUE: Historia Polski 1572-1795 (Augustyniak U.)
SKIP: element: 'Q79721' (The Polish-Lithuanian Commonwealth (1569-1795)) już posiada deklarację: 'P218' o wartości: Q79619.
ITEM: The Polish-Lithuanian Commonwealth (1569-1795), STATEMENT: described by source, VALUE: Do połowy XV wieku (Bardach J.)
SKIP: element: 'Q79721' (The Polish-Lithuanian Commonwealth (1569-1795)) już posiada deklarację: 'P218' o wartości: Q79590.
ITEM: The Polish-Lithuanian Commonwealth (1569-1795), STATEMENT: described by source, VALUE: Od połowy XV w. do r. 1795 (Kaczmarczyk Z. et al.)
SKIP: element: 'Q79721' (The Polish-Lithuanian Commonwealth (1569-1795)) już posiada deklarację: 'P218' o wartości: Q79591.
ITEM: The Polish-Lithuanian Commonwealth (1569-1795), STATEMENT: described by source, VALUE: Historia administracji nowożytnej (Malec D. et al.)
SKIP: element: 'Q79721' (The Polish-Lithuanian Commonwealth (1569-1795)) już posiada deklarację: 'P218' o wartości: Q79577.
ITEM: The Polish-Lithuanian Commonwealth (1569-1795), STATEMENT: described by source, VALUE: Historia ustroju i prawa polskiego (Bardach J. et al.)
SKIP: element: 'Q79721' (The Polish-Lithuanian Commonwealth (1569-1795)) już posiada deklarację: 'P218' o wartości: Q79594.
ITEM: The Kingdom of Galitia and Lodomeria (1772-1848), STATEMENT: described by source, VALUE: Od rozbiorów do uwłaszczenia (Bartel W. M. et al.)
SKIP: element: 'Q79724' (The Kingdom of Galitia and Lodomeria (1772-1848)) już posiada deklarację: 'P218' o wartości: Q79574.
ITEM: The Kingdom of Galitia and Lodomeria (1772-1848), STATEMENT: described by source, VALUE: Ustrój i prawo Wolnego Miasta Krakowa : (1815-1846) (Bartel W. M.)
SKIP: element: 'Q79724' (The Kingdom of Galitia and Lodomeria (1772-1848)) już posiada deklarację: 'P218' o wartości: Q79575.
ITEM: The Kingdom of Galitia and Lodomeria (1772-1848), STATEMENT: described by source, VALUE: Pierwsze podziały administracyjne Galicji (Barwiński W.)
SKIP: element: 'Q79724' (The Kingdom of Galitia and Lodomeria (1772-1848)) już posiada deklarację: 'P218' o wartości: Q79576.
ITEM: The Kingdom of Galitia and Lodomeria (1772-1848), STATEMENT: described by source, VALUE: Kancelaria organów władzy w Galicji : wybór źródeł (Górak A. et al.)
SKIP: element: 'Q79724' (The Kingdom of Galitia and Lodomeria (1772-1848)) już posiada deklarację: 'P218' o wartości: Q79584.
ITEM: The Kingdom of Galitia and Lodomeria (1772-1848), STATEMENT: described by source, VALUE: Historia ustroju społeczno-politycznego Galicji 1772-1848 (Grodziski S.)
Connection error: HTTPSConnectionPool(host='prunus-208.man.poznan.pl', port=443): Max retries exceeded with url: /api.php (Caused by NewConnectionError('<urllib3.connection.HTTPSConnection object at 0x7f79b807b2b0>: Failed to establish a new connection: [Errno 110] Connection timed out')). Sleeping for 60 seconds.
SKIP: element: 'Q79724' (The Kingdom of Galitia and Lodomeria (1772-1848)) już posiada deklarację: 'P218' o wartości: Q79585.
ITEM: The Kingdom of Galitia and Lodomeria (1772-1848), STATEMENT: described by source, VALUE: Galicja Zachodnia 1795-1809 : studium z dziejów ziem polskich zaboru austriackiego po III rozbiorze (Mencel T.)
SKIP: element: 'Q79724' (The Kingdom of Galitia and Lodomeria (1772-1848)) już posiada deklarację: 'P218' o wartości: Q79605.
ITEM: The Kingdom of Galitia and Lodomeria (1772-1848), STATEMENT: described by source, VALUE: Galizien unter österreichischer Herrschaft : Verwaltung - Kirche - Bevölkerung (Mark R. A.)
SKIP: element: 'Q79724' (The Kingdom of Galitia and Lodomeria (1772-1848)) już posiada deklarację: 'P218' o wartości: Q79604.
ITEM: the Kingom of Hungary (1200-1918), STATEMENT: described by source, VALUE: Historia Węgier (Felczak W.)
SKIP: element: 'Q79725' (the Kingom of Hungary (1200-1918)) już posiada deklarację: 'P218' o wartości: Q79581.
ITEM: the Kingom of Hungary (1200-1918), STATEMENT: described by source, VALUE: Dzieje Węgier w zarysie (Gajsler J. F.)
SKIP: element: 'Q79725' (the Kingom of Hungary (1200-1918)) już posiada deklarację: 'P218' o wartości: Q79582.
ITEM: the Kingom of Hungary (1200-1918), STATEMENT: described by source, VALUE: Osadnictwo polskie na Górnych Węgrzech do początku XVIII wieku (Skawiński M.)
SKIP: element: 'Q79725' (the Kingom of Hungary (1200-1918)) już posiada deklarację: 'P218' o wartości: Q79610.
ITEM: the Kingom of Hungary (1200-1918), STATEMENT: described by source, VALUE: Górny Spisz za panowania Władysława II Jagiełły (1386-1434) (Trajdos T. M.)
SKIP: element: 'Q79725' (the Kingom of Hungary (1200-1918)) już posiada deklarację: 'P218' o wartości: Q79617.
Error add qualifier:
 claim_id: Q79725$21682ABE-98E5-43BB-8167-3F2C20CF30BC, prop_nr: P232, snak: {"value": "2", "type": "string"}
 {'error': {'code': 'invalid-snak', 'info': 'Invalid snak data.', 'messages': [{'name': 'wikibase-api-invalid-snak', 'parameters': [], 'html': {'*': 'Invalid snak data.'}}], '*': 'See https://prunus-208.man.poznan.pl/api.php for API usage. Subscribe to the mediawiki-api-announce mailing list at &lt;https://lists.wikimedia.org/postorius/lists/mediawiki-api-announce.lists.wikimedia.org/&gt; for notice of API deprecations and breaking changes.'}}
ITEM: Silesia (1372-1782), STATEMENT: described by source, VALUE: Historia ustroju Śląska : 1202-1740 (Orzechowski K.)
SKIP: element: 'Q79726' (Silesia (1372-1782)) już posiada deklarację: 'P218' o wartości: Q79596.
ITEM: Silesia (1372-1782), STATEMENT: described by source, VALUE: Slezsko - země Koruny České : historie a kultura 1300-1740
SKIP: element: 'Q79726' (Silesia (1372-1782)) już posiada deklarację: 'P218' o wartości: Q79611.
ITEM: Silesia (1372-1782), STATEMENT: described by source, VALUE: The long formation of the region Silesia (c. 1000-1526) (Wiszewski P.)
SKIP: element: 'Q79726' (Silesia (1372-1782)) już posiada deklarację: 'P218' o wartości: Q79616.
ITEM: Silesia (1372-1782), STATEMENT: described by source, VALUE: Terra - Ducatus - Marchionatus - Regio : die Bildung und Entwicklung der Regionen im Rahmen der Krone des Königreichs Böhmen
SKIP: element: 'Q79726' (Silesia (1372-1782)) już posiada deklarację: 'P218' o wartości: Q79615.
ITEM: Silesia (1372-1782), STATEMENT: described by source, VALUE: Slezsko v dějinách českého státu (Antonín R. et al.)
SKIP: element: 'Q79726' (Silesia (1372-1782)) już posiada deklarację: 'P218' o wartości: Q79612.
ITEM: Silesia (1372-1782), STATEMENT: described by source, VALUE: Slezsko v dějinách českého státu (Antonín R. et al.)
SKIP: element: 'Q79726' (Silesia (1372-1782)) już posiada deklarację: 'P218' o wartości: Q79612.
ITEM: The Duchy of Pomerania  (1230-1648), STATEMENT: described by source, VALUE: Historia Pomorza : opracowanie zbiorowe
SKIP: element: 'Q79727' (The Duchy of Pomerania  (1230-1648)) już posiada deklarację: 'P218' o wartości: Q79592.
Error add qualifier:
 claim_id: Q79727$F2A08264-7BB0-4D0A-A81F-85A279276A36, prop_nr: P232, snak: {"value": "t. 1", "type": "string"}
 {'error': {'code': 'invalid-snak', 'info': 'Invalid snak data.', 'messages': [{'name': 'wikibase-api-invalid-snak', 'parameters': [], 'html': {'*': 'Invalid snak data.'}}], '*': 'See https://prunus-208.man.poznan.pl/api.php for API usage. Subscribe to the mediawiki-api-announce mailing list at &lt;https://lists.wikimedia.org/postorius/lists/mediawiki-api-announce.lists.wikimedia.org/&gt; for notice of API deprecations and breaking changes.'}}
ITEM: The Duchy of Pomerania  (1230-1648), STATEMENT: described by source, VALUE: Deutsche Verwaltungsgeschichte
SKIP: element: 'Q79727' (The Duchy of Pomerania  (1230-1648)) już posiada deklarację: 'P218' o wartości: Q79578.
ITEM: The Margraviate of Branderburg (1540-1713), STATEMENT: described by source, VALUE: Deutsche Verwaltungsgeschichte
SKIP: element: 'Q79728' (The Margraviate of Branderburg (1540-1713)) już posiada deklarację: 'P218' o wartości: Q79578.
Error add qualifier:
 claim_id: Q79728$D66BF04C-0D31-4717-A49D-AFDF3C009FE4, prop_nr: P232, snak: {"value": "t. 1", "type": "string"}
 {'error': {'code': 'invalid-snak', 'info': 'Invalid snak data.', 'messages': [{'name': 'wikibase-api-invalid-snak', 'parameters': [], 'html': {'*': 'Invalid snak data.'}}], '*': 'See https://prunus-208.man.poznan.pl/api.php for API usage. Subscribe to the mediawiki-api-announce mailing list at &lt;https://lists.wikimedia.org/postorius/lists/mediawiki-api-announce.lists.wikimedia.org/&gt; for notice of API deprecations and breaking changes.'}}
ITEM: The Margraviate of Branderburg (1540-1713), STATEMENT: described by source, VALUE: Dzieje Brandenburgii-Prus na progu czasów nowożytnych (1500-1701) (Wachowiak B.)
SKIP: element: 'Q79728' (The Margraviate of Branderburg (1540-1713)) już posiada deklarację: 'P218' o wartości: Q79573.
ITEM: The Margraviate of Branderburg (1323-1540), STATEMENT: described by source, VALUE: Deutsche Verwaltungsgeschichte
SKIP: element: 'Q79730' (The Margraviate of Branderburg (1323-1540)) już posiada deklarację: 'P218' o wartości: Q79578.
Error add qualifier:
 claim_id: Q79730$E89AEBDC-904D-4BA3-AD33-3927D17B439E, prop_nr: P232, snak: {"value": "t. 1", "type": "string"}
 {'error': {'code': 'invalid-snak', 'info': 'Invalid snak data.', 'messages': [{'name': 'wikibase-api-invalid-snak', 'parameters': [], 'html': {'*': 'Invalid snak data.'}}], '*': 'See https://prunus-208.man.poznan.pl/api.php for API usage. Subscribe to the mediawiki-api-announce mailing list at &lt;https://lists.wikimedia.org/postorius/lists/mediawiki-api-announce.lists.wikimedia.org/&gt; for notice of API deprecations and breaking changes.'}}
ITEM: The Margraviate of Branderburg (1323-1540), STATEMENT: described by source, VALUE: Dzieje Brandenburgii-Prus na progu czasów nowożytnych (1500-1701) (Wachowiak B.)
SKIP: element: 'Q79730' (The Margraviate of Branderburg (1323-1540)) już posiada deklarację: 'P218' o wartości: Q79573.
ITEM: The State of the Teutonic Order (1226-1525), STATEMENT: described by source, VALUE: Władztwo Polski w Prusiech Zakonnych i Książęcych (1454-1657) : wybór źródeł (Vetulani A.)
SKIP: element: 'Q79732' (The State of the Teutonic Order (1226-1525)) już posiada deklarację: 'P218' o wartości: Q79621.
ITEM: The State of the Teutonic Order (1226-1525), STATEMENT: described by source, VALUE: Struktura administracyjna i własnościowa Pomorza Gdańskiego pod rządami zakonu krzyżackiego w latach 1309-1454 (Grzegorz M.)
SKIP: element: 'Q79732' (The State of the Teutonic Order (1226-1525)) już posiada deklarację: 'P218' o wartości: Q79602.
ITEM: The State of the Teutonic Order (1226-1525), STATEMENT: described by source, VALUE: Dzieje zakonu krzyżackiego w Prusach: gospodarka, społeczeństwo, państwo, ideologia (Biskup M. et al.)
SKIP: element: 'Q79732' (The State of the Teutonic Order (1226-1525)) już posiada deklarację: 'P218' o wartości: Q79603.
ITEM: The State of the Teutonic Order (1226-1525), STATEMENT: described by source, VALUE: Zakon krzyżacki w Prusach i Inflantach : podziały administracyjne i kościelne w XIII-XVI wieku (Arszyński M. et al.)
SKIP: element: 'Q79732' (The State of the Teutonic Order (1226-1525)) już posiada deklarację: 'P218' o wartości: Q79623.
ITEM: The State of the Teutonic Order (1226-1525), STATEMENT: described by source, VALUE: Die Kirche im Deutschordensstaat in Preussen (1243-1525) : Organisation, Ausstattung, Rechtsprechung, Geistlichkeit, Gläubige (Radzimiński A.)
SKIP: element: 'Q79732' (The State of the Teutonic Order (1226-1525)) już posiada deklarację: 'P218' o wartości: Q79572.
ITEM: The State of the Teutonic Order (1226-1525), STATEMENT: described by source, VALUE: Biskupstwa państwa krzyżackiego w Prusach XIII-XV wieku : z dziejów organizacji kościelnej i duchowieństwa (Radzimiński A.)
SKIP: element: 'Q79732' (The State of the Teutonic Order (1226-1525)) już posiada deklarację: 'P218' o wartości: Q79571.
ITEM: The Second Polish Republic, STATEMENT: legal basis, VALUE: Konstytucja Rzeczypospolitej Polskie z 17 marca 1921 r.
SKIP: element: 'Q79708' (The Second Polish Republic) już posiada deklarację: 'P242' o wartości: Q79669.
ITEM: The Second Polish Republic, STATEMENT: legal basis, VALUE: Rozporządzenie Prezydenta Rzeczypospolitej z dnia 19 stycznia 1928 r. o organizacji i zakresie działania władz administracji ogólnej
SKIP: element: 'Q79708' (The Second Polish Republic) już posiada deklarację: 'P242' o wartości: Q79677.
ITEM: The Second Polish Republic, STATEMENT: legal basis, VALUE: Ustawa z dnia 23 marca 1933 r. o częściowej zmianie ustroju samorządu terytorjalnego. (tzw. ustawa scaleniowa)
SKIP: element: 'Q79708' (The Second Polish Republic) już posiada deklarację: 'P242' o wartości: Q79687.
ITEM: The Republic of Poland (1999-2016), STATEMENT: legal basis, VALUE: Ustawa z dnia 24 lipca 1998 r. o wprowadzeniu zasadniczego trójstopniowego podziału terytorialnego państwa (Dz.U. z 1998 r. Nr 96, poz. 603)
SKIP: element: 'Q79710' (The Republic of Poland (1999-2016)) już posiada deklarację: 'P242' o wartości: Q79688.
ITEM: The Free State of Prussia, STATEMENT: legal basis, VALUE: Verordnung wegen verbesserter Einrichtung der Provinzial- Polizei- und Finanzbehörden vom 26. Dezember 1808 (GS S. 481)
SKIP: element: 'Q79711' (The Free State of Prussia) już posiada deklarację: 'P242' o wartości: Q79690.
ITEM: The Free State of Prussia, STATEMENT: legal basis, VALUE: Städteordnung 1808, 1831, 1853
SKIP: element: 'Q79711' (The Free State of Prussia) już posiada deklarację: 'P242' o wartości: Q79678.
ITEM: The Free State of Prussia, STATEMENT: legal basis, VALUE: Verordnung wegen verbesserter Einrichtung der Provinzial-Behörden vom 30. April 1815 (GS S. 85)
SKIP: element: 'Q79711' (The Free State of Prussia) już posiada deklarację: 'P242' o wartości: Q79691.
ITEM: The Free State of Prussia, STATEMENT: legal basis, VALUE: Gesetz über Verpflichtung zur Armenpflege vom 31. Dez. 1842
SKIP: element: 'Q79711' (The Free State of Prussia) już posiada deklarację: 'P242' o wartości: Q79666.
ITEM: The Free State of Prussia, STATEMENT: legal basis, VALUE: Kreisordnung für die östlichen 6 Provinzen vom 13. Dez. 1872
SKIP: element: 'Q79711' (The Free State of Prussia) już posiada deklarację: 'P242' o wartości: Q79670.
ITEM: The Kingdom of Prussia (1806-1919), STATEMENT: legal basis, VALUE: Verordnung wegen verbesserter Einrichtung der Provinzial- Polizei- und Finanzbehörden vom 26. Dezember 1808 (GS S. 481)
SKIP: element: 'Q79714' (The Kingdom of Prussia (1806-1919)) już posiada deklarację: 'P242' o wartości: Q79690.
ITEM: The Kingdom of Prussia (1806-1919), STATEMENT: legal basis, VALUE: tädteordnung 1808, 1831, 1853
SKIP: element: 'Q79714' (The Kingdom of Prussia (1806-1919)) już posiada deklarację: 'P242' o wartości: Q79680.
ITEM: The Kingdom of Prussia (1806-1919), STATEMENT: legal basis, VALUE: Verordnung wegen verbesserter Einrichtung der Provinzial-Behörden vom 30. April 1815 (GS S. 85)
SKIP: element: 'Q79714' (The Kingdom of Prussia (1806-1919)) już posiada deklarację: 'P242' o wartości: Q79691.
ITEM: The Kingdom of Prussia (1806-1919), STATEMENT: legal basis, VALUE: Gesetz über Verpflichtung zur Armenpflege vom 31. Dez. 1842
SKIP: element: 'Q79714' (The Kingdom of Prussia (1806-1919)) już posiada deklarację: 'P242' o wartości: Q79666.
ITEM: The Kingdom of Prussia (1806-1919), STATEMENT: legal basis, VALUE: Kreisordnung für die östlichen 6 Provinzen vom 13. Dez. 1872
SKIP: element: 'Q79714' (The Kingdom of Prussia (1806-1919)) już posiada deklarację: 'P242' o wartości: Q79670.
ITEM: Russian Empire (1775-1917), STATEMENT: legal basis, VALUE: Dekret Piotra I z dnia 18 grudnia 1708 r.
SKIP: element: 'Q79715' (Russian Empire (1775-1917)) już posiada deklarację: 'P242' o wartości: Q79660.
ITEM: Russian Empire (1775-1917), STATEMENT: legal basis, VALUE: ukaz Piotra I z dnia 29 maja 1719 r.
SKIP: element: 'Q79715' (Russian Empire (1775-1917)) już posiada deklarację: 'P242' o wartości: Q79685.
ITEM: Russian Empire (1775-1917), STATEMENT: legal basis, VALUE: dekret Katarzyny II z 7 listopada 1775 r.
SKIP: element: 'Q79715' (Russian Empire (1775-1917)) już posiada deklarację: 'P242' o wartości: Q79657.
ITEM: Russian Empire (1775-1917), STATEMENT: legal basis, VALUE: dekret Pawa I z 12 grudnia 1796 r.
SKIP: element: 'Q79715' (Russian Empire (1775-1917)) już posiada deklarację: 'P242' o wartości: Q79659.
ITEM: Russian Empire (1775-1917), STATEMENT: legal basis, VALUE: 1861: reforma uwłaszczeniowa i wprowadzenie gmin
SKIP: element: 'Q79715' (Russian Empire (1775-1917)) już posiada deklarację: 'P242' o wartości: Q79654.
ITEM: The Kingdom of Galicia and Lodomeria (1867-1918), STATEMENT: legal basis, VALUE: reforma administracyjna 1865-1867 (zniesienie cyrkułów, zniesienie rządu krajowego w Krakowie)
SKIP: element: 'Q79717' (The Kingdom of Galicia and Lodomeria (1867-1918)) już posiada deklarację: 'P242' o wartości: Q79675.
ITEM: Congress Poland (1837-1866), STATEMENT: legal basis, VALUE: Ukaz carski z 11.10.1842 ( Dziennik Praw Królestwa Polskiego, nr 97. T. 30. Warszawa: 1842, s. 281-285)
SKIP: element: 'Q79718' (Congress Poland (1837-1866)) już posiada deklarację: 'P242' o wartości: Q79683.
ITEM: The Kingdom of Prussia (1713-1805), STATEMENT: legal basis, VALUE: Edykt królewski z 13.08.1713 o niepodzielności wszystkich terytoriów Hohenzollernów tworzących integralne terytorium Królestwa Prus. Instrukcja królewska z 19 stycznia 1723 r. o utworzeniu General- Ober- Finanz- Kriegs- und Domänen-Direktorium.
SKIP: element: 'Q79720' (The Kingdom of Prussia (1713-1805)) już posiada deklarację: 'P242' o wartości: Q79663.
ITEM: The Polish-Lithuanian Commonwealth (1569-1795), STATEMENT: legal basis, VALUE: Akt unii lubelskiej z dnia 1 lipca 1569 r.
SKIP: element: 'Q79721' (The Polish-Lithuanian Commonwealth (1569-1795)) już posiada deklarację: 'P242' o wartości: Q79656.
ITEM: The Polish-Lithuanian Commonwealth (1569-1795), STATEMENT: legal basis, VALUE: Konstytucja 3 maja 1791 r.
SKIP: element: 'Q79721' (The Polish-Lithuanian Commonwealth (1569-1795)) już posiada deklarację: 'P242' o wartości: Q79668.
ITEM: The Kingdom of Galitia and Lodomeria (1772-1848), STATEMENT: legal basis, VALUE: Edykt z 11 września 1772 r. o utworzeniu guberium we Lwowie
SKIP: element: 'Q79724' (The Kingdom of Galitia and Lodomeria (1772-1848)) już posiada deklarację: 'P242' o wartości: Q79664.
ITEM: The Kingdom of Galitia and Lodomeria (1772-1848), STATEMENT: legal basis, VALUE: listopad-grudzień 1773 r: podział na 6 cyrkułów (Kreis) oraz 59 okręgów (Kreisdistricten)
SKIP: element: 'Q79724' (The Kingdom of Galitia and Lodomeria (1772-1848)) już posiada deklarację: 'P242' o wartości: Q79672.
ITEM: The Kingdom of Galitia and Lodomeria (1772-1848), STATEMENT: legal basis, VALUE: dekret z 22 marca 1782 r. o zniesieniu okręgów
SKIP: element: 'Q79724' (The Kingdom of Galitia and Lodomeria (1772-1848)) już posiada deklarację: 'P242' o wartości: Q79661.
ITEM: the Kingom of Hungary (1200-1918), STATEMENT: legal basis, VALUE: Ustrój terytoriualny oparty o komitaty (megye) i powiaty (processus, reambulatio, węg. szolgabírói járás) ukształtował się w średniowieczu, od XI wieku, i mimo wielu prób reform administracyjnych obowiązuje zasadniczo po dzień dzisiejszy. Najważniejsze reformy miały miejsce w latach 1785-1790, 1849-1860 i były związane z próbą centralizacji administracyjnej w ramach monarchii austriackiej.
SKIP: element: 'Q79725' (the Kingom of Hungary (1200-1918)) już posiada deklarację: 'P242' o wartości: Q79689.
ITEM: The Margraviate of Branderburg (1540-1713), STATEMENT: legal basis, VALUE: Hofordnung 1537, Kanzleiordnungen 1537, 1562, 1577
SKIP: element: 'Q79728' (The Margraviate of Branderburg (1540-1713)) już posiada deklarację: 'P242' o wartości: Q79667.
ITEM: The Margraviate of Branderburg (1540-1713), STATEMENT: legal basis, VALUE: Geheime-Rats-Ordnung 13.12.1604
SKIP: element: 'Q79728' (The Margraviate of Branderburg (1540-1713)) już posiada deklarację: 'P242' o wartości: Q79665.
ITEM: The Margraviate of Branderburg (1323-1540), STATEMENT: legal basis, VALUE: Landbuch der Mark Brandenburg 1375 i następne decyzje margrafów
SKIP: element: 'Q79730' (The Margraviate of Branderburg (1323-1540)) już posiada deklarację: 'P242' o wartości: Q79671.
ITEM: The State of the Teutonic Order (1226-1525), STATEMENT: legal basis, VALUE: Przywilej chełmiński 1233, statuty zakonu, akt inkorporacji ziem pruskich z 6 marca 1454
SKIP: element: 'Q79732' (The State of the Teutonic Order (1226-1525)) już posiada deklarację: 'P242' o wartości: Q79674.
ITEM: The State of the Teutonic Order (1226-1525), STATEMENT: legal basis, VALUE: traktat toruński z 1466
SKIP: element: 'Q79732' (The State of the Teutonic Order (1226-1525)) już posiada deklarację: 'P242' o wartości: Q79682.
ITEM: The State of the Teutonic Order (1226-1525), STATEMENT: legal basis, VALUE: traktat krakowski z 1525
SKIP: element: 'Q79732' (The State of the Teutonic Order (1226-1525)) już posiada deklarację: 'P242' o wartości: Q79681.
ITEM: Greek Catholic Church, STATEMENT: legal basis, VALUE: 1596, akt unii brzeskiej
SKIP: element: 'Q79734' (Greek Catholic Church) już posiada deklarację: 'P242' o wartości: Q79649.
ITEM: Greek Catholic Church, STATEMENT: legal basis, VALUE: 1720, synod w Zamościu
SKIP: element: 'Q79734' (Greek Catholic Church) już posiada deklarację: 'P242' o wartości: Q79651.
ITEM: Evangelical Augsburg Church in Poland 1849-1939, STATEMENT: legal basis, VALUE: Ustawa z 1849 r.
SKIP: element: 'Q79743' (Evangelical Augsburg Church in Poland 1849-1939) już posiada deklarację: 'P242' o wartości: Q79686.
ITEM: Evangelical Augsburg Church in Poland 1849-1939, STATEMENT: legal basis, VALUE: 25 listopada 1936, dekret Prezydenta RP: "co spowodowały zmiany w tytulaturze i nazewnictwie poszczególnych zwierzchników i ich jednostek kościelnych" (Kłaczkow, s. 42), trudno więc to uznać za zmianę ustroju kościoła ewangelickiego.
SKIP: element: 'Q79743' (Evangelical Augsburg Church in Poland 1849-1939) już posiada deklarację: 'P242' o wartości: Q79655.
ITEM: Evangelical Church in Galicia 1781-1918, STATEMENT: legal basis, VALUE: Od 1861 r. powołany oficjalnie
SKIP: element: 'Q79745' (Evangelical Church in Galicia 1781-1918) już posiada deklarację: 'P242' o wartości: Q79673.
ITEM: the Kingdom of Galicia and Lodomeria (1849-1866), STATEMENT: legal basis, VALUE: 1849-1850: reforma ustrojowa (kraj koronny, namiestnictwa, wprowadzenie powiatów)
SKIP: element: 'Q79748' (the Kingdom of Galicia and Lodomeria (1849-1866)) już posiada deklarację: 'P242' o wartości: Q79652.
ITEM: the Kingdom of Galicia and Lodomeria (1849-1866), STATEMENT: legal basis, VALUE: 1855-1856: reforma administracyjna (zniesienie kompetencji dominiów i magistratów na rzecz ustroju gminnego i powiatów)
SKIP: element: 'Q79748' (the Kingdom of Galicia and Lodomeria (1849-1866)) już posiada deklarację: 'P242' o wartości: Q79653.
ITEM: The Duchy of Warsaw (1807-1815), STATEMENT: legal basis, VALUE: Dziennik Praw [Księstwa Warszawskiego], t. 1, s. XXXIV
SKIP: element: 'Q79749' (The Duchy of Warsaw (1807-1815)) już posiada deklarację: 'P242' o wartości: Q79662.
ITEM: Kingdom of Poland (1815-1836), STATEMENT: legal basis, VALUE: Dekret Namiestnika Królestwa Polskiego gen. Józefa Zajączka z dn. 16 stycznia 1816 r. (Dziennik Praw, T. 1, s. 115)
SKIP: element: 'Q79750' (Kingdom of Poland (1815-1836)) już posiada deklarację: 'P242' o wartości: Q79658.
ITEM: The Kingdom of Poland (1370-1568), STATEMENT: legal basis, VALUE: reformy ustrojowe XIV w.
SKIP: element: 'Q79751' (The Kingdom of Poland (1370-1568)) już posiada deklarację: 'P242' o wartości: Q79676.
ITEM: The Kingdom of Poland (1370-1568), STATEMENT: legal basis, VALUE: statuty wiślicko-piotrowskie (1356-1362 r.)
SKIP: element: 'Q79751' (The Kingdom of Poland (1370-1568)) już posiada deklarację: 'P242' o wartości: Q79679.
ITEM: Armenian Catholic Church, STATEMENT: legal basis, VALUE: 1632, unia kościoła ormiańskiego z Rzymem
SKIP: element: 'Q79753' (Armenian Catholic Church) już posiada deklarację: 'P242' o wartości: Q79650.
ITEM: Congress Poland (1867-1918), STATEMENT: legal basis, VALUE: Ukaz carski z 13.01.1867 (Dziennik Praw Królestwa Polskiego), nr 66, Warszawa 1866, s. 115-243.
SKIP: element: 'Q79754' (Congress Poland (1867-1918)) już posiada deklarację: 'P242' o wartości: Q79684.
ITEM: Roman Catholic Church, STATEMENT: religion, VALUE: Christian
SKIP: element: 'Q79733' (Roman Catholic Church) już posiada deklarację: 'P77' o wartości: Q9521.
ITEM: Greek Catholic Church, STATEMENT: religion, VALUE: Christian
SKIP: element: 'Q79734' (Greek Catholic Church) już posiada deklarację: 'P77' o wartości: Q9521.
ITEM: Orthodox Church, STATEMENT: religion, VALUE: Christian
SKIP: element: 'Q79735' (Orthodox Church) już posiada deklarację: 'P77' o wartości: Q9521.
ITEM: Lutheran Church in the Polish-Lithuanian Commonwealth, STATEMENT: religion, VALUE: Christian
SKIP: element: 'Q79736' (Lutheran Church in the Polish-Lithuanian Commonwealth) już posiada deklarację: 'P77' o wartości: Q9521.
ITEM: The Czech Brethren in the Polish-Lithuanian Commonwealth, STATEMENT: religion, VALUE: Christian
SKIP: element: 'Q79737' (The Czech Brethren in the Polish-Lithuanian Commonwealth) już posiada deklarację: 'P77' o wartości: Q9521.
ITEM: Calvinist Church 1560-1939, STATEMENT: religion, VALUE: Christian
SKIP: element: 'Q79738' (Calvinist Church 1560-1939) już posiada deklarację: 'P77' o wartości: Q9521.
ITEM: Evangelical Augsburg Church in Prussia 1525-1817, STATEMENT: religion, VALUE: Christian
SKIP: element: 'Q79739' (Evangelical Augsburg Church in Prussia 1525-1817) już posiada deklarację: 'P77' o wartości: Q9521.
ITEM: Evangelical Reformed Church in Prussia 1713-1817, STATEMENT: religion, VALUE: Christian
SKIP: element: 'Q79740' (Evangelical Reformed Church in Prussia 1713-1817) już posiada deklarację: 'P77' o wartości: Q9521.
ITEM: Evangelical Church in Prussia 1817-1939, STATEMENT: religion, VALUE: Christian
SKIP: element: 'Q79741' (Evangelical Church in Prussia 1817-1939) już posiada deklarację: 'P77' o wartości: Q9521.
ITEM: Evangelical Church in Kingdom of Poland 1828-1849, STATEMENT: religion, VALUE: Christian
SKIP: element: 'Q79742' (Evangelical Church in Kingdom of Poland 1828-1849) już posiada deklarację: 'P77' o wartości: Q9521.
ITEM: Evangelical Augsburg Church in Poland 1849-1939, STATEMENT: religion, VALUE: Christian
SKIP: element: 'Q79743' (Evangelical Augsburg Church in Poland 1849-1939) już posiada deklarację: 'P77' o wartości: Q9521.
ITEM: Evangelical Reformed Church in Poland 1849-1939, STATEMENT: religion, VALUE: Christian
SKIP: element: 'Q79744' (Evangelical Reformed Church in Poland 1849-1939) już posiada deklarację: 'P77' o wartości: Q9521.
ITEM: Evangelical Church in Galicia 1781-1918, STATEMENT: religion, VALUE: Christian
SKIP: element: 'Q79745' (Evangelical Church in Galicia 1781-1918) już posiada deklarację: 'P77' o wartości: Q9521.
ITEM: Jews in the Polish-Lithuanian Commonwealth, STATEMENT: religion, VALUE: Jewish
SKIP: element: 'Q79746' (Jews in the Polish-Lithuanian Commonwealth) już posiada deklarację: 'P77' o wartości: Q79381.
ITEM: Armenian Catholic Church, STATEMENT: religion, VALUE: Christian
SKIP: element: 'Q79753' (Armenian Catholic Church) już posiada deklarację: 'P77' o wartości: Q9521.
ITEM: Roman Catholic Church, STATEMENT: rite, VALUE: Latin (Roman Catholic)
SKIP: element: 'Q79733' (Roman Catholic Church) już posiada deklarację: 'P206' o wartości: Q79383.
ITEM: Greek Catholic Church, STATEMENT: rite, VALUE: Uniate (Greek-Catholic)
SKIP: element: 'Q79734' (Greek Catholic Church) już posiada deklarację: 'P206' o wartości: Q79388.
ITEM: Lutheran Church in the Polish-Lithuanian Commonwealth, STATEMENT: rite, VALUE: Evangelical Augsburg
SKIP: element: 'Q79736' (Lutheran Church in the Polish-Lithuanian Commonwealth) już posiada deklarację: 'P206' o wartości: Q79386.
ITEM: The Czech Brethren in the Polish-Lithuanian Commonwealth, STATEMENT: rite, VALUE: Czech Brethren
SKIP: element: 'Q79737' (The Czech Brethren in the Polish-Lithuanian Commonwealth) już posiada deklarację: 'P206' o wartości: Q79384.
ITEM: Calvinist Church 1560-1939, STATEMENT: rite, VALUE: Evangelical Reformed
SKIP: element: 'Q79738' (Calvinist Church 1560-1939) już posiada deklarację: 'P206' o wartości: Q79387.
ITEM: Evangelical Augsburg Church in Prussia 1525-1817, STATEMENT: rite, VALUE: Evangelical Augsburg
SKIP: element: 'Q79739' (Evangelical Augsburg Church in Prussia 1525-1817) już posiada deklarację: 'P206' o wartości: Q79386.
ITEM: Evangelical Reformed Church in Prussia 1713-1817, STATEMENT: rite, VALUE: Evangelical Reformed
SKIP: element: 'Q79740' (Evangelical Reformed Church in Prussia 1713-1817) już posiada deklarację: 'P206' o wartości: Q79387.
ITEM: Evangelical Church in Prussia 1817-1939, STATEMENT: rite, VALUE: Evangelical
SKIP: element: 'Q79741' (Evangelical Church in Prussia 1817-1939) już posiada deklarację: 'P206' o wartości: Q79385.
ITEM: Evangelical Church in Kingdom of Poland 1828-1849, STATEMENT: rite, VALUE: Evangelical
SKIP: element: 'Q79742' (Evangelical Church in Kingdom of Poland 1828-1849) już posiada deklarację: 'P206' o wartości: Q79385.
ITEM: Evangelical Augsburg Church in Poland 1849-1939, STATEMENT: rite, VALUE: Evangelical Augsburg
SKIP: element: 'Q79743' (Evangelical Augsburg Church in Poland 1849-1939) już posiada deklarację: 'P206' o wartości: Q79386.
ITEM: Evangelical Reformed Church in Poland 1849-1939, STATEMENT: rite, VALUE: Evangelical Reformed
SKIP: element: 'Q79744' (Evangelical Reformed Church in Poland 1849-1939) już posiada deklarację: 'P206' o wartości: Q79387.
ITEM: Evangelical Church in Galicia 1781-1918, STATEMENT: rite, VALUE: Evangelical
SKIP: element: 'Q79745' (Evangelical Church in Galicia 1781-1918) już posiada deklarację: 'P206' o wartości: Q79385.
ITEM: Armenian Catholic Church, STATEMENT: rite, VALUE: Armenian rite
SKIP: element: 'Q79753' (Armenian Catholic Church) już posiada deklarację: 'P206' o wartości: Q79382.
ITEM: The Second Polish Republic, STATEMENT: purl identifier, VALUE: http://purl.org/ontohgis#administrative_system_1
Pominięto referencję globalną dla deklaracji: Q79708->P197 typu external-id.
SKIP: element: 'Q79708' (The Second Polish Republic) już posiada deklarację: 'P197' o wartości: http://purl.org/ontohgis#administrative_system_1.
ITEM: Administrative division of the Catholic Church in the 16th century, STATEMENT: purl identifier, VALUE: http://purl.org/ontohgis#administrative_system_2
Pominięto referencję globalną dla deklaracji: Q79709->P197 typu external-id.
SKIP: element: 'Q79709' (Administrative division of the Catholic Church in the 16th century) już posiada deklarację: 'P197' o wartości: http://purl.org/ontohgis#administrative_system_2.
ITEM: The Republic of Poland (1999-2016), STATEMENT: purl identifier, VALUE: http://purl.org/ontohgis#administrative_system_3
Pominięto referencję globalną dla deklaracji: Q79710->P197 typu external-id.
SKIP: element: 'Q79710' (The Republic of Poland (1999-2016)) już posiada deklarację: 'P197' o wartości: http://purl.org/ontohgis#administrative_system_3.
ITEM: The Free State of Prussia, STATEMENT: purl identifier, VALUE: http://purl.org/ontohgis#administrative_system_4
Pominięto referencję globalną dla deklaracji: Q79711->P197 typu external-id.
SKIP: element: 'Q79711' (The Free State of Prussia) już posiada deklarację: 'P197' o wartości: http://purl.org/ontohgis#administrative_system_4.
ITEM: The Free City of Danzig (1920-1939), STATEMENT: purl identifier, VALUE: http://purl.org/ontohgis#administrative_system_5
Pominięto referencję globalną dla deklaracji: Q79712->P197 typu external-id.
SKIP: element: 'Q79712' (The Free City of Danzig (1920-1939)) już posiada deklarację: 'P197' o wartości: http://purl.org/ontohgis#administrative_system_5.
ITEM: The Free State of Saxony (1919-1945), STATEMENT: purl identifier, VALUE: http://purl.org/ontohgis#administrative_system_6
Pominięto referencję globalną dla deklaracji: Q79713->P197 typu external-id.
SKIP: element: 'Q79713' (The Free State of Saxony (1919-1945)) już posiada deklarację: 'P197' o wartości: http://purl.org/ontohgis#administrative_system_6.
ITEM: The Kingdom of Prussia (1806-1919), STATEMENT: purl identifier, VALUE: http://purl.org/ontohgis#administrative_system_7
Pominięto referencję globalną dla deklaracji: Q79714->P197 typu external-id.
SKIP: element: 'Q79714' (The Kingdom of Prussia (1806-1919)) już posiada deklarację: 'P197' o wartości: http://purl.org/ontohgis#administrative_system_7.
ITEM: Russian Empire (1775-1917), STATEMENT: purl identifier, VALUE: http://purl.org/ontohgis#administrative_system_8
Pominięto referencję globalną dla deklaracji: Q79715->P197 typu external-id.
SKIP: element: 'Q79715' (Russian Empire (1775-1917)) już posiada deklarację: 'P197' o wartości: http://purl.org/ontohgis#administrative_system_8.
ITEM: The Duchy of Upper and Lower Silesia (1849-1918), STATEMENT: purl identifier, VALUE: http://purl.org/ontohgis#administrative_system_9
Pominięto referencję globalną dla deklaracji: Q79716->P197 typu external-id.
SKIP: element: 'Q79716' (The Duchy of Upper and Lower Silesia (1849-1918)) już posiada deklarację: 'P197' o wartości: http://purl.org/ontohgis#administrative_system_9.
ITEM: The Kingdom of Galicia and Lodomeria (1867-1918), STATEMENT: purl identifier, VALUE: http://purl.org/ontohgis#administrative_system_10
Pominięto referencję globalną dla deklaracji: Q79717->P197 typu external-id.
SKIP: element: 'Q79717' (The Kingdom of Galicia and Lodomeria (1867-1918)) już posiada deklarację: 'P197' o wartości: http://purl.org/ontohgis#administrative_system_10.
ITEM: Congress Poland (1837-1866), STATEMENT: purl identifier, VALUE: http://purl.org/ontohgis#administrative_system_11
Pominięto referencję globalną dla deklaracji: Q79718->P197 typu external-id.
SKIP: element: 'Q79718' (Congress Poland (1837-1866)) już posiada deklarację: 'P197' o wartości: http://purl.org/ontohgis#administrative_system_11.
ITEM: Kingdom of Saxony (1815-1918), STATEMENT: purl identifier, VALUE: http://purl.org/ontohgis#administrative_system_12
Pominięto referencję globalną dla deklaracji: Q79719->P197 typu external-id.
SKIP: element: 'Q79719' (Kingdom of Saxony (1815-1918)) już posiada deklarację: 'P197' o wartości: http://purl.org/ontohgis#administrative_system_12.
ITEM: The Kingdom of Prussia (1713-1805), STATEMENT: purl identifier, VALUE: http://purl.org/ontohgis#administrative_system_13
Pominięto referencję globalną dla deklaracji: Q79720->P197 typu external-id.
SKIP: element: 'Q79720' (The Kingdom of Prussia (1713-1805)) już posiada deklarację: 'P197' o wartości: http://purl.org/ontohgis#administrative_system_13.
ITEM: The Polish-Lithuanian Commonwealth (1569-1795), STATEMENT: purl identifier, VALUE: http://purl.org/ontohgis#administrative_system_14
Pominięto referencję globalną dla deklaracji: Q79721->P197 typu external-id.
SKIP: element: 'Q79721' (The Polish-Lithuanian Commonwealth (1569-1795)) już posiada deklarację: 'P197' o wartości: http://purl.org/ontohgis#administrative_system_14.
ITEM: The Electorate of Saxony (1545-1805), STATEMENT: purl identifier, VALUE: http://purl.org/ontohgis#administrative_system_15
Pominięto referencję globalną dla deklaracji: Q79722->P197 typu external-id.
SKIP: element: 'Q79722' (The Electorate of Saxony (1545-1805)) już posiada deklarację: 'P197' o wartości: http://purl.org/ontohgis#administrative_system_15.
ITEM: Provincial government of Moravian-Silesian Region (1783-1848), STATEMENT: purl identifier, VALUE: http://purl.org/ontohgis#administrative_system_16
Pominięto referencję globalną dla deklaracji: Q79723->P197 typu external-id.
SKIP: element: 'Q79723' (Provincial government of Moravian-Silesian Region (1783-1848)) już posiada deklarację: 'P197' o wartości: http://purl.org/ontohgis#administrative_system_16.
ITEM: The Kingdom of Galitia and Lodomeria (1772-1848), STATEMENT: purl identifier, VALUE: http://purl.org/ontohgis#administrative_system_17
Pominięto referencję globalną dla deklaracji: Q79724->P197 typu external-id.
SKIP: element: 'Q79724' (The Kingdom of Galitia and Lodomeria (1772-1848)) już posiada deklarację: 'P197' o wartości: http://purl.org/ontohgis#administrative_system_17.
ITEM: the Kingom of Hungary (1200-1918), STATEMENT: purl identifier, VALUE: http://purl.org/ontohgis#administrative_system_18
Pominięto referencję globalną dla deklaracji: Q79725->P197 typu external-id.
SKIP: element: 'Q79725' (the Kingom of Hungary (1200-1918)) już posiada deklarację: 'P197' o wartości: http://purl.org/ontohgis#administrative_system_18.
ITEM: Silesia (1372-1782), STATEMENT: purl identifier, VALUE: http://purl.org/ontohgis#administrative_system_19
Pominięto referencję globalną dla deklaracji: Q79726->P197 typu external-id.
SKIP: element: 'Q79726' (Silesia (1372-1782)) już posiada deklarację: 'P197' o wartości: http://purl.org/ontohgis#administrative_system_19.
ITEM: The Duchy of Pomerania  (1230-1648), STATEMENT: purl identifier, VALUE: http://purl.org/ontohgis#administrative_system_20
Pominięto referencję globalną dla deklaracji: Q79727->P197 typu external-id.
SKIP: element: 'Q79727' (The Duchy of Pomerania  (1230-1648)) już posiada deklarację: 'P197' o wartości: http://purl.org/ontohgis#administrative_system_20.
ITEM: The Margraviate of Branderburg (1540-1713), STATEMENT: purl identifier, VALUE: http://purl.org/ontohgis#administrative_system_21
Pominięto referencję globalną dla deklaracji: Q79728->P197 typu external-id.
SKIP: element: 'Q79728' (The Margraviate of Branderburg (1540-1713)) już posiada deklarację: 'P197' o wartości: http://purl.org/ontohgis#administrative_system_21.
ITEM: The Duchy of Siewierz (1443-1790), STATEMENT: purl identifier, VALUE: http://purl.org/ontohgis#administrative_system_22
Pominięto referencję globalną dla deklaracji: Q79729->P197 typu external-id.
SKIP: element: 'Q79729' (The Duchy of Siewierz (1443-1790)) już posiada deklarację: 'P197' o wartości: http://purl.org/ontohgis#administrative_system_22.
ITEM: The Margraviate of Branderburg (1323-1540), STATEMENT: purl identifier, VALUE: http://purl.org/ontohgis#administrative_system_23
Pominięto referencję globalną dla deklaracji: Q79730->P197 typu external-id.
SKIP: element: 'Q79730' (The Margraviate of Branderburg (1323-1540)) już posiada deklarację: 'P197' o wartości: http://purl.org/ontohgis#administrative_system_23.
ITEM: Medieval system (up to the 14th century), STATEMENT: purl identifier, VALUE: http://purl.org/ontohgis#administrative_system_24
Pominięto referencję globalną dla deklaracji: Q79731->P197 typu external-id.
SKIP: element: 'Q79731' (Medieval system (up to the 14th century)) już posiada deklarację: 'P197' o wartości: http://purl.org/ontohgis#administrative_system_24.
ITEM: The State of the Teutonic Order (1226-1525), STATEMENT: purl identifier, VALUE: http://purl.org/ontohgis#administrative_system_25
Pominięto referencję globalną dla deklaracji: Q79732->P197 typu external-id.
SKIP: element: 'Q79732' (The State of the Teutonic Order (1226-1525)) już posiada deklarację: 'P197' o wartości: http://purl.org/ontohgis#administrative_system_25.
ITEM: Roman Catholic Church, STATEMENT: purl identifier, VALUE: http://purl.org/ontohgis#administrative_system_26
Pominięto referencję globalną dla deklaracji: Q79733->P197 typu external-id.
SKIP: element: 'Q79733' (Roman Catholic Church) już posiada deklarację: 'P197' o wartości: http://purl.org/ontohgis#administrative_system_26.
ITEM: Greek Catholic Church, STATEMENT: purl identifier, VALUE: http://purl.org/ontohgis#administrative_system_27
Pominięto referencję globalną dla deklaracji: Q79734->P197 typu external-id.
SKIP: element: 'Q79734' (Greek Catholic Church) już posiada deklarację: 'P197' o wartości: http://purl.org/ontohgis#administrative_system_27.
ITEM: Orthodox Church, STATEMENT: purl identifier, VALUE: http://purl.org/ontohgis#administrative_system_28
Pominięto referencję globalną dla deklaracji: Q79735->P197 typu external-id.
SKIP: element: 'Q79735' (Orthodox Church) już posiada deklarację: 'P197' o wartości: http://purl.org/ontohgis#administrative_system_28.
ITEM: Lutheran Church in the Polish-Lithuanian Commonwealth, STATEMENT: purl identifier, VALUE: http://purl.org/ontohgis#administrative_system_29
Pominięto referencję globalną dla deklaracji: Q79736->P197 typu external-id.
SKIP: element: 'Q79736' (Lutheran Church in the Polish-Lithuanian Commonwealth) już posiada deklarację: 'P197' o wartości: http://purl.org/ontohgis#administrative_system_29.
ITEM: The Czech Brethren in the Polish-Lithuanian Commonwealth, STATEMENT: purl identifier, VALUE: http://purl.org/ontohgis#administrative_system_30
Pominięto referencję globalną dla deklaracji: Q79737->P197 typu external-id.
SKIP: element: 'Q79737' (The Czech Brethren in the Polish-Lithuanian Commonwealth) już posiada deklarację: 'P197' o wartości: http://purl.org/ontohgis#administrative_system_30.
ITEM: Calvinist Church 1560-1939, STATEMENT: purl identifier, VALUE: http://purl.org/ontohgis#administrative_system_31
Pominięto referencję globalną dla deklaracji: Q79738->P197 typu external-id.
SKIP: element: 'Q79738' (Calvinist Church 1560-1939) już posiada deklarację: 'P197' o wartości: http://purl.org/ontohgis#administrative_system_31.
ITEM: Evangelical Augsburg Church in Prussia 1525-1817, STATEMENT: purl identifier, VALUE: http://purl.org/ontohgis#administrative_system_32
Pominięto referencję globalną dla deklaracji: Q79739->P197 typu external-id.
SKIP: element: 'Q79739' (Evangelical Augsburg Church in Prussia 1525-1817) już posiada deklarację: 'P197' o wartości: http://purl.org/ontohgis#administrative_system_32.
ITEM: Evangelical Reformed Church in Prussia 1713-1817, STATEMENT: purl identifier, VALUE: http://purl.org/ontohgis#administrative_system_33
Pominięto referencję globalną dla deklaracji: Q79740->P197 typu external-id.
SKIP: element: 'Q79740' (Evangelical Reformed Church in Prussia 1713-1817) już posiada deklarację: 'P197' o wartości: http://purl.org/ontohgis#administrative_system_33.
ITEM: Evangelical Church in Prussia 1817-1939, STATEMENT: purl identifier, VALUE: http://purl.org/ontohgis#administrative_system_34
Pominięto referencję globalną dla deklaracji: Q79741->P197 typu external-id.
SKIP: element: 'Q79741' (Evangelical Church in Prussia 1817-1939) już posiada deklarację: 'P197' o wartości: http://purl.org/ontohgis#administrative_system_34.
ITEM: Evangelical Church in Kingdom of Poland 1828-1849, STATEMENT: purl identifier, VALUE: http://purl.org/ontohgis#administrative_system_35
Pominięto referencję globalną dla deklaracji: Q79742->P197 typu external-id.
SKIP: element: 'Q79742' (Evangelical Church in Kingdom of Poland 1828-1849) już posiada deklarację: 'P197' o wartości: http://purl.org/ontohgis#administrative_system_35.
ITEM: Evangelical Augsburg Church in Poland 1849-1939, STATEMENT: purl identifier, VALUE: http://purl.org/ontohgis#administrative_system_36
Pominięto referencję globalną dla deklaracji: Q79743->P197 typu external-id.
SKIP: element: 'Q79743' (Evangelical Augsburg Church in Poland 1849-1939) już posiada deklarację: 'P197' o wartości: http://purl.org/ontohgis#administrative_system_36.
ITEM: Evangelical Reformed Church in Poland 1849-1939, STATEMENT: purl identifier, VALUE: http://purl.org/ontohgis#administrative_system_37
Pominięto referencję globalną dla deklaracji: Q79744->P197 typu external-id.
SKIP: element: 'Q79744' (Evangelical Reformed Church in Poland 1849-1939) już posiada deklarację: 'P197' o wartości: http://purl.org/ontohgis#administrative_system_37.
ITEM: Evangelical Church in Galicia 1781-1918, STATEMENT: purl identifier, VALUE: http://purl.org/ontohgis#administrative_system_38
Pominięto referencję globalną dla deklaracji: Q79745->P197 typu external-id.
SKIP: element: 'Q79745' (Evangelical Church in Galicia 1781-1918) już posiada deklarację: 'P197' o wartości: http://purl.org/ontohgis#administrative_system_38.
ITEM: Jews in the Polish-Lithuanian Commonwealth, STATEMENT: purl identifier, VALUE: http://purl.org/ontohgis#administrative_system_39
Pominięto referencję globalną dla deklaracji: Q79746->P197 typu external-id.
SKIP: element: 'Q79746' (Jews in the Polish-Lithuanian Commonwealth) już posiada deklarację: 'P197' o wartości: http://purl.org/ontohgis#administrative_system_39.
ITEM: The Grand Duchy of Lithuania, STATEMENT: purl identifier, VALUE: http://purl.org/ontohgis#administrative_system_40
Pominięto referencję globalną dla deklaracji: Q79747->P197 typu external-id.
SKIP: element: 'Q79747' (The Grand Duchy of Lithuania) już posiada deklarację: 'P197' o wartości: http://purl.org/ontohgis#administrative_system_40.
ITEM: the Kingdom of Galicia and Lodomeria (1849-1866), STATEMENT: purl identifier, VALUE: http://purl.org/ontohgis#administrative_system_41
Pominięto referencję globalną dla deklaracji: Q79748->P197 typu external-id.
SKIP: element: 'Q79748' (the Kingdom of Galicia and Lodomeria (1849-1866)) już posiada deklarację: 'P197' o wartości: http://purl.org/ontohgis#administrative_system_41.
ITEM: The Duchy of Warsaw (1807-1815), STATEMENT: purl identifier, VALUE: http://purl.org/ontohgis#administrative_system_42
Pominięto referencję globalną dla deklaracji: Q79749->P197 typu external-id.
SKIP: element: 'Q79749' (The Duchy of Warsaw (1807-1815)) już posiada deklarację: 'P197' o wartości: http://purl.org/ontohgis#administrative_system_42.
ITEM: Kingdom of Poland (1815-1836), STATEMENT: purl identifier, VALUE: http://purl.org/ontohgis#administrative_system_43
Pominięto referencję globalną dla deklaracji: Q79750->P197 typu external-id.
SKIP: element: 'Q79750' (Kingdom of Poland (1815-1836)) już posiada deklarację: 'P197' o wartości: http://purl.org/ontohgis#administrative_system_43.
ITEM: The Kingdom of Poland (1370-1568), STATEMENT: purl identifier, VALUE: http://purl.org/ontohgis#administrative_system_44
Pominięto referencję globalną dla deklaracji: Q79751->P197 typu external-id.
SKIP: element: 'Q79751' (The Kingdom of Poland (1370-1568)) już posiada deklarację: 'P197' o wartości: http://purl.org/ontohgis#administrative_system_44.
ITEM: The Duchy of Prussia (1525-1701), STATEMENT: purl identifier, VALUE: http://purl.org/ontohgis#administrative_system_45
Pominięto referencję globalną dla deklaracji: Q79752->P197 typu external-id.
SKIP: element: 'Q79752' (The Duchy of Prussia (1525-1701)) już posiada deklarację: 'P197' o wartości: http://purl.org/ontohgis#administrative_system_45.
ITEM: Armenian Catholic Church, STATEMENT: purl identifier, VALUE: http://purl.org/ontohgis#administrative_system_46
Pominięto referencję globalną dla deklaracji: Q79753->P197 typu external-id.
SKIP: element: 'Q79753' (Armenian Catholic Church) już posiada deklarację: 'P197' o wartości: http://purl.org/ontohgis#administrative_system_46.
ITEM: Congress Poland (1867-1918), STATEMENT: purl identifier, VALUE: http://purl.org/ontohgis#administrative_system_47
Pominięto referencję globalną dla deklaracji: Q79754->P197 typu external-id.
SKIP: element: 'Q79754' (Congress Poland (1867-1918)) już posiada deklarację: 'P197' o wartości: http://purl.org/ontohgis#administrative_system_47.
ITEM: Slovak Republic (1996-2020), STATEMENT: purl identifier, VALUE: http://purl.org/ontohgis#administrative_system_48
Pominięto referencję globalną dla deklaracji: Q79755->P197 typu external-id.
SKIP: element: 'Q79755' (Slovak Republic (1996-2020)) już posiada deklarację: 'P197' o wartości: http://purl.org/ontohgis#administrative_system_48.
